<?xml version="1.0" encoding="UTF-8"?>
<testsuites>
  <testsuite name="draggable_buckets" timestamp="2025-08-19T23:34:47Z" hostname="4f8cdc2b9b53" tests="3" skipped="3" failures="0" errors="0" time="0.106">
    <testcase time="0.013" classname="draggable_buckets" name="e2e_teal.widgets_draggable_buckets_initializes_without_input">
      <skipped message="Reason: testing depth 3 is below current testing specification 5 ('test-draggable_buckets.R:19:5')"/>
    </testcase>
    <testcase time="0.0650000000000001" classname="draggable_buckets" name="e2e_teal.widgets_draggable_buckets_initializes_with_default_inputs">
      <skipped message="Reason: testing depth 3 is below current testing specification 5 ('test-draggable_buckets.R:42:5')"/>
    </testcase>
    <testcase time="0.0279999999999999" classname="draggable_buckets" name="e2e_teal.widgets_draggable_buckets_moving_elements_between_buckets_updates_input">
      <skipped message="Reason: testing depth 3 is below current testing specification 5 ('test-draggable_buckets.R:68:5')"/>
    </testcase>
  </testsuite>
  <testsuite name="get_dt_rows_ui" timestamp="2025-08-19T23:34:47Z" hostname="4f8cdc2b9b53" tests="1" skipped="1" failures="0" errors="0" time="0.021">
    <testcase time="0.021" classname="get_dt_rows_ui" name="e2e_teal.widgets_get_dt_rows_rows_are_settable_and_visible">
      <skipped message="Reason: testing depth 3 is below current testing specification 5 ('test-get_dt_rows_ui.R:48:5')"/>
    </testcase>
  </testsuite>
  <testsuite name="ggplot2_args" timestamp="2025-08-19T23:34:47Z" hostname="4f8cdc2b9b53" tests="33" skipped="0" failures="0" errors="0" time="0.473">
    <testcase time="0.268" classname="ggplot2_args" name="ggplot2_args_no_error_with_empty_inputs"/>
    <testcase time="0.002" classname="ggplot2_args" name="ggplot2_args_no_error_with_empty_inputs"/>
    <testcase time="0.001" classname="ggplot2_args" name="ggplot2_args_no_error_with_empty_inputs"/>
    <testcase time="0.005" classname="ggplot2_args" name="ggplot2_args_no_error_with_empty_inputs"/>
    <testcase time="0.001" classname="ggplot2_args" name="ggplot2_args_no_error_with_empty_inputs"/>
    <testcase time="0.001" classname="ggplot2_args" name="ggplot2_args_no_error_with_empty_inputs"/>
    <testcase time="0.00600000000000001" classname="ggplot2_args" name="ggplot2_args_function_returns_object_of_ggplot2_args_and_list_classes"/>
    <testcase time="0.003" classname="ggplot2_args" name="ggplot2_args_accepts_named_lists_for_arguments_labs_and_theme"/>
    <testcase time="0.00900000000000001" classname="ggplot2_args" name="ggplot2_args_throws_error_when_argument_name_is_not_valid."/>
    <testcase time="0.005" classname="ggplot2_args" name="ggplot2_args_throws_error_when_argument_name_is_not_valid."/>
    <testcase time="0.028" classname="ggplot2_args" name="resolve_ggplot2_args_accepts_empty_inputs"/>
    <testcase time="0.005" classname="ggplot2_args" name="resolve_ggplot2_args_support_NULL_inputs"/>
    <testcase time="0.00600000000000001" classname="ggplot2_args" name="resolve_ggplot2_args_throws_error_with_empty_list"/>
    <testcase time="0.00600000000000001" classname="ggplot2_args" name="resolve_ggplot2_args_function_returns_object_of_ggplot2_args_and_list_classes"/>
    <testcase time="0.003" classname="ggplot2_args" name="parse_ggplot2_args_accepts_empty_inputs"/>
    <testcase time="0.002" classname="ggplot2_args" name="parse_ggplot2_args_accepts_empty_inputs"/>
    <testcase time="0.0649999999999999" classname="ggplot2_args" name="parse_ggplot2_args_throws_error_with_empty_list"/>
    <testcase time="0.004" classname="ggplot2_args" name="parse_ggplot2_args_accepts_an_empty_ggplot2_args_as_minimum_requirement."/>
    <testcase time="0.004" classname="ggplot2_args" name="resolve_ggplot2_args_uses_input_from_only_end_user_provided_ggplot2_args_source"/>
    <testcase time="0.002" classname="ggplot2_args" name="resolve_ggplot2_args_uses_input_from_only_end_user_provided_ggplot2_args_source"/>
    <testcase time="0.00099999999999989" classname="ggplot2_args" name="resolve_ggplot2_args_uses_input_from_only_end_user_provided_ggplot2_args_source"/>
    <testcase time="0.004" classname="ggplot2_args" name="parse_ggplot2_args_when_resolve_ggplot2_args_uses_input_from_only_end_user_provided_ggplot2_args_source"/>
    <testcase time="0.002" classname="ggplot2_args" name="parse_ggplot2_args_when_resolve_ggplot2_args_uses_input_from_only_end_user_provided_ggplot2_args_source"/>
    <testcase time="0.00300000000000011" classname="ggplot2_args" name="resolve_ggplot2_args_prioritizes_user_plot_input_over_user_default_input."/>
    <testcase time="0.004" classname="ggplot2_args" name="parse_ggplot2_args_when_resolve_ggplot2_args_prioritizes_user_plot_input_over_user_default_input."/>
    <testcase time="0.004" classname="ggplot2_args" name="resolve_ggplot2_args_refers_to_global_teal.ggplot2_args_options_with_empty_input"/>
    <testcase time="0.004" classname="ggplot2_args" name="parse_ggplot2_args_when_resolve_ggplot2_args_refers_to_global_teal.ggplot2_args_options_with_empty_input"/>
    <testcase time="0.0069999999999999" classname="ggplot2_args" name="parse_ggplot2_args_deparse_needed_to_expand_ggplot2_objects_like_element_blank"/>
    <testcase time="0.004" classname="ggplot2_args" name="parse_ggplot2_args_deparse_needed_to_expand_ggplot2_objects_like_element_blank"/>
    <testcase time="0.00500000000000012" classname="ggplot2_args" name="resolve_ggplot2_args_priorotizes_input_in_the_order_user_plot_user_default_teal.ggplot2_args_and_module_plot"/>
    <testcase time="0.00499999999999989" classname="ggplot2_args" name="parse_ggplot2_args_when_resolve_ggplot2_args_priorotizes_input_in_the_order_user_plot_user_default_teal.ggplot2_args_and_module_plot"/>
    <testcase time="0.002" classname="ggplot2_args" name="parse_ggplot2_args_when_resolve_ggplot2_args_priorotizes_input_in_the_order_user_plot_user_default_teal.ggplot2_args_and_module_plot"/>
    <testcase time="0.002" classname="ggplot2_args" name="parse_ggplot2_args_when_resolve_ggplot2_args_priorotizes_input_in_the_order_user_plot_user_default_teal.ggplot2_args_and_module_plot"/>
  </testsuite>
  <testsuite name="optionalInput" timestamp="2025-08-19T23:34:48Z" hostname="4f8cdc2b9b53" tests="7" skipped="0" failures="0" errors="0" time="0.086">
    <testcase time="0.0530000000000002" classname="optionalInput" name="optionalSliderInput_single_value"/>
    <testcase time="0.0089999999999999" classname="optionalInput" name="optionalSliderInput_single_value_out_of_range"/>
    <testcase time="0.00500000000000012" classname="optionalInput" name="optionalSliderInput_double_value"/>
    <testcase time="0.00799999999999979" classname="optionalInput" name="optionalSliderInput_double_value_out_of_range"/>
    <testcase time="0.00600000000000001" classname="optionalInput" name="optionalSliderInput_min_max_NA"/>
    <testcase time="0.00300000000000011" classname="optionalInput" name="optionalSliderInput_min_max_NA"/>
    <testcase time="0.002" classname="optionalInput" name="optionalSliderInput_min_max_NA"/>
  </testsuite>
  <testsuite name="optionalSelectInput_ui" timestamp="2025-08-19T23:34:48Z" hostname="4f8cdc2b9b53" tests="1" skipped="1" failures="0" errors="0" time="0.011">
    <testcase time="0.0109999999999999" classname="optionalSelectInput_ui" name="e2e_teal.widgets_optionalSelectInput_initializes">
      <skipped message="Reason: testing depth 3 is below current testing specification 5 ('test-optionalSelectInput_ui.R:95:5')"/>
    </testcase>
  </testsuite>
  <testsuite name="optionalSliderInputValMinMax_ui" timestamp="2025-08-19T23:34:48Z" hostname="4f8cdc2b9b53" tests="1" skipped="1" failures="0" errors="0" time="0.014">
    <testcase time="0.014" classname="optionalSliderInputValMinMax_ui" name="e2e_teal.widgets_optionalSliderInputValMinMax_initializes">
      <skipped message="Reason: testing depth 3 is below current testing specification 5 ('test-optionalSliderInputValMinMax_ui.R:16:5')"/>
    </testcase>
  </testsuite>
  <testsuite name="plot_with_settings" timestamp="2025-08-19T23:34:48Z" hostname="4f8cdc2b9b53" tests="64" skipped="0" failures="0" errors="0" time="2.537">
    <testcase time="0.016" classname="plot_with_settings" name="if_teal.plot_dpi_is_not_set_then_get_plot_dpi_returns_72_"/>
    <testcase time="0.004" classname="plot_with_settings" name="if_teal.plot_dpi_is_an_integer_value_at_least_24_then_get_plot_dpi_returns_its_value"/>
    <testcase time="0.00100000000000011" classname="plot_with_settings" name="if_teal.plot_dpi_is_an_integer_value_at_least_24_then_get_plot_dpi_returns_its_value"/>
    <testcase time="0.00099999999999989" classname="plot_with_settings" name="if_teal.plot_dpi_is_an_integer_value_at_least_24_then_get_plot_dpi_returns_its_value"/>
    <testcase time="0.002" classname="plot_with_settings" name="if_teal.plot_dpi_is_an_integer_value_at_least_24_then_get_plot_dpi_returns_its_value"/>
    <testcase time="0.004" classname="plot_with_settings" name="if_teal.plot_dpi_is_an_integer_value_less_24_then_get_plot_dpi_returns_72"/>
    <testcase time="0.00100000000000011" classname="plot_with_settings" name="if_teal.plot_dpi_is_an_integer_value_less_24_then_get_plot_dpi_returns_72"/>
    <testcase time="0.002" classname="plot_with_settings" name="if_teal.plot_dpi_is_an_integer_value_less_24_then_get_plot_dpi_returns_72"/>
    <testcase time="0.00099999999999989" classname="plot_with_settings" name="if_teal.plot_dpi_is_an_integer_value_less_24_then_get_plot_dpi_returns_72"/>
    <testcase time="0.004" classname="plot_with_settings" name="if_teal.plot_dpi_is_not_an_integer_value_then_get_plot_dpi_returns_72"/>
    <testcase time="0.00100000000000011" classname="plot_with_settings" name="if_teal.plot_dpi_is_not_an_integer_value_then_get_plot_dpi_returns_72"/>
    <testcase time="0.00099999999999989" classname="plot_with_settings" name="if_teal.plot_dpi_is_not_an_integer_value_then_get_plot_dpi_returns_72"/>
    <testcase time="0.002" classname="plot_with_settings" name="if_teal.plot_dpi_is_not_an_integer_value_then_get_plot_dpi_returns_72"/>
    <testcase time="0.194" classname="plot_with_settings" name="print_plot_is_able_to_plot_different_types_of_graphics"/>
    <testcase time="0.0370000000000001" classname="plot_with_settings" name="print_plot_is_able_to_plot_different_types_of_graphics"/>
    <testcase time="0.0640000000000001" classname="plot_with_settings" name="print_plot_is_able_to_plot_different_types_of_graphics"/>
    <testcase time="0.004" classname="plot_with_settings" name="print_plot_is_able_to_plot_different_types_of_graphics"/>
    <testcase time="0.00499999999999989" classname="plot_with_settings" name="print_plot_is_able_to_plot_different_types_of_graphics"/>
    <testcase time="0.004" classname="plot_with_settings" name="print_plot_is_able_to_plot_different_types_of_graphics"/>
    <testcase time="0.00600000000000001" classname="plot_with_settings" name="clean_brushedPoints_returns_error_with_wrong_input"/>
    <testcase time="0.00499999999999989" classname="plot_with_settings" name="clean_brushedPoints_returns_error_with_wrong_input"/>
    <testcase time="0.004" classname="plot_with_settings" name="clean_brushedPoints_returns_error_with_wrong_input"/>
    <testcase time="0.004" classname="plot_with_settings" name="clean_brushedPoints_returns_a_data_frame_with_minimal_correct_input"/>
    <testcase time="0.004" classname="plot_with_settings" name="clean_brushedPoints_removal_of_NA_points"/>
    <testcase time="0.002" classname="plot_with_settings" name="clean_brushedPoints_removal_of_NA_points"/>
    <testcase time="0.002" classname="plot_with_settings" name="clean_brushedPoints_removal_of_NA_points"/>
    <testcase time="0.142" classname="plot_with_settings" name="type_download_srv_download_all_types_of_files_with_default_name"/>
    <testcase time="0.00600000000000001" classname="plot_with_settings" name="type_download_srv_download_all_types_of_files_with_default_name"/>
    <testcase time="0.012" classname="plot_with_settings" name="type_download_srv_download_all_types_of_files_with_default_name"/>
    <testcase time="0.004" classname="plot_with_settings" name="type_download_srv_download_all_types_of_files_with_default_name"/>
    <testcase time="0.01" classname="plot_with_settings" name="type_download_srv_download_all_types_of_files_with_default_name"/>
    <testcase time="0.004" classname="plot_with_settings" name="type_download_srv_download_all_types_of_files_with_default_name"/>
    <testcase time="0.026" classname="plot_with_settings" name="type_download_srv_download_all_types_of_files_and_change_the_name"/>
    <testcase time="0.00600000000000001" classname="plot_with_settings" name="type_download_srv_download_all_types_of_files_and_change_the_name"/>
    <testcase time="0.0089999999999999" classname="plot_with_settings" name="type_download_srv_download_all_types_of_files_and_change_the_name"/>
    <testcase time="0.004" classname="plot_with_settings" name="type_download_srv_download_all_types_of_files_and_change_the_name"/>
    <testcase time="0.01" classname="plot_with_settings" name="type_download_srv_download_all_types_of_files_and_change_the_name"/>
    <testcase time="0.00499999999999989" classname="plot_with_settings" name="type_download_srv_download_all_types_of_files_and_change_the_name"/>
    <testcase time="0.032" classname="plot_with_settings" name="type_download_srv_downloads_a_png_file_with_different_dimensions"/>
    <testcase time="0.0270000000000001" classname="plot_with_settings" name="type_download_srv_downloads_a_png_file_using_default_dimensions_input_dimensions_are_NULL"/>
    <testcase time="0.016" classname="plot_with_settings" name="plot_with_settings_srv_assert_error"/>
    <testcase time="0.0169999999999999" classname="plot_with_settings" name="plot_with_settings_srv_assert_error"/>
    <testcase time="0.0110000000000001" classname="plot_with_settings" name="plot_with_settings_srv_assert_error"/>
    <testcase time="0.0139999999999998" classname="plot_with_settings" name="plot_with_settings_srv_assert_error"/>
    <testcase time="0.0130000000000001" classname="plot_with_settings" name="plot_with_settings_srv_assert_error"/>
    <testcase time="0.012" classname="plot_with_settings" name="plot_with_settings_srv_assert_error"/>
    <testcase time="0.0169999999999999" classname="plot_with_settings" name="plot_with_settings_srv_assert_error"/>
    <testcase time="0.012" classname="plot_with_settings" name="plot_with_settings_srv_assert_error"/>
    <testcase time="0.012" classname="plot_with_settings" name="plot_with_settings_srv_assert_error"/>
    <testcase time="0.205" classname="plot_with_settings" name="plot_with_settings_srv_set_dimensions_and_download_a_png_file_base"/>
    <testcase time="0.0129999999999999" classname="plot_with_settings" name="plot_with_settings_srv_set_dimensions_and_download_a_png_file_base"/>
    <testcase time="0.249" classname="plot_with_settings" name="plot_with_settings_srv_set_dimensions_and_download_a_png_file_ggplot2"/>
    <testcase time="0.11" classname="plot_with_settings" name="plot_with_settings_srv_set_dimensions_and_download_a_png_file_ggplot2"/>
    <testcase time="0.496" classname="plot_with_settings" name="plot_with_settings_srv_set_dimensions_and_download_a_png_file_grob"/>
    <testcase time="0.085" classname="plot_with_settings" name="plot_with_settings_srv_set_dimensions_and_download_a_png_file_grob"/>
    <testcase time="0.155" classname="plot_with_settings" name="plot_with_settings_srv_set_dimensions_and_download_a_png_file_trellis"/>
    <testcase time="0.0289999999999999" classname="plot_with_settings" name="plot_with_settings_srv_set_dimensions_and_download_a_png_file_trellis"/>
    <testcase time="0.104" classname="plot_with_settings" name="plot_with_settings_srv_set_dimensions_and_download_a_png_file_WRONG_type"/>
    <testcase time="0.00999999999999979" classname="plot_with_settings" name="plot_with_settings_srv_set_dimensions_and_download_a_png_file_WRONG_type"/>
    <testcase time="0.136" classname="plot_with_settings" name="plot_with_settings_srv_expand_no_error"/>
    <testcase time="0.142" classname="plot_with_settings" name="plot_with_settings_srv_returns_the_click_ggplot2_functionalities_metadata"/>
    <testcase time="0.00300000000000011" classname="plot_with_settings" name="plot_with_settings_srv_returns_the_click_ggplot2_functionalities_metadata"/>
    <testcase time="0.00199999999999978" classname="plot_with_settings" name="plot_with_settings_srv_returns_the_click_ggplot2_functionalities_metadata"/>
    <testcase time="0.00200000000000022" classname="plot_with_settings" name="plot_with_settings_srv_returns_the_click_ggplot2_functionalities_metadata"/>
  </testsuite>
  <testsuite name="plot_with_settings_ui" timestamp="2025-08-19T23:34:50Z" hostname="4f8cdc2b9b53" tests="13" skipped="11" failures="0" errors="0" time="0.159">
    <testcase time="0.0129999999999999" classname="plot_with_settings_ui" name="type_download_ui_returns_shiny.tag_"/>
    <testcase time="0.0130000000000003" classname="plot_with_settings_ui" name="plot_with_settings_ui_returns_shiny.tag_"/>
    <testcase time="0.00299999999999967" classname="plot_with_settings_ui" name="e2e_teal.widgets_plot_with_settings_initializes_with_a_plot_and_the_settings_buttons">
      <skipped message="Reason: testing depth 3 is below current testing specification 5 ('test-plot_with_settings_ui.R:109:5')"/>
    </testcase>
    <testcase time="0.012" classname="plot_with_settings_ui" name="e2e_teal.widgets_plot_with_settings_buttons_have_proper_FA_icons_and_two_of_them_are_dropdowns">
      <skipped message="Reason: testing depth 3 is below current testing specification 5 ('test-plot_with_settings_ui.R:130:5')"/>
    </testcase>
    <testcase time="0.012" classname="plot_with_settings_ui" name="e2e_teal.widgets_plot_with_settings_the_click_on_the_expand_button_opens_an_overlay_plot_height_plot_width_plot_download_dropdown_and_dismiss_button">
      <skipped message="Reason: testing depth 3 is below current testing specification 5 ('test-plot_with_settings_ui.R:191:5')"/>
    </testcase>
    <testcase time="0.012" classname="plot_with_settings_ui" name="e2e_teal.widgets_plot_with_settings_the_click_on_the_download_button_in_expand_modal_opens_a_download_dropdown">
      <skipped message="Reason: testing depth 3 is below current testing specification 5 ('test-plot_with_settings_ui.R:231:5')"/>
    </testcase>
    <testcase time="0.024" classname="plot_with_settings_ui" name="e2e_teal.widgets_plot_with_settings_the_click_on_the_resize_button_opens_a_dropdown_menu_plot_height_plot_width_plot_download_dropdown_and_dismiss_button">
      <skipped message="Reason: testing depth 3 is below current testing specification 5 ('test-plot_with_settings_ui.R:269:5')"/>
    </testcase>
    <testcase time="0.0110000000000001" classname="plot_with_settings_ui" name="e2e_teal.widgets_plot_with_settings_it_is_possible_to_set_height_and_width_for_the_plot_on_the_third_button_dropdown_menu_without_errors">
      <skipped message="Reason: testing depth 3 is below current testing specification 5 ('test-plot_with_settings_ui.R:314:5')"/>
    </testcase>
    <testcase time="0.012" classname="plot_with_settings_ui" name="e2e_teal.widgets_plot_with_settings_clicking_download_download_button_downloads_image_in_a_specified_format">
      <skipped message="Reason: testing depth 3 is below current testing specification 5 ('test-plot_with_settings_ui.R:336:5')"/>
    </testcase>
    <testcase time="0.012" classname="plot_with_settings_ui" name="e2e_teal.widgets_plot_with_settings_expanded_image_can_be_resized">
      <skipped message="Reason: testing depth 3 is below current testing specification 5 ('test-plot_with_settings_ui.R:355:3')"/>
    </testcase>
    <testcase time="0.0110000000000001" classname="plot_with_settings_ui" name="e2e_teal.widgets_plot_with_settings_expanded_image_can_be_downloaded">
      <skipped message="Reason: testing depth 3 is below current testing specification 5 ('test-plot_with_settings_ui.R:408:3')"/>
    </testcase>
    <testcase time="0.012" classname="plot_with_settings_ui" name="e2e_teal.widgets_plot_with_settings_main_image_can_be_resized">
      <skipped message="Reason: testing depth 3 is below current testing specification 5 ('test-plot_with_settings_ui.R:429:3')"/>
    </testcase>
    <testcase time="0.012" classname="plot_with_settings_ui" name="e2e_teal.widgets_plot_with_settings_scrollbar_appears_when_image_is_resized">
      <skipped message="Reason: testing depth 3 is below current testing specification 5 ('test-plot_with_settings_ui.R:473:3')"/>
    </testcase>
  </testsuite>
  <testsuite name="standard_layout" timestamp="2025-08-19T23:34:51Z" hostname="4f8cdc2b9b53" tests="6" skipped="0" failures="0" errors="0" time="0.075">
    <testcase time="0.048" classname="standard_layout" name="Input_validation"/>
    <testcase time="0.00499999999999989" classname="standard_layout" name="Input_validation"/>
    <testcase time="0.00800000000000001" classname="standard_layout" name="Input_validation"/>
    <testcase time="0.00499999999999989" classname="standard_layout" name="Input_validation"/>
    <testcase time="0.004" classname="standard_layout" name="Input_validation"/>
    <testcase time="0.00499999999999989" classname="standard_layout" name="Input_validation"/>
  </testsuite>
  <testsuite name="table_args" timestamp="2025-08-19T23:34:51Z" hostname="4f8cdc2b9b53" tests="30" skipped="0" failures="0" errors="0" time="0.358">
    <testcase time="0.243" classname="table_args" name="basic_table_args_returns_empty_basic_table_args_with_empty_inputs"/>
    <testcase time="0.00200000000000067" classname="table_args" name="basic_table_args_returns_empty_basic_table_args_with_empty_inputs"/>
    <testcase time="0.00499999999999989" classname="table_args" name="basic_table_args_function_returns_list_of_the_basic_table_args_class"/>
    <testcase time="0.00300000000000011" classname="table_args" name="basic_table_args_rtables_arguments_validation_correct_input"/>
    <testcase time="0.0149999999999997" classname="table_args" name="basic_table_args_rtables_arguments_validation_incorrect_input"/>
    <testcase time="0.00300000000000011" classname="table_args" name="resolve_basic_table_args_returns_empty_basic_table_args_with_empty_input"/>
    <testcase time="0.00699999999999967" classname="table_args" name="resolve_basic_table_args_error_with_empty_list_as_need_a_basic_table_args_class"/>
    <testcase time="0.00300000000000011" classname="table_args" name="resolve_basic_table_args_need_a_basic_table_args_class_or_NULL_for_each_of_its_arguments"/>
    <testcase time="0.00199999999999978" classname="table_args" name="resolve_basic_table_args_need_a_basic_table_args_class_or_NULL_for_each_of_its_arguments"/>
    <testcase time="0.00300000000000011" classname="table_args" name="resolve_basic_table_args_returns_empty_basic_table_args_with_any_list_input_in_basic_table_args"/>
    <testcase time="0.00199999999999978" classname="table_args" name="resolve_basic_table_args_returns_empty_basic_table_args_with_any_list_input_in_basic_table_args"/>
    <testcase time="0.00800000000000001" classname="table_args" name="resolve_basic_table_args_error_with_any_list_or_NULL_input_in_its_arguments_when_it_is_not_only_one"/>
    <testcase time="0.00600000000000023" classname="table_args" name="resolve_basic_table_args_error_with_any_list_or_NULL_input_in_its_arguments_when_it_is_not_only_one"/>
    <testcase time="0.00499999999999989" classname="table_args" name="resolve_basic_table_args_error_with_any_list_or_NULL_input_in_its_arguments_when_it_is_not_only_one"/>
    <testcase time="0.00400000000000045" classname="table_args" name="resolve_basic_table_args_support_NULL_inputs"/>
    <testcase time="0.00499999999999989" classname="table_args" name="resolve_basic_table_args_returns_object_of_basic_table_args_and_list_classes"/>
    <testcase time="0.00300000000000011" classname="table_args" name="resolve_basic_table_args_returns_object_of_basic_table_args_and_list_classes"/>
    <testcase time="0.00599999999999934" classname="table_args" name="parse_basic_table_args_throws_error_with_empty_list"/>
    <testcase time="0.00300000000000011" classname="table_args" name="parse_basic_table_args_returns_language_object_of_empty_rtables_basic_table_call"/>
    <testcase time="0.00200000000000067" classname="table_args" name="parse_basic_table_args_returns_language_object_of_empty_rtables_basic_table_call"/>
    <testcase time="0.000999999999999446" classname="table_args" name="parse_basic_table_args_returns_language_object_of_empty_rtables_basic_table_call"/>
    <testcase time="0.00400000000000045" classname="table_args" name="resolve_basic_table_args_uses_input_from_only_end_user_provided_basic_table_args_source"/>
    <testcase time="0.00199999999999978" classname="table_args" name="resolve_basic_table_args_uses_input_from_only_end_user_provided_basic_table_args_source"/>
    <testcase time="0.00100000000000033" classname="table_args" name="resolve_basic_table_args_uses_input_from_only_end_user_provided_basic_table_args_source"/>
    <testcase time="0.00399999999999956" classname="table_args" name="parse_basic_table_args_when_resolve_basic_table_args_uses_inputfrom_only_end_user_provided_basic_table_args_source"/>
    <testcase time="0.00100000000000033" classname="table_args" name="parse_basic_table_args_when_resolve_basic_table_args_uses_inputfrom_only_end_user_provided_basic_table_args_source"/>
    <testcase time="0.00399999999999956" classname="table_args" name="resolve_basic_table_args_refers_to_global_teal.basic_table_args_options_with_empty_input"/>
    <testcase time="0.00300000000000011" classname="table_args" name="parse_basic_table_args_when_resolve_basic_table_args_refers_to_global_teal.basic_table_argsoptions_with_empty_input"/>
    <testcase time="0.00400000000000045" classname="table_args" name="resolve_basic_table_args_prioritizes_input_in_the_order_user_table_user_default_teal.basic_table_args_and_module_plot"/>
    <testcase time="0.00399999999999956" classname="table_args" name="parse_basic_table_args_when_resolve_basic_table_args_prioritizes_input_in_the_order_user_table_user_default_teal.basic_table_args_and_module_plot"/>
  </testsuite>
  <testsuite name="table_with_settings" timestamp="2025-08-19T23:34:51Z" hostname="4f8cdc2b9b53" tests="28" skipped="0" failures="0" errors="0" time="2.614">
    <testcase time="0.0170000000000003" classname="table_with_settings" name="table_with_settings_srv_assertions"/>
    <testcase time="0.0169999999999995" classname="table_with_settings" name="table_with_settings_srv_assertions"/>
    <testcase time="0.246" classname="table_with_settings" name="table_with_settings_srv_hiding_works"/>
    <testcase time="0.109999999999999" classname="table_with_settings" name="table_with_settings_srv_return_html_table"/>
    <testcase time="0.00400000000000045" classname="table_with_settings" name="table_with_settings_srv_return_html_table"/>
    <testcase time="0.108" classname="table_with_settings" name="table_with_settings_srv_expand_works"/>
    <testcase time="0.0830000000000002" classname="table_with_settings" name="type_download_srv_table_downloading_different_output_types_custom_name"/>
    <testcase time="0.102" classname="table_with_settings" name="type_download_srv_table_downloading_different_output_types_custom_name"/>
    <testcase time="0.0529999999999999" classname="table_with_settings" name="type_download_srv_table_downloading_different_output_types_custom_name"/>
    <testcase time="0.0249999999999995" classname="table_with_settings" name="type_download_srv_table_downloading_different_output_types_custom_name"/>
    <testcase time="0.048" classname="table_with_settings" name="type_download_srv_table_downloading_different_output_types_custom_name"/>
    <testcase time="0.0390000000000006" classname="table_with_settings" name="type_download_srv_table_downloading_different_output_types_custom_name"/>
    <testcase time="0.0759999999999996" classname="table_with_settings" name="type_download_srv_table_downloading_different_output_types_no_name"/>
    <testcase time="0.0330000000000004" classname="table_with_settings" name="type_download_srv_table_downloading_different_output_types_no_name"/>
    <testcase time="0.0489999999999995" classname="table_with_settings" name="type_download_srv_table_downloading_different_output_types_no_name"/>
    <testcase time="0.0250000000000004" classname="table_with_settings" name="type_download_srv_table_downloading_different_output_types_no_name"/>
    <testcase time="0.0460000000000003" classname="table_with_settings" name="type_download_srv_table_downloading_different_output_types_no_name"/>
    <testcase time="0.0379999999999994" classname="table_with_settings" name="type_download_srv_table_downloading_different_output_types_no_name"/>
    <testcase time="0.189" classname="table_with_settings" name="type_download_srv_table_downloading_different_output_types_pagination"/>
    <testcase time="0.0880000000000001" classname="table_with_settings" name="type_download_srv_table_downloading_different_output_types_pagination"/>
    <testcase time="0.165" classname="table_with_settings" name="type_download_srv_table_downloading_different_output_types_pagination"/>
    <testcase time="0.0629999999999997" classname="table_with_settings" name="type_download_srv_table_downloading_different_output_types_pagination"/>
    <testcase time="0.162000000000001" classname="table_with_settings" name="type_download_srv_table_downloading_different_output_types_pagination"/>
    <testcase time="0.093" classname="table_with_settings" name="type_download_srv_table_downloading_different_output_types_pagination"/>
    <testcase time="0.181" classname="table_with_settings" name="type_download_srv_table_pagination_lpp_to_small"/>
    <testcase time="0.287" classname="table_with_settings" name="type_download_srv_table_pagination_lpp_to_small"/>
    <testcase time="0.0709999999999997" classname="table_with_settings" name="type_download_srv_table_content_of_the_table_csv"/>
    <testcase time="0.196" classname="table_with_settings" name="type_download_srv_table_content_of_the_table_txt"/>
  </testsuite>
  <testsuite name="table_with_settings_ui" timestamp="2025-08-19T23:34:54Z" hostname="4f8cdc2b9b53" tests="9" skipped="8" failures="0" errors="0" time="0.168">
    <testcase time="0.0339999999999998" classname="table_with_settings_ui" name="table_with_settings_ui_returns_shiny.tag_"/>
    <testcase time="0.00400000000000045" classname="table_with_settings_ui" name="e2e_teal.widgets_table_with_settings_is_initialized_with_2_buttons_and_a_table">
      <skipped message="Reason: testing depth 3 is below current testing specification 5 ('test-table_with_settings_ui.R:71:5')"/>
    </testcase>
    <testcase time="0.0449999999999999" classname="table_with_settings_ui" name="e2e_teal.widgets_table_with_settings_the_click_on_the_download_button_opens_a_download_menu_with_file_type_file_name_and_download_button">
      <skipped message="Reason: testing depth 3 is below current testing specification 5 ('test-table_with_settings_ui.R:93:5')"/>
    </testcase>
    <testcase time="0.0129999999999999" classname="table_with_settings_ui" name="e2e_teal.widgets_table_with_settings_check_pagination_appearance_for_.txt_and_disappearance_for_.csv_for_the_first_button">
      <skipped message="Reason: testing depth 3 is below current testing specification 5 ('test-table_with_settings_ui.R:157:5')"/>
    </testcase>
    <testcase time="0.0190000000000001" classname="table_with_settings_ui" name="e2e_teal.widgets_table_with_settings_the_click_on_expand_button_opens_a_modal_with_a_table">
      <skipped message="Reason: testing depth 3 is below current testing specification 5 ('test-table_with_settings_ui.R:184:5')"/>
    </testcase>
    <testcase time="0.0149999999999997" classname="table_with_settings_ui" name="e2e_teal.widgets_table_with_settings_clicking_download_in_an_expand_modal_opens_dropdown_menu_with_dwnl_settings_such_as_file_type_file_name_pagination">
      <skipped message="Reason: testing depth 3 is below current testing specification 5 ('test-table_with_settings_ui.R:220:5')"/>
    </testcase>
    <testcase time="0.0129999999999999" classname="table_with_settings_ui" name="e2e_teal.widgets_table_with_settings_check_pagination_appearance_for_.txt_and_disappearance_for_.csv_for_the_modal_on_the_second_button">
      <skipped message="Reason: testing depth 3 is below current testing specification 5 ('test-table_with_settings_ui.R:286:5')"/>
    </testcase>
    <testcase time="0.0130000000000008" classname="table_with_settings_ui" name="e2e_teal.widgets_table_with_settings_clicking_download_download_button_downloads_table_in_a_specified_format">
      <skipped message="Reason: testing depth 3 is below current testing specification 5 ('test-table_with_settings_ui.R:310:5')"/>
    </testcase>
    <testcase time="0.0119999999999996" classname="table_with_settings_ui" name="e2e_teal.widgets_table_with_settings_expanded_table_can_be_downloaded">
      <skipped message="Reason: testing depth 3 is below current testing specification 5 ('test-table_with_settings_ui.R:333:3')"/>
    </testcase>
  </testsuite>
  <testsuite name="utils" timestamp="2025-08-19T23:34:54Z" hostname="4f8cdc2b9b53" tests="4" skipped="0" failures="0" errors="0" time="0.034">
    <testcase time="0.0190000000000001" classname="utils" name="apply_plot_modifications_Modify_ggplot_object_with_dblclicking_enabled"/>
    <testcase time="0.00499999999999989" classname="utils" name="apply_plot_modifications_Modify_ggplot_object_with_dblclicking_disabled"/>
    <testcase time="0.00600000000000023" classname="utils" name="apply_plot_modifications_Modify_grob_object"/>
    <testcase time="0.00399999999999956" classname="utils" name="apply_plot_modifications_Do_not_modify_plot_object"/>
  </testsuite>
  <testsuite name="verbatim_popup" timestamp="2025-08-19T23:34:54Z" hostname="4f8cdc2b9b53" tests="16" skipped="0" failures="0" errors="0" time="0.306">
    <testcase time="0.0140000000000002" classname="verbatim_popup" name="format_content_returns_a_shiny_reactive_when_passed_a_string"/>
    <testcase time="0.00600000000000023" classname="verbatim_popup" name="format_content_returns_a_shiny_reactive_when_passed_an_expression"/>
    <testcase time="0.00600000000000023" classname="verbatim_popup" name="format_content_returns_a_shiny_reactive_when_passed_a_reactive"/>
    <testcase time="0.00599999999999934" classname="verbatim_popup" name="format_content_returns_a_reactive_when_passed_a_condition"/>
    <testcase time="0.00600000000000023" classname="verbatim_popup" name="format_content_returns_a_reactive_when_passed_a_reactive_holding_a_condition"/>
    <testcase time="0.00399999999999956" classname="verbatim_popup" name="format_content_concatenates_the_passed_array_of_strings"/>
    <testcase time="0.00400000000000045" classname="verbatim_popup" name="format_content_concatenates_the_passed_array_of_expressions"/>
    <testcase time="0.00499999999999989" classname="verbatim_popup" name="format_content_concatenates_the_passed_array_of_string_inside_a_reactive"/>
    <testcase time="0.165999999999999" classname="verbatim_popup" name="format_content_returns_a_reactive_storing_a_styled_string_when_passed_an_expression_character_or_reactive_when_style_TRUE"/>
    <testcase time="0.04" classname="verbatim_popup" name="format_content_returns_a_reactive_storing_a_styled_string_when_passed_an_expression_character_or_reactive_when_style_TRUE"/>
    <testcase time="0.00800000000000001" classname="verbatim_popup" name="format_content_returns_a_reactive_storing_a_styled_string_when_passed_an_expression_character_or_reactive_when_style_TRUE"/>
    <testcase time="0.00699999999999967" classname="verbatim_popup" name="button_click_observer_returns_an_observer"/>
    <testcase time="0.00700000000000056" classname="verbatim_popup" name="verbatim_popup_ui_returns_a_tag_list"/>
    <testcase time="0.00899999999999945" classname="verbatim_popup" name="verbatim_popup_ui_with_type_not_equal_to_button_or_link_throws_error"/>
    <testcase time="0.00900000000000034" classname="verbatim_popup" name="verbatim_popup_ui_with_type_button_produces_a_button"/>
    <testcase time="0.00899999999999945" classname="verbatim_popup" name="verbatim_popup_ui_with_type_link_produces_a_button_with_a_class_link"/>
  </testsuite>
  <testsuite name="verbatim_popup_ui" timestamp="2025-08-19T23:34:54Z" hostname="4f8cdc2b9b53" tests="2" skipped="1" failures="0" errors="0" time="0.01">
    <testcase time="0.00700000000000056" classname="verbatim_popup_ui" name="verbatim_popup_ui_returns_shiny.tag.list_"/>
    <testcase time="0.00300000000000011" classname="verbatim_popup_ui" name="e2e_teal.widgets_verbatim_popup_is_initialized_with_a_button_that_opens_a_modal_with_a_verbatim_text">
      <skipped message="Reason: testing depth 3 is below current testing specification 5 ('test-verbatim_popup_ui.R:33:5')"/>
    </testcase>
  </testsuite>
</testsuites>
