<?xml version="1.0" encoding="UTF-8"?>
<testsuites>
  <testsuite name="draggable_buckets" timestamp="2025-08-04T12:31:42Z" hostname="28d11edfeb80" tests="5" skipped="0" failures="0" errors="0" time="8.645">
    <testcase time="3.262" classname="draggable_buckets" name="e2e_teal.widgets_draggable_buckets_initializes_without_input"/>
    <testcase time="0.0350000000000001" classname="draggable_buckets" name="e2e_teal.widgets_draggable_buckets_initializes_without_input"/>
    <testcase time="2.414" classname="draggable_buckets" name="e2e_teal.widgets_draggable_buckets_initializes_with_default_inputs"/>
    <testcase time="2.799" classname="draggable_buckets" name="e2e_teal.widgets_draggable_buckets_moving_elements_between_buckets_updates_input"/>
    <testcase time="0.135" classname="draggable_buckets" name="e2e_teal.widgets_draggable_buckets_moving_elements_between_buckets_updates_input"/>
  </testsuite>
  <testsuite name="get_dt_rows_ui" timestamp="2025-08-04T12:31:51Z" hostname="28d11edfeb80" tests="5" skipped="0" failures="0" errors="0" time="2.895">
    <testcase time="2.057" classname="get_dt_rows_ui" name="e2e_teal.widgets_get_dt_rows_rows_are_settable_and_visible"/>
    <testcase time="0.048" classname="get_dt_rows_ui" name="e2e_teal.widgets_get_dt_rows_rows_are_settable_and_visible"/>
    <testcase time="0.0990000000000002" classname="get_dt_rows_ui" name="e2e_teal.widgets_get_dt_rows_rows_are_settable_and_visible"/>
    <testcase time="0.641999999999999" classname="get_dt_rows_ui" name="e2e_teal.widgets_get_dt_rows_rows_are_settable_and_visible"/>
    <testcase time="0.0489999999999995" classname="get_dt_rows_ui" name="e2e_teal.widgets_get_dt_rows_rows_are_settable_and_visible"/>
  </testsuite>
  <testsuite name="ggplot2_args" timestamp="2025-08-04T12:31:54Z" hostname="28d11edfeb80" tests="33" skipped="0" failures="0" errors="0" time="0.394">
    <testcase time="0.271000000000001" classname="ggplot2_args" name="ggplot2_args_no_error_with_empty_inputs"/>
    <testcase time="0.00200000000000067" classname="ggplot2_args" name="ggplot2_args_no_error_with_empty_inputs"/>
    <testcase time="0.000999999999999446" classname="ggplot2_args" name="ggplot2_args_no_error_with_empty_inputs"/>
    <testcase time="0.00200000000000067" classname="ggplot2_args" name="ggplot2_args_no_error_with_empty_inputs"/>
    <testcase time="0.000999999999999446" classname="ggplot2_args" name="ggplot2_args_no_error_with_empty_inputs"/>
    <testcase time="0.00200000000000067" classname="ggplot2_args" name="ggplot2_args_no_error_with_empty_inputs"/>
    <testcase time="0.00499999999999901" classname="ggplot2_args" name="ggplot2_args_function_returns_object_of_ggplot2_args_and_list_classes"/>
    <testcase time="0.00399999999999956" classname="ggplot2_args" name="ggplot2_args_accepts_named_lists_for_arguments_labs_and_theme"/>
    <testcase time="0.0129999999999999" classname="ggplot2_args" name="ggplot2_args_throws_error_when_argument_name_is_not_valid."/>
    <testcase time="0.00400000000000134" classname="ggplot2_args" name="ggplot2_args_throws_error_when_argument_name_is_not_valid."/>
    <testcase time="0.00399999999999956" classname="ggplot2_args" name="resolve_ggplot2_args_accepts_empty_inputs"/>
    <testcase time="0.00399999999999956" classname="ggplot2_args" name="resolve_ggplot2_args_support_NULL_inputs"/>
    <testcase time="0.00699999999999967" classname="ggplot2_args" name="resolve_ggplot2_args_throws_error_with_empty_list"/>
    <testcase time="0.00500000000000078" classname="ggplot2_args" name="resolve_ggplot2_args_function_returns_object_of_ggplot2_args_and_list_classes"/>
    <testcase time="0.00399999999999956" classname="ggplot2_args" name="parse_ggplot2_args_accepts_empty_inputs"/>
    <testcase time="0.000999999999999446" classname="ggplot2_args" name="parse_ggplot2_args_accepts_empty_inputs"/>
    <testcase time="0.00700000000000145" classname="ggplot2_args" name="parse_ggplot2_args_throws_error_with_empty_list"/>
    <testcase time="0.00300000000000011" classname="ggplot2_args" name="parse_ggplot2_args_accepts_an_empty_ggplot2_args_as_minimum_requirement."/>
    <testcase time="0.00499999999999901" classname="ggplot2_args" name="resolve_ggplot2_args_uses_input_from_only_end_user_provided_ggplot2_args_source"/>
    <testcase time="0.000999999999999446" classname="ggplot2_args" name="resolve_ggplot2_args_uses_input_from_only_end_user_provided_ggplot2_args_source"/>
    <testcase time="0.00200000000000067" classname="ggplot2_args" name="resolve_ggplot2_args_uses_input_from_only_end_user_provided_ggplot2_args_source"/>
    <testcase time="0.00399999999999956" classname="ggplot2_args" name="parse_ggplot2_args_when_resolve_ggplot2_args_uses_input_from_only_end_user_provided_ggplot2_args_source"/>
    <testcase time="0.00200000000000067" classname="ggplot2_args" name="parse_ggplot2_args_when_resolve_ggplot2_args_uses_input_from_only_end_user_provided_ggplot2_args_source"/>
    <testcase time="0.00399999999999956" classname="ggplot2_args" name="resolve_ggplot2_args_prioritizes_user_plot_input_over_user_default_input."/>
    <testcase time="0.00300000000000011" classname="ggplot2_args" name="parse_ggplot2_args_when_resolve_ggplot2_args_prioritizes_user_plot_input_over_user_default_input."/>
    <testcase time="0.00399999999999956" classname="ggplot2_args" name="resolve_ggplot2_args_refers_to_global_teal.ggplot2_args_options_with_empty_input"/>
    <testcase time="0.00400000000000134" classname="ggplot2_args" name="parse_ggplot2_args_when_resolve_ggplot2_args_refers_to_global_teal.ggplot2_args_options_with_empty_input"/>
    <testcase time="0.00599999999999845" classname="ggplot2_args" name="parse_ggplot2_args_deparse_needed_to_expand_ggplot2_objects_like_element_blank"/>
    <testcase time="0.00300000000000011" classname="ggplot2_args" name="parse_ggplot2_args_deparse_needed_to_expand_ggplot2_objects_like_element_blank"/>
    <testcase time="0.00500000000000078" classname="ggplot2_args" name="resolve_ggplot2_args_priorotizes_input_in_the_order_user_plot_user_default_teal.ggplot2_args_and_module_plot"/>
    <testcase time="0.00799999999999912" classname="ggplot2_args" name="parse_ggplot2_args_when_resolve_ggplot2_args_priorotizes_input_in_the_order_user_plot_user_default_teal.ggplot2_args_and_module_plot"/>
    <testcase time="0.00100000000000122" classname="ggplot2_args" name="parse_ggplot2_args_when_resolve_ggplot2_args_priorotizes_input_in_the_order_user_plot_user_default_teal.ggplot2_args_and_module_plot"/>
    <testcase time="0.00199999999999889" classname="ggplot2_args" name="parse_ggplot2_args_when_resolve_ggplot2_args_priorotizes_input_in_the_order_user_plot_user_default_teal.ggplot2_args_and_module_plot"/>
  </testsuite>
  <testsuite name="nested_closeable_modal_ui" timestamp="2025-08-04T12:31:54Z" hostname="28d11edfeb80" tests="6" skipped="0" failures="0" errors="0" time="2.816">
    <testcase time="2.256" classname="nested_closeable_modal_ui" name="e2e_teal.widgets_nested_closeable_modal_initializes"/>
    <testcase time="0.00600000000000023" classname="nested_closeable_modal_ui" name="e2e_teal.widgets_nested_closeable_modal_initializes"/>
    <testcase time="0.00600000000000023" classname="nested_closeable_modal_ui" name="e2e_teal.widgets_nested_closeable_modal_initializes"/>
    <testcase time="0.00600000000000023" classname="nested_closeable_modal_ui" name="e2e_teal.widgets_nested_closeable_modal_initializes"/>
    <testcase time="0.536" classname="nested_closeable_modal_ui" name="e2e_teal.widgets_nested_closeable_modal_initializes"/>
    <testcase time="0.00600000000000023" classname="nested_closeable_modal_ui" name="e2e_teal.widgets_nested_closeable_modal_initializes"/>
  </testsuite>
  <testsuite name="optionalInput" timestamp="2025-08-04T12:31:57Z" hostname="28d11edfeb80" tests="7" skipped="0" failures="0" errors="0" time="0.1">
    <testcase time="0.0690000000000008" classname="optionalInput" name="optionalSliderInput_single_value"/>
    <testcase time="0.00799999999999912" classname="optionalInput" name="optionalSliderInput_single_value_out_of_range"/>
    <testcase time="0.00399999999999956" classname="optionalInput" name="optionalSliderInput_double_value"/>
    <testcase time="0.00700000000000145" classname="optionalInput" name="optionalSliderInput_double_value_out_of_range"/>
    <testcase time="0.00799999999999912" classname="optionalInput" name="optionalSliderInput_min_max_NA"/>
    <testcase time="0.00200000000000067" classname="optionalInput" name="optionalSliderInput_min_max_NA"/>
    <testcase time="0.00199999999999889" classname="optionalInput" name="optionalSliderInput_min_max_NA"/>
  </testsuite>
  <testsuite name="optionalSelectInput_ui" timestamp="2025-08-04T12:31:57Z" hostname="28d11edfeb80" tests="15" skipped="0" failures="0" errors="0" time="2.896">
    <testcase time="2.608" classname="optionalSelectInput_ui" name="e2e_teal.widgets_optionalSelectInput_initializes"/>
    <testcase time="0.00200000000000244" classname="optionalSelectInput_ui" name="e2e_teal.widgets_optionalSelectInput_initializes"/>
    <testcase time="0.00499999999999901" classname="optionalSelectInput_ui" name="e2e_teal.widgets_optionalSelectInput_initializes"/>
    <testcase time="0.00199999999999889" classname="optionalSelectInput_ui" name="e2e_teal.widgets_optionalSelectInput_initializes"/>
    <testcase time="0.00500000000000256" classname="optionalSelectInput_ui" name="e2e_teal.widgets_optionalSelectInput_initializes"/>
    <testcase time="0.00199999999999889" classname="optionalSelectInput_ui" name="e2e_teal.widgets_optionalSelectInput_initializes"/>
    <testcase time="0.00499999999999901" classname="optionalSelectInput_ui" name="e2e_teal.widgets_optionalSelectInput_initializes"/>
    <testcase time="0.00100000000000122" classname="optionalSelectInput_ui" name="e2e_teal.widgets_optionalSelectInput_initializes"/>
    <testcase time="0.00600000000000023" classname="optionalSelectInput_ui" name="e2e_teal.widgets_optionalSelectInput_initializes"/>
    <testcase time="0.00100000000000122" classname="optionalSelectInput_ui" name="e2e_teal.widgets_optionalSelectInput_initializes"/>
    <testcase time="0.00599999999999667" classname="optionalSelectInput_ui" name="e2e_teal.widgets_optionalSelectInput_initializes"/>
    <testcase time="0.00100000000000122" classname="optionalSelectInput_ui" name="e2e_teal.widgets_optionalSelectInput_initializes"/>
    <testcase time="0.184000000000001" classname="optionalSelectInput_ui" name="e2e_teal.widgets_optionalSelectInput_initializes"/>
    <testcase time="0.0590000000000011" classname="optionalSelectInput_ui" name="e2e_teal.widgets_optionalSelectInput_initializes"/>
    <testcase time="0.00899999999999679" classname="optionalSelectInput_ui" name="e2e_teal.widgets_optionalSelectInput_initializes"/>
  </testsuite>
  <testsuite name="optionalSliderInputValMinMax_ui" timestamp="2025-08-04T12:32:00Z" hostname="28d11edfeb80" tests="2" skipped="0" failures="0" errors="0" time="2.361">
    <testcase time="2.355" classname="optionalSliderInputValMinMax_ui" name="e2e_teal.widgets_optionalSliderInputValMinMax_initializes"/>
    <testcase time="0.00600000000000023" classname="optionalSliderInputValMinMax_ui" name="e2e_teal.widgets_optionalSliderInputValMinMax_initializes"/>
  </testsuite>
  <testsuite name="plot_with_settings" timestamp="2025-08-04T12:32:02Z" hostname="28d11edfeb80" tests="64" skipped="0" failures="0" errors="0" time="2.565">
    <testcase time="0.0770000000000017" classname="plot_with_settings" name="if_teal.plot_dpi_is_not_set_then_get_plot_dpi_returns_72_"/>
    <testcase time="0.00300000000000011" classname="plot_with_settings" name="if_teal.plot_dpi_is_an_integer_value_at_least_24_then_get_plot_dpi_returns_its_value"/>
    <testcase time="0.00199999999999889" classname="plot_with_settings" name="if_teal.plot_dpi_is_an_integer_value_at_least_24_then_get_plot_dpi_returns_its_value"/>
    <testcase time="0.00100000000000122" classname="plot_with_settings" name="if_teal.plot_dpi_is_an_integer_value_at_least_24_then_get_plot_dpi_returns_its_value"/>
    <testcase time="0.000999999999997669" classname="plot_with_settings" name="if_teal.plot_dpi_is_an_integer_value_at_least_24_then_get_plot_dpi_returns_its_value"/>
    <testcase time="0.00500000000000256" classname="plot_with_settings" name="if_teal.plot_dpi_is_an_integer_value_less_24_then_get_plot_dpi_returns_72"/>
    <testcase time="0.000999999999997669" classname="plot_with_settings" name="if_teal.plot_dpi_is_an_integer_value_less_24_then_get_plot_dpi_returns_72"/>
    <testcase time="0.00200000000000244" classname="plot_with_settings" name="if_teal.plot_dpi_is_an_integer_value_less_24_then_get_plot_dpi_returns_72"/>
    <testcase time="0.000999999999997669" classname="plot_with_settings" name="if_teal.plot_dpi_is_an_integer_value_less_24_then_get_plot_dpi_returns_72"/>
    <testcase time="0.00400000000000134" classname="plot_with_settings" name="if_teal.plot_dpi_is_not_an_integer_value_then_get_plot_dpi_returns_72"/>
    <testcase time="0.00100000000000122" classname="plot_with_settings" name="if_teal.plot_dpi_is_not_an_integer_value_then_get_plot_dpi_returns_72"/>
    <testcase time="0.00199999999999889" classname="plot_with_settings" name="if_teal.plot_dpi_is_not_an_integer_value_then_get_plot_dpi_returns_72"/>
    <testcase time="0.00199999999999889" classname="plot_with_settings" name="if_teal.plot_dpi_is_not_an_integer_value_then_get_plot_dpi_returns_72"/>
    <testcase time="0.190000000000001" classname="plot_with_settings" name="print_plot_is_able_to_plot_different_types_of_graphics"/>
    <testcase time="0.0590000000000011" classname="plot_with_settings" name="print_plot_is_able_to_plot_different_types_of_graphics"/>
    <testcase time="0.0629999999999988" classname="plot_with_settings" name="print_plot_is_able_to_plot_different_types_of_graphics"/>
    <testcase time="0.00499999999999901" classname="plot_with_settings" name="print_plot_is_able_to_plot_different_types_of_graphics"/>
    <testcase time="0.00499999999999901" classname="plot_with_settings" name="print_plot_is_able_to_plot_different_types_of_graphics"/>
    <testcase time="0.00400000000000134" classname="plot_with_settings" name="print_plot_is_able_to_plot_different_types_of_graphics"/>
    <testcase time="0.00700000000000145" classname="plot_with_settings" name="clean_brushedPoints_returns_error_with_wrong_input"/>
    <testcase time="0.00499999999999901" classname="plot_with_settings" name="clean_brushedPoints_returns_error_with_wrong_input"/>
    <testcase time="0.00499999999999901" classname="plot_with_settings" name="clean_brushedPoints_returns_error_with_wrong_input"/>
    <testcase time="0.00400000000000134" classname="plot_with_settings" name="clean_brushedPoints_returns_a_data_frame_with_minimal_correct_input"/>
    <testcase time="0.00399999999999778" classname="plot_with_settings" name="clean_brushedPoints_removal_of_NA_points"/>
    <testcase time="0.00200000000000244" classname="plot_with_settings" name="clean_brushedPoints_removal_of_NA_points"/>
    <testcase time="0.00199999999999889" classname="plot_with_settings" name="clean_brushedPoints_removal_of_NA_points"/>
    <testcase time="0.129000000000001" classname="plot_with_settings" name="type_download_srv_download_all_types_of_files_with_default_name"/>
    <testcase time="0.0069999999999979" classname="plot_with_settings" name="type_download_srv_download_all_types_of_files_with_default_name"/>
    <testcase time="0.00800000000000267" classname="plot_with_settings" name="type_download_srv_download_all_types_of_files_with_default_name"/>
    <testcase time="0.00499999999999901" classname="plot_with_settings" name="type_download_srv_download_all_types_of_files_with_default_name"/>
    <testcase time="0.00900000000000034" classname="plot_with_settings" name="type_download_srv_download_all_types_of_files_with_default_name"/>
    <testcase time="0.0120000000000005" classname="plot_with_settings" name="type_download_srv_download_all_types_of_files_with_default_name"/>
    <testcase time="0.0259999999999998" classname="plot_with_settings" name="type_download_srv_download_all_types_of_files_and_change_the_name"/>
    <testcase time="0.00600000000000023" classname="plot_with_settings" name="type_download_srv_download_all_types_of_files_and_change_the_name"/>
    <testcase time="0.00999999999999801" classname="plot_with_settings" name="type_download_srv_download_all_types_of_files_and_change_the_name"/>
    <testcase time="0.00400000000000134" classname="plot_with_settings" name="type_download_srv_download_all_types_of_files_and_change_the_name"/>
    <testcase time="0.00900000000000034" classname="plot_with_settings" name="type_download_srv_download_all_types_of_files_and_change_the_name"/>
    <testcase time="0.00499999999999901" classname="plot_with_settings" name="type_download_srv_download_all_types_of_files_and_change_the_name"/>
    <testcase time="0.0279999999999987" classname="plot_with_settings" name="type_download_srv_downloads_a_png_file_with_different_dimensions"/>
    <testcase time="0.0289999999999999" classname="plot_with_settings" name="type_download_srv_downloads_a_png_file_using_default_dimensions_input_dimensions_are_NULL"/>
    <testcase time="0.0210000000000008" classname="plot_with_settings" name="plot_with_settings_srv_assert_error"/>
    <testcase time="0.0130000000000017" classname="plot_with_settings" name="plot_with_settings_srv_assert_error"/>
    <testcase time="0.0119999999999969" classname="plot_with_settings" name="plot_with_settings_srv_assert_error"/>
    <testcase time="0.0120000000000005" classname="plot_with_settings" name="plot_with_settings_srv_assert_error"/>
    <testcase time="0.0140000000000029" classname="plot_with_settings" name="plot_with_settings_srv_assert_error"/>
    <testcase time="0.0129999999999981" classname="plot_with_settings" name="plot_with_settings_srv_assert_error"/>
    <testcase time="0.0130000000000017" classname="plot_with_settings" name="plot_with_settings_srv_assert_error"/>
    <testcase time="0.0169999999999995" classname="plot_with_settings" name="plot_with_settings_srv_assert_error"/>
    <testcase time="0.0129999999999981" classname="plot_with_settings" name="plot_with_settings_srv_assert_error"/>
    <testcase time="0.209" classname="plot_with_settings" name="plot_with_settings_srv_set_dimensions_and_download_a_png_file_base"/>
    <testcase time="0.0150000000000006" classname="plot_with_settings" name="plot_with_settings_srv_set_dimensions_and_download_a_png_file_base"/>
    <testcase time="0.233000000000001" classname="plot_with_settings" name="plot_with_settings_srv_set_dimensions_and_download_a_png_file_ggplot2"/>
    <testcase time="0.109999999999999" classname="plot_with_settings" name="plot_with_settings_srv_set_dimensions_and_download_a_png_file_ggplot2"/>
    <testcase time="0.394000000000002" classname="plot_with_settings" name="plot_with_settings_srv_set_dimensions_and_download_a_png_file_grob"/>
    <testcase time="0.0790000000000006" classname="plot_with_settings" name="plot_with_settings_srv_set_dimensions_and_download_a_png_file_grob"/>
    <testcase time="0.157999999999998" classname="plot_with_settings" name="plot_with_settings_srv_set_dimensions_and_download_a_png_file_trellis"/>
    <testcase time="0.0360000000000014" classname="plot_with_settings" name="plot_with_settings_srv_set_dimensions_and_download_a_png_file_trellis"/>
    <testcase time="0.146999999999998" classname="plot_with_settings" name="plot_with_settings_srv_set_dimensions_and_download_a_png_file_WRONG_type"/>
    <testcase time="0.0160000000000018" classname="plot_with_settings" name="plot_with_settings_srv_set_dimensions_and_download_a_png_file_WRONG_type"/>
    <testcase time="0.143999999999998" classname="plot_with_settings" name="plot_with_settings_srv_expand_no_error"/>
    <testcase time="0.144000000000002" classname="plot_with_settings" name="plot_with_settings_srv_returns_the_click_ggplot2_functionalities_metadata"/>
    <testcase time="0.00300000000000011" classname="plot_with_settings" name="plot_with_settings_srv_returns_the_click_ggplot2_functionalities_metadata"/>
    <testcase time="0.00300000000000011" classname="plot_with_settings" name="plot_with_settings_srv_returns_the_click_ggplot2_functionalities_metadata"/>
    <testcase time="0.00199999999999889" classname="plot_with_settings" name="plot_with_settings_srv_returns_the_click_ggplot2_functionalities_metadata"/>
  </testsuite>
  <testsuite name="plot_with_settings_ui" timestamp="2025-08-04T12:32:05Z" hostname="28d11edfeb80" tests="43" skipped="0" failures="0" errors="0" time="49.513">
    <testcase time="0.0139999999999993" classname="plot_with_settings_ui" name="type_download_ui_returns_shiny.tag_"/>
    <testcase time="0.0139999999999993" classname="plot_with_settings_ui" name="plot_with_settings_ui_returns_shiny.tag_"/>
    <testcase time="3.236" classname="plot_with_settings_ui" name="e2e_teal.widgets_plot_with_settings_initializes_with_a_plot_and_the_settings_buttons"/>
    <testcase time="0.00499999999999901" classname="plot_with_settings_ui" name="e2e_teal.widgets_plot_with_settings_initializes_with_a_plot_and_the_settings_buttons"/>
    <testcase time="3.953" classname="plot_with_settings_ui" name="e2e_teal.widgets_plot_with_settings_buttons_have_proper_FA_icons_and_two_of_them_are_dropdowns"/>
    <testcase time="0.0109999999999992" classname="plot_with_settings_ui" name="e2e_teal.widgets_plot_with_settings_buttons_have_proper_FA_icons_and_two_of_them_are_dropdowns"/>
    <testcase time="0.00499999999999901" classname="plot_with_settings_ui" name="e2e_teal.widgets_plot_with_settings_buttons_have_proper_FA_icons_and_two_of_them_are_dropdowns"/>
    <testcase time="0.00100000000000122" classname="plot_with_settings_ui" name="e2e_teal.widgets_plot_with_settings_buttons_have_proper_FA_icons_and_two_of_them_are_dropdowns"/>
    <testcase time="0.00399999999999778" classname="plot_with_settings_ui" name="e2e_teal.widgets_plot_with_settings_buttons_have_proper_FA_icons_and_two_of_them_are_dropdowns"/>
    <testcase time="0.203000000000003" classname="plot_with_settings_ui" name="e2e_teal.widgets_plot_with_settings_buttons_have_proper_FA_icons_and_two_of_them_are_dropdowns"/>
    <testcase time="0.0069999999999979" classname="plot_with_settings_ui" name="e2e_teal.widgets_plot_with_settings_buttons_have_proper_FA_icons_and_two_of_them_are_dropdowns"/>
    <testcase time="0.0309999999999988" classname="plot_with_settings_ui" name="e2e_teal.widgets_plot_with_settings_buttons_have_proper_FA_icons_and_two_of_them_are_dropdowns"/>
    <testcase time="0.00200000000000244" classname="plot_with_settings_ui" name="e2e_teal.widgets_plot_with_settings_buttons_have_proper_FA_icons_and_two_of_them_are_dropdowns"/>
    <testcase time="4.098" classname="plot_with_settings_ui" name="e2e_teal.widgets_plot_with_settings_the_click_on_the_expand_button_opens_an_overlay_plot_height_plot_width_plot_download_dropdown_and_dismiss_button"/>
    <testcase time="0.0480000000000018" classname="plot_with_settings_ui" name="e2e_teal.widgets_plot_with_settings_the_click_on_the_expand_button_opens_an_overlay_plot_height_plot_width_plot_download_dropdown_and_dismiss_button"/>
    <testcase time="0.00999999999999801" classname="plot_with_settings_ui" name="e2e_teal.widgets_plot_with_settings_the_click_on_the_expand_button_opens_an_overlay_plot_height_plot_width_plot_download_dropdown_and_dismiss_button"/>
    <testcase time="0.00600000000000023" classname="plot_with_settings_ui" name="e2e_teal.widgets_plot_with_settings_the_click_on_the_expand_button_opens_an_overlay_plot_height_plot_width_plot_download_dropdown_and_dismiss_button"/>
    <testcase time="0.00500000000000256" classname="plot_with_settings_ui" name="e2e_teal.widgets_plot_with_settings_the_click_on_the_expand_button_opens_an_overlay_plot_height_plot_width_plot_download_dropdown_and_dismiss_button"/>
    <testcase time="3.866" classname="plot_with_settings_ui" name="e2e_teal.widgets_plot_with_settings_the_click_on_the_download_button_in_expand_modal_opens_a_download_dropdown"/>
    <testcase time="0.00399999999999778" classname="plot_with_settings_ui" name="e2e_teal.widgets_plot_with_settings_the_click_on_the_download_button_in_expand_modal_opens_a_download_dropdown"/>
    <testcase time="0.0100000000000051" classname="plot_with_settings_ui" name="e2e_teal.widgets_plot_with_settings_the_click_on_the_download_button_in_expand_modal_opens_a_download_dropdown"/>
    <testcase time="0.00399999999999778" classname="plot_with_settings_ui" name="e2e_teal.widgets_plot_with_settings_the_click_on_the_download_button_in_expand_modal_opens_a_download_dropdown"/>
    <testcase time="0.194000000000003" classname="plot_with_settings_ui" name="e2e_teal.widgets_plot_with_settings_the_click_on_the_download_button_in_expand_modal_opens_a_download_dropdown"/>
    <testcase time="3.29" classname="plot_with_settings_ui" name="e2e_teal.widgets_plot_with_settings_the_click_on_the_resize_button_opens_a_dropdown_menu_plot_height_plot_width_plot_download_dropdown_and_dismiss_button"/>
    <testcase time="1.027" classname="plot_with_settings_ui" name="e2e_teal.widgets_plot_with_settings_the_click_on_the_resize_button_opens_a_dropdown_menu_plot_height_plot_width_plot_download_dropdown_and_dismiss_button"/>
    <testcase time="0.00499999999999545" classname="plot_with_settings_ui" name="e2e_teal.widgets_plot_with_settings_the_click_on_the_resize_button_opens_a_dropdown_menu_plot_height_plot_width_plot_download_dropdown_and_dismiss_button"/>
    <testcase time="0.131" classname="plot_with_settings_ui" name="e2e_teal.widgets_plot_with_settings_the_click_on_the_resize_button_opens_a_dropdown_menu_plot_height_plot_width_plot_download_dropdown_and_dismiss_button"/>
    <testcase time="0.00500000000000256" classname="plot_with_settings_ui" name="e2e_teal.widgets_plot_with_settings_the_click_on_the_resize_button_opens_a_dropdown_menu_plot_height_plot_width_plot_download_dropdown_and_dismiss_button"/>
    <testcase time="3.159" classname="plot_with_settings_ui" name="e2e_teal.widgets_plot_with_settings_it_is_possible_to_set_height_and_width_for_the_plot_on_the_third_button_dropdown_menu_without_errors"/>
    <testcase time="4.05" classname="plot_with_settings_ui" name="e2e_teal.widgets_plot_with_settings_clicking_download_download_button_downloads_image_in_a_specified_format"/>
    <testcase time="4.753" classname="plot_with_settings_ui" name="e2e_teal.widgets_plot_with_settings_expanded_image_can_be_resized"/>
    <testcase time="0.00200000000000244" classname="plot_with_settings_ui" name="e2e_teal.widgets_plot_with_settings_expanded_image_can_be_resized"/>
    <testcase time="2.705" classname="plot_with_settings_ui" name="e2e_teal.widgets_plot_with_settings_expanded_image_can_be_resized"/>
    <testcase time="0.00200000000000244" classname="plot_with_settings_ui" name="e2e_teal.widgets_plot_with_settings_expanded_image_can_be_resized"/>
    <testcase time="0.00300000000000011" classname="plot_with_settings_ui" name="e2e_teal.widgets_plot_with_settings_expanded_image_can_be_resized"/>
    <testcase time="4.811" classname="plot_with_settings_ui" name="e2e_teal.widgets_plot_with_settings_expanded_image_can_be_downloaded"/>
    <testcase time="4.424" classname="plot_with_settings_ui" name="e2e_teal.widgets_plot_with_settings_main_image_can_be_resized"/>
    <testcase time="0.00900000000000034" classname="plot_with_settings_ui" name="e2e_teal.widgets_plot_with_settings_main_image_can_be_resized"/>
    <testcase time="0.195999999999998" classname="plot_with_settings_ui" name="e2e_teal.widgets_plot_with_settings_main_image_can_be_resized"/>
    <testcase time="0.0120000000000005" classname="plot_with_settings_ui" name="e2e_teal.widgets_plot_with_settings_main_image_can_be_resized"/>
    <testcase time="0.0130000000000052" classname="plot_with_settings_ui" name="e2e_teal.widgets_plot_with_settings_main_image_can_be_resized"/>
    <testcase time="5.17999999999999" classname="plot_with_settings_ui" name="e2e_teal.widgets_plot_with_settings_scrollbar_appears_when_image_is_resized"/>
    <testcase time="0.00500000000000966" classname="plot_with_settings_ui" name="e2e_teal.widgets_plot_with_settings_scrollbar_appears_when_image_is_resized"/>
  </testsuite>
  <testsuite name="standard_layout" timestamp="2025-08-04T12:32:54Z" hostname="28d11edfeb80" tests="6" skipped="0" failures="0" errors="0" time="0.164">
    <testcase time="0.140000000000001" classname="standard_layout" name="Input_validation"/>
    <testcase time="0.00499999999999545" classname="standard_layout" name="Input_validation"/>
    <testcase time="0.00499999999999545" classname="standard_layout" name="Input_validation"/>
    <testcase time="0.00500000000000966" classname="standard_layout" name="Input_validation"/>
    <testcase time="0.00399999999999068" classname="standard_layout" name="Input_validation"/>
    <testcase time="0.00499999999999545" classname="standard_layout" name="Input_validation"/>
  </testsuite>
  <testsuite name="table_args" timestamp="2025-08-04T12:32:54Z" hostname="28d11edfeb80" tests="30" skipped="0" failures="0" errors="0" time="0.361">
    <testcase time="0.25" classname="table_args" name="basic_table_args_returns_empty_basic_table_args_with_empty_inputs"/>
    <testcase time="0.00100000000000477" classname="table_args" name="basic_table_args_returns_empty_basic_table_args_with_empty_inputs"/>
    <testcase time="0.00600000000000023" classname="table_args" name="basic_table_args_function_returns_list_of_the_basic_table_args_class"/>
    <testcase time="0.00300000000000011" classname="table_args" name="basic_table_args_rtables_arguments_validation_correct_input"/>
    <testcase time="0.007000000000005" classname="table_args" name="basic_table_args_rtables_arguments_validation_incorrect_input"/>
    <testcase time="0.00399999999999068" classname="table_args" name="resolve_basic_table_args_returns_empty_basic_table_args_with_empty_input"/>
    <testcase time="0.00600000000000023" classname="table_args" name="resolve_basic_table_args_error_with_empty_list_as_need_a_basic_table_args_class"/>
    <testcase time="0.00300000000000011" classname="table_args" name="resolve_basic_table_args_need_a_basic_table_args_class_or_NULL_for_each_of_its_arguments"/>
    <testcase time="0.00199999999999534" classname="table_args" name="resolve_basic_table_args_need_a_basic_table_args_class_or_NULL_for_each_of_its_arguments"/>
    <testcase time="0.00300000000000011" classname="table_args" name="resolve_basic_table_args_returns_empty_basic_table_args_with_any_list_input_in_basic_table_args"/>
    <testcase time="0.00200000000000955" classname="table_args" name="resolve_basic_table_args_returns_empty_basic_table_args_with_any_list_input_in_basic_table_args"/>
    <testcase time="0.00799999999999557" classname="table_args" name="resolve_basic_table_args_error_with_any_list_or_NULL_input_in_its_arguments_when_it_is_not_only_one"/>
    <testcase time="0.007000000000005" classname="table_args" name="resolve_basic_table_args_error_with_any_list_or_NULL_input_in_its_arguments_when_it_is_not_only_one"/>
    <testcase time="0.00499999999999545" classname="table_args" name="resolve_basic_table_args_error_with_any_list_or_NULL_input_in_its_arguments_when_it_is_not_only_one"/>
    <testcase time="0.00400000000000489" classname="table_args" name="resolve_basic_table_args_support_NULL_inputs"/>
    <testcase time="0.00499999999999545" classname="table_args" name="resolve_basic_table_args_returns_object_of_basic_table_args_and_list_classes"/>
    <testcase time="0.00300000000000011" classname="table_args" name="resolve_basic_table_args_returns_object_of_basic_table_args_and_list_classes"/>
    <testcase time="0.007000000000005" classname="table_args" name="parse_basic_table_args_throws_error_with_empty_list"/>
    <testcase time="0.00399999999999068" classname="table_args" name="parse_basic_table_args_returns_language_object_of_empty_rtables_basic_table_call"/>
    <testcase time="0.00100000000000477" classname="table_args" name="parse_basic_table_args_returns_language_object_of_empty_rtables_basic_table_call"/>
    <testcase time="0.00199999999999534" classname="table_args" name="parse_basic_table_args_returns_language_object_of_empty_rtables_basic_table_call"/>
    <testcase time="0.00400000000000489" classname="table_args" name="resolve_basic_table_args_uses_input_from_only_end_user_provided_basic_table_args_source"/>
    <testcase time="0.00100000000000477" classname="table_args" name="resolve_basic_table_args_uses_input_from_only_end_user_provided_basic_table_args_source"/>
    <testcase time="0.00199999999999534" classname="table_args" name="resolve_basic_table_args_uses_input_from_only_end_user_provided_basic_table_args_source"/>
    <testcase time="0.00400000000000489" classname="table_args" name="parse_basic_table_args_when_resolve_basic_table_args_uses_inputfrom_only_end_user_provided_basic_table_args_source"/>
    <testcase time="0.000999999999990564" classname="table_args" name="parse_basic_table_args_when_resolve_basic_table_args_uses_inputfrom_only_end_user_provided_basic_table_args_source"/>
    <testcase time="0.00400000000000489" classname="table_args" name="resolve_basic_table_args_refers_to_global_teal.basic_table_args_options_with_empty_input"/>
    <testcase time="0.00400000000000489" classname="table_args" name="parse_basic_table_args_when_resolve_basic_table_args_refers_to_global_teal.basic_table_argsoptions_with_empty_input"/>
    <testcase time="0.00399999999999068" classname="table_args" name="resolve_basic_table_args_prioritizes_input_in_the_order_user_table_user_default_teal.basic_table_args_and_module_plot"/>
    <testcase time="0.00400000000000489" classname="table_args" name="parse_basic_table_args_when_resolve_basic_table_args_prioritizes_input_in_the_order_user_table_user_default_teal.basic_table_args_and_module_plot"/>
  </testsuite>
  <testsuite name="table_with_settings" timestamp="2025-08-04T12:32:55Z" hostname="28d11edfeb80" tests="28" skipped="0" failures="0" errors="0" time="2.549">
    <testcase time="0.0319999999999965" classname="table_with_settings" name="table_with_settings_srv_assertions"/>
    <testcase time="0.0130000000000052" classname="table_with_settings" name="table_with_settings_srv_assertions"/>
    <testcase time="0.24499999999999" classname="table_with_settings" name="table_with_settings_srv_hiding_works"/>
    <testcase time="0.111000000000004" classname="table_with_settings" name="table_with_settings_srv_return_html_table"/>
    <testcase time="0.00400000000000489" classname="table_with_settings" name="table_with_settings_srv_return_html_table"/>
    <testcase time="0.106999999999999" classname="table_with_settings" name="table_with_settings_srv_expand_works"/>
    <testcase time="0.0799999999999983" classname="table_with_settings" name="type_download_srv_table_downloading_different_output_types_custom_name"/>
    <testcase time="0.105000000000004" classname="table_with_settings" name="type_download_srv_table_downloading_different_output_types_custom_name"/>
    <testcase time="0.0489999999999924" classname="table_with_settings" name="type_download_srv_table_downloading_different_output_types_custom_name"/>
    <testcase time="0.0259999999999962" classname="table_with_settings" name="type_download_srv_table_downloading_different_output_types_custom_name"/>
    <testcase time="0.0510000000000019" classname="table_with_settings" name="type_download_srv_table_downloading_different_output_types_custom_name"/>
    <testcase time="0.0350000000000108" classname="table_with_settings" name="type_download_srv_table_downloading_different_output_types_custom_name"/>
    <testcase time="0.0789999999999935" classname="table_with_settings" name="type_download_srv_table_downloading_different_output_types_no_name"/>
    <testcase time="0.0400000000000063" classname="table_with_settings" name="type_download_srv_table_downloading_different_output_types_no_name"/>
    <testcase time="0.0489999999999924" classname="table_with_settings" name="type_download_srv_table_downloading_different_output_types_no_name"/>
    <testcase time="0.034000000000006" classname="table_with_settings" name="type_download_srv_table_downloading_different_output_types_no_name"/>
    <testcase time="0.0499999999999972" classname="table_with_settings" name="type_download_srv_table_downloading_different_output_types_no_name"/>
    <testcase time="0.0339999999999918" classname="table_with_settings" name="type_download_srv_table_downloading_different_output_types_no_name"/>
    <testcase time="0.192000000000007" classname="table_with_settings" name="type_download_srv_table_downloading_different_output_types_pagination"/>
    <testcase time="0.0870000000000033" classname="table_with_settings" name="type_download_srv_table_downloading_different_output_types_pagination"/>
    <testcase time="0.164000000000001" classname="table_with_settings" name="type_download_srv_table_downloading_different_output_types_pagination"/>
    <testcase time="0.0259999999999962" classname="table_with_settings" name="type_download_srv_table_downloading_different_output_types_pagination"/>
    <testcase time="0.158999999999992" classname="table_with_settings" name="type_download_srv_table_downloading_different_output_types_pagination"/>
    <testcase time="0.092000000000013" classname="table_with_settings" name="type_download_srv_table_downloading_different_output_types_pagination"/>
    <testcase time="0.169999999999987" classname="table_with_settings" name="type_download_srv_table_pagination_lpp_to_small"/>
    <testcase time="0.26700000000001" classname="table_with_settings" name="type_download_srv_table_pagination_lpp_to_small"/>
    <testcase time="0.0669999999999931" classname="table_with_settings" name="type_download_srv_table_content_of_the_table_csv"/>
    <testcase time="0.180999999999997" classname="table_with_settings" name="type_download_srv_table_content_of_the_table_txt"/>
  </testsuite>
  <testsuite name="table_with_settings_ui" timestamp="2025-08-04T12:32:57Z" hostname="28d11edfeb80" tests="56" skipped="0" failures="0" errors="0" time="33.044">
    <testcase time="0.0200000000000102" classname="table_with_settings_ui" name="table_with_settings_ui_returns_shiny.tag_"/>
    <testcase time="3.08099999999999" classname="table_with_settings_ui" name="e2e_teal.widgets_table_with_settings_is_initialized_with_2_buttons_and_a_table"/>
    <testcase time="0.00600000000000023" classname="table_with_settings_ui" name="e2e_teal.widgets_table_with_settings_is_initialized_with_2_buttons_and_a_table"/>
    <testcase time="3.15900000000001" classname="table_with_settings_ui" name="e2e_teal.widgets_table_with_settings_the_click_on_the_download_button_opens_a_download_menu_with_file_type_file_name_and_download_button"/>
    <testcase time="0.00600000000000023" classname="table_with_settings_ui" name="e2e_teal.widgets_table_with_settings_the_click_on_the_download_button_opens_a_download_menu_with_file_type_file_name_and_download_button"/>
    <testcase time="0.00499999999999545" classname="table_with_settings_ui" name="e2e_teal.widgets_table_with_settings_the_click_on_the_download_button_opens_a_download_menu_with_file_type_file_name_and_download_button"/>
    <testcase time="0.679000000000002" classname="table_with_settings_ui" name="e2e_teal.widgets_table_with_settings_the_click_on_the_download_button_opens_a_download_menu_with_file_type_file_name_and_download_button"/>
    <testcase time="0.0109999999999957" classname="table_with_settings_ui" name="e2e_teal.widgets_table_with_settings_the_click_on_the_download_button_opens_a_download_menu_with_file_type_file_name_and_download_button"/>
    <testcase time="0.00400000000000489" classname="table_with_settings_ui" name="e2e_teal.widgets_table_with_settings_the_click_on_the_download_button_opens_a_download_menu_with_file_type_file_name_and_download_button"/>
    <testcase time="0.00199999999999534" classname="table_with_settings_ui" name="e2e_teal.widgets_table_with_settings_the_click_on_the_download_button_opens_a_download_menu_with_file_type_file_name_and_download_button"/>
    <testcase time="0.00100000000000477" classname="table_with_settings_ui" name="e2e_teal.widgets_table_with_settings_the_click_on_the_download_button_opens_a_download_menu_with_file_type_file_name_and_download_button"/>
    <testcase time="0.00600000000000023" classname="table_with_settings_ui" name="e2e_teal.widgets_table_with_settings_the_click_on_the_download_button_opens_a_download_menu_with_file_type_file_name_and_download_button"/>
    <testcase time="0.192000000000007" classname="table_with_settings_ui" name="e2e_teal.widgets_table_with_settings_the_click_on_the_download_button_opens_a_download_menu_with_file_type_file_name_and_download_button"/>
    <testcase time="0.00699999999999079" classname="table_with_settings_ui" name="e2e_teal.widgets_table_with_settings_the_click_on_the_download_button_opens_a_download_menu_with_file_type_file_name_and_download_button"/>
    <testcase time="0.00300000000000011" classname="table_with_settings_ui" name="e2e_teal.widgets_table_with_settings_the_click_on_the_download_button_opens_a_download_menu_with_file_type_file_name_and_download_button"/>
    <testcase time="3.81400000000001" classname="table_with_settings_ui" name="e2e_teal.widgets_table_with_settings_check_pagination_appearance_for_.txt_and_disappearance_for_.csv_for_the_first_button"/>
    <testcase time="0.00199999999999534" classname="table_with_settings_ui" name="e2e_teal.widgets_table_with_settings_check_pagination_appearance_for_.txt_and_disappearance_for_.csv_for_the_first_button"/>
    <testcase time="0.594999999999999" classname="table_with_settings_ui" name="e2e_teal.widgets_table_with_settings_check_pagination_appearance_for_.txt_and_disappearance_for_.csv_for_the_first_button"/>
    <testcase time="3.17400000000001" classname="table_with_settings_ui" name="e2e_teal.widgets_table_with_settings_the_click_on_expand_button_opens_a_modal_with_a_table"/>
    <testcase time="0.00600000000000023" classname="table_with_settings_ui" name="e2e_teal.widgets_table_with_settings_the_click_on_expand_button_opens_a_modal_with_a_table"/>
    <testcase time="0.518999999999991" classname="table_with_settings_ui" name="e2e_teal.widgets_table_with_settings_the_click_on_expand_button_opens_a_modal_with_a_table"/>
    <testcase time="0.00100000000000477" classname="table_with_settings_ui" name="e2e_teal.widgets_table_with_settings_the_click_on_expand_button_opens_a_modal_with_a_table"/>
    <testcase time="0.00199999999999534" classname="table_with_settings_ui" name="e2e_teal.widgets_table_with_settings_the_click_on_expand_button_opens_a_modal_with_a_table"/>
    <testcase time="0.00100000000000477" classname="table_with_settings_ui" name="e2e_teal.widgets_table_with_settings_the_click_on_expand_button_opens_a_modal_with_a_table"/>
    <testcase time="0.00100000000000477" classname="table_with_settings_ui" name="e2e_teal.widgets_table_with_settings_the_click_on_expand_button_opens_a_modal_with_a_table"/>
    <testcase time="0.00600000000000023" classname="table_with_settings_ui" name="e2e_teal.widgets_table_with_settings_the_click_on_expand_button_opens_a_modal_with_a_table"/>
    <testcase time="0.516999999999996" classname="table_with_settings_ui" name="e2e_teal.widgets_table_with_settings_the_click_on_expand_button_opens_a_modal_with_a_table"/>
    <testcase time="0.00399999999999068" classname="table_with_settings_ui" name="e2e_teal.widgets_table_with_settings_the_click_on_expand_button_opens_a_modal_with_a_table"/>
    <testcase time="0.00100000000000477" classname="table_with_settings_ui" name="e2e_teal.widgets_table_with_settings_the_click_on_expand_button_opens_a_modal_with_a_table"/>
    <testcase time="0.000999999999990564" classname="table_with_settings_ui" name="e2e_teal.widgets_table_with_settings_the_click_on_expand_button_opens_a_modal_with_a_table"/>
    <testcase time="0.00100000000000477" classname="table_with_settings_ui" name="e2e_teal.widgets_table_with_settings_the_click_on_expand_button_opens_a_modal_with_a_table"/>
    <testcase time="0.00100000000000477" classname="table_with_settings_ui" name="e2e_teal.widgets_table_with_settings_the_click_on_expand_button_opens_a_modal_with_a_table"/>
    <testcase time="4.318" classname="table_with_settings_ui" name="e2e_teal.widgets_table_with_settings_clicking_download_in_an_expand_modal_opens_dropdown_menu_with_dwnl_settings_such_as_file_type_file_name_pagination"/>
    <testcase time="0.0109999999999957" classname="table_with_settings_ui" name="e2e_teal.widgets_table_with_settings_clicking_download_in_an_expand_modal_opens_dropdown_menu_with_dwnl_settings_such_as_file_type_file_name_pagination"/>
    <testcase time="0.00499999999999545" classname="table_with_settings_ui" name="e2e_teal.widgets_table_with_settings_clicking_download_in_an_expand_modal_opens_dropdown_menu_with_dwnl_settings_such_as_file_type_file_name_pagination"/>
    <testcase time="0.00100000000000477" classname="table_with_settings_ui" name="e2e_teal.widgets_table_with_settings_clicking_download_in_an_expand_modal_opens_dropdown_menu_with_dwnl_settings_such_as_file_type_file_name_pagination"/>
    <testcase time="0.00199999999999534" classname="table_with_settings_ui" name="e2e_teal.widgets_table_with_settings_clicking_download_in_an_expand_modal_opens_dropdown_menu_with_dwnl_settings_such_as_file_type_file_name_pagination"/>
    <testcase time="0.00400000000000489" classname="table_with_settings_ui" name="e2e_teal.widgets_table_with_settings_clicking_download_in_an_expand_modal_opens_dropdown_menu_with_dwnl_settings_such_as_file_type_file_name_pagination"/>
    <testcase time="0.185000000000002" classname="table_with_settings_ui" name="e2e_teal.widgets_table_with_settings_clicking_download_in_an_expand_modal_opens_dropdown_menu_with_dwnl_settings_such_as_file_type_file_name_pagination"/>
    <testcase time="0.00699999999999079" classname="table_with_settings_ui" name="e2e_teal.widgets_table_with_settings_clicking_download_in_an_expand_modal_opens_dropdown_menu_with_dwnl_settings_such_as_file_type_file_name_pagination"/>
    <testcase time="0.00600000000000023" classname="table_with_settings_ui" name="e2e_teal.widgets_table_with_settings_clicking_download_in_an_expand_modal_opens_dropdown_menu_with_dwnl_settings_such_as_file_type_file_name_pagination"/>
    <testcase time="0.00300000000000011" classname="table_with_settings_ui" name="e2e_teal.widgets_table_with_settings_clicking_download_in_an_expand_modal_opens_dropdown_menu_with_dwnl_settings_such_as_file_type_file_name_pagination"/>
    <testcase time="4.31800000000001" classname="table_with_settings_ui" name="e2e_teal.widgets_table_with_settings_check_pagination_appearance_for_.txt_and_disappearance_for_.csv_for_the_modal_on_the_second_button"/>
    <testcase time="0.000999999999990564" classname="table_with_settings_ui" name="e2e_teal.widgets_table_with_settings_check_pagination_appearance_for_.txt_and_disappearance_for_.csv_for_the_modal_on_the_second_button"/>
    <testcase time="3.94800000000001" classname="table_with_settings_ui" name="e2e_teal.widgets_table_with_settings_clicking_download_download_button_downloads_table_in_a_specified_format"/>
    <testcase time="0.00199999999999534" classname="table_with_settings_ui" name="e2e_teal.widgets_table_with_settings_clicking_download_download_button_downloads_table_in_a_specified_format"/>
    <testcase time="0.00199999999999534" classname="table_with_settings_ui" name="e2e_teal.widgets_table_with_settings_clicking_download_download_button_downloads_table_in_a_specified_format"/>
    <testcase time="0.00100000000000477" classname="table_with_settings_ui" name="e2e_teal.widgets_table_with_settings_clicking_download_download_button_downloads_table_in_a_specified_format"/>
    <testcase time="0.00100000000000477" classname="table_with_settings_ui" name="e2e_teal.widgets_table_with_settings_clicking_download_download_button_downloads_table_in_a_specified_format"/>
    <testcase time="0.00199999999999534" classname="table_with_settings_ui" name="e2e_teal.widgets_table_with_settings_clicking_download_download_button_downloads_table_in_a_specified_format"/>
    <testcase time="4.39100000000001" classname="table_with_settings_ui" name="e2e_teal.widgets_table_with_settings_expanded_table_can_be_downloaded"/>
    <testcase time="0.00199999999999534" classname="table_with_settings_ui" name="e2e_teal.widgets_table_with_settings_expanded_table_can_be_downloaded"/>
    <testcase time="0.00199999999999534" classname="table_with_settings_ui" name="e2e_teal.widgets_table_with_settings_expanded_table_can_be_downloaded"/>
    <testcase time="0.00100000000000477" classname="table_with_settings_ui" name="e2e_teal.widgets_table_with_settings_expanded_table_can_be_downloaded"/>
    <testcase time="0.00100000000000477" classname="table_with_settings_ui" name="e2e_teal.widgets_table_with_settings_expanded_table_can_be_downloaded"/>
    <testcase time="0.00199999999999534" classname="table_with_settings_ui" name="e2e_teal.widgets_table_with_settings_expanded_table_can_be_downloaded"/>
  </testsuite>
  <testsuite name="utils" timestamp="2025-08-04T12:33:30Z" hostname="28d11edfeb80" tests="4" skipped="0" failures="0" errors="0" time="0.099">
    <testcase time="0.0819999999999936" classname="utils" name="apply_plot_modifications_Modify_ggplot_object_with_dblclicking_enabled"/>
    <testcase time="0.00500000000000966" classname="utils" name="apply_plot_modifications_Modify_ggplot_object_with_dblclicking_disabled"/>
    <testcase time="0.00600000000000023" classname="utils" name="apply_plot_modifications_Modify_grob_object"/>
    <testcase time="0.00600000000000023" classname="utils" name="apply_plot_modifications_Do_not_modify_plot_object"/>
  </testsuite>
  <testsuite name="verbatim_popup" timestamp="2025-08-04T12:33:30Z" hostname="28d11edfeb80" tests="20" skipped="0" failures="0" errors="0" time="0.324">
    <testcase time="0.00799999999999557" classname="verbatim_popup" name="format_content_returns_a_shiny_reactive_when_passed_a_string"/>
    <testcase time="0.00600000000000023" classname="verbatim_popup" name="format_content_returns_a_shiny_reactive_when_passed_an_expression"/>
    <testcase time="0.00600000000000023" classname="verbatim_popup" name="format_content_returns_a_shiny_reactive_when_passed_a_reactive"/>
    <testcase time="0.00600000000000023" classname="verbatim_popup" name="format_content_returns_a_reactive_when_passed_a_condition"/>
    <testcase time="0.00600000000000023" classname="verbatim_popup" name="format_content_returns_a_reactive_when_passed_a_reactive_holding_a_condition"/>
    <testcase time="0.00499999999999545" classname="verbatim_popup" name="format_content_concatenates_the_passed_array_of_strings"/>
    <testcase time="0.00400000000000489" classname="verbatim_popup" name="format_content_concatenates_the_passed_array_of_expressions"/>
    <testcase time="0.00600000000000023" classname="verbatim_popup" name="format_content_concatenates_the_passed_array_of_string_inside_a_reactive"/>
    <testcase time="0.174999999999997" classname="verbatim_popup" name="format_content_returns_a_reactive_storing_a_styled_string_when_passed_an_expression_character_or_reactive_when_style_TRUE"/>
    <testcase time="0.034000000000006" classname="verbatim_popup" name="format_content_returns_a_reactive_storing_a_styled_string_when_passed_an_expression_character_or_reactive_when_style_TRUE"/>
    <testcase time="0.00799999999999557" classname="verbatim_popup" name="format_content_returns_a_reactive_storing_a_styled_string_when_passed_an_expression_character_or_reactive_when_style_TRUE"/>
    <testcase time="0.00799999999999557" classname="verbatim_popup" name="button_click_observer_returns_an_observer"/>
    <testcase time="0.007000000000005" classname="verbatim_popup" name="verbatim_popup_ui_returns_a_tag_list"/>
    <testcase time="0.00499999999999545" classname="verbatim_popup" name="verbatim_popup_ui_returns_a_tag_list"/>
    <testcase time="0.007000000000005" classname="verbatim_popup" name="verbatim_popup_ui_with_type_not_equal_to_button_or_link_throws_error"/>
    <testcase time="0.007000000000005" classname="verbatim_popup" name="verbatim_popup_ui_with_type_not_equal_to_button_or_link_throws_error"/>
    <testcase time="0.00600000000000023" classname="verbatim_popup" name="verbatim_popup_ui_with_type_button_produces_a_button"/>
    <testcase time="0.00799999999999557" classname="verbatim_popup" name="verbatim_popup_ui_with_type_button_produces_a_button"/>
    <testcase time="0.00600000000000023" classname="verbatim_popup" name="verbatim_popup_ui_with_type_link_produces_a_button_with_a_class_link"/>
    <testcase time="0.00600000000000023" classname="verbatim_popup" name="verbatim_popup_ui_with_type_link_produces_a_button_with_a_class_link"/>
  </testsuite>
  <testsuite name="verbatim_popup_ui" timestamp="2025-08-04T12:33:31Z" hostname="28d11edfeb80" tests="9" skipped="0" failures="0" errors="0" time="3.49">
    <testcase time="0.00900000000000034" classname="verbatim_popup_ui" name="verbatim_popup_ui_returns_shiny.tag.list_"/>
    <testcase time="0.00300000000000011" classname="verbatim_popup_ui" name="verbatim_popup_ui_returns_shiny.tag.list_"/>
    <testcase time="0.292000000000002" classname="verbatim_popup_ui" name="e2e_teal.widgets_verbatim_popup_is_initialized_with_a_button_that_opens_a_modal_with_a_verbatim_text"/>
    <testcase time="2.056" classname="verbatim_popup_ui" name="e2e_teal.widgets_verbatim_popup_is_initialized_with_a_button_that_opens_a_modal_with_a_verbatim_text"/>
    <testcase time="0.560999999999993" classname="verbatim_popup_ui" name="e2e_teal.widgets_verbatim_popup_is_initialized_with_a_button_that_opens_a_modal_with_a_verbatim_text"/>
    <testcase time="0.00400000000000489" classname="verbatim_popup_ui" name="e2e_teal.widgets_verbatim_popup_is_initialized_with_a_button_that_opens_a_modal_with_a_verbatim_text"/>
    <testcase time="0.00499999999999545" classname="verbatim_popup_ui" name="e2e_teal.widgets_verbatim_popup_is_initialized_with_a_button_that_opens_a_modal_with_a_verbatim_text"/>
    <testcase time="0.00400000000000489" classname="verbatim_popup_ui" name="e2e_teal.widgets_verbatim_popup_is_initialized_with_a_button_that_opens_a_modal_with_a_verbatim_text"/>
    <testcase time="0.555999999999997" classname="verbatim_popup_ui" name="e2e_teal.widgets_verbatim_popup_is_initialized_with_a_button_that_opens_a_modal_with_a_verbatim_text"/>
  </testsuite>
</testsuites>
