<?xml version="1.0" encoding="UTF-8"?>
<testsuites>
  <testsuite name="draggable_buckets" timestamp="2025-08-01T15:40:57Z" hostname="f48d8cd7cc9f" tests="5" skipped="0" failures="0" errors="0" time="8.894">
    <testcase time="3.352" classname="draggable_buckets" name="e2e_teal.widgets_draggable_buckets_initializes_without_input"/>
    <testcase time="0.04" classname="draggable_buckets" name="e2e_teal.widgets_draggable_buckets_initializes_without_input"/>
    <testcase time="2.474" classname="draggable_buckets" name="e2e_teal.widgets_draggable_buckets_initializes_with_default_inputs"/>
    <testcase time="2.887" classname="draggable_buckets" name="e2e_teal.widgets_draggable_buckets_moving_elements_between_buckets_updates_input"/>
    <testcase time="0.141" classname="draggable_buckets" name="e2e_teal.widgets_draggable_buckets_moving_elements_between_buckets_updates_input"/>
  </testsuite>
  <testsuite name="get_dt_rows_ui" timestamp="2025-08-01T15:41:06Z" hostname="f48d8cd7cc9f" tests="5" skipped="0" failures="0" errors="0" time="2.953">
    <testcase time="2.173" classname="get_dt_rows_ui" name="e2e_teal.widgets_get_dt_rows_rows_are_settable_and_visible"/>
    <testcase time="0.0500000000000007" classname="get_dt_rows_ui" name="e2e_teal.widgets_get_dt_rows_rows_are_settable_and_visible"/>
    <testcase time="0.103" classname="get_dt_rows_ui" name="e2e_teal.widgets_get_dt_rows_rows_are_settable_and_visible"/>
    <testcase time="0.577" classname="get_dt_rows_ui" name="e2e_teal.widgets_get_dt_rows_rows_are_settable_and_visible"/>
    <testcase time="0.0500000000000007" classname="get_dt_rows_ui" name="e2e_teal.widgets_get_dt_rows_rows_are_settable_and_visible"/>
  </testsuite>
  <testsuite name="ggplot2_args" timestamp="2025-08-01T15:41:09Z" hostname="f48d8cd7cc9f" tests="33" skipped="0" failures="0" errors="0" time="0.424">
    <testcase time="0.289" classname="ggplot2_args" name="ggplot2_args_no_error_with_empty_inputs"/>
    <testcase time="0.00199999999999889" classname="ggplot2_args" name="ggplot2_args_no_error_with_empty_inputs"/>
    <testcase time="0.00200000000000067" classname="ggplot2_args" name="ggplot2_args_no_error_with_empty_inputs"/>
    <testcase time="0.00200000000000067" classname="ggplot2_args" name="ggplot2_args_no_error_with_empty_inputs"/>
    <testcase time="0.000999999999999446" classname="ggplot2_args" name="ggplot2_args_no_error_with_empty_inputs"/>
    <testcase time="0.00200000000000067" classname="ggplot2_args" name="ggplot2_args_no_error_with_empty_inputs"/>
    <testcase time="0.00599999999999845" classname="ggplot2_args" name="ggplot2_args_function_returns_object_of_ggplot2_args_and_list_classes"/>
    <testcase time="0.00400000000000134" classname="ggplot2_args" name="ggplot2_args_accepts_named_lists_for_arguments_labs_and_theme"/>
    <testcase time="0.00799999999999912" classname="ggplot2_args" name="ggplot2_args_throws_error_when_argument_name_is_not_valid."/>
    <testcase time="0.00500000000000078" classname="ggplot2_args" name="ggplot2_args_throws_error_when_argument_name_is_not_valid."/>
    <testcase time="0.00499999999999901" classname="ggplot2_args" name="resolve_ggplot2_args_accepts_empty_inputs"/>
    <testcase time="0.00500000000000078" classname="ggplot2_args" name="resolve_ggplot2_args_support_NULL_inputs"/>
    <testcase time="0.00699999999999967" classname="ggplot2_args" name="resolve_ggplot2_args_throws_error_with_empty_list"/>
    <testcase time="0.00600000000000023" classname="ggplot2_args" name="resolve_ggplot2_args_function_returns_object_of_ggplot2_args_and_list_classes"/>
    <testcase time="0.00500000000000078" classname="ggplot2_args" name="parse_ggplot2_args_accepts_empty_inputs"/>
    <testcase time="0.00199999999999889" classname="ggplot2_args" name="parse_ggplot2_args_accepts_empty_inputs"/>
    <testcase time="0.00699999999999967" classname="ggplot2_args" name="parse_ggplot2_args_throws_error_with_empty_list"/>
    <testcase time="0.00500000000000078" classname="ggplot2_args" name="parse_ggplot2_args_accepts_an_empty_ggplot2_args_as_minimum_requirement."/>
    <testcase time="0.00499999999999901" classname="ggplot2_args" name="resolve_ggplot2_args_uses_input_from_only_end_user_provided_ggplot2_args_source"/>
    <testcase time="0.00200000000000067" classname="ggplot2_args" name="resolve_ggplot2_args_uses_input_from_only_end_user_provided_ggplot2_args_source"/>
    <testcase time="0.00200000000000067" classname="ggplot2_args" name="resolve_ggplot2_args_uses_input_from_only_end_user_provided_ggplot2_args_source"/>
    <testcase time="0.00399999999999956" classname="ggplot2_args" name="parse_ggplot2_args_when_resolve_ggplot2_args_uses_input_from_only_end_user_provided_ggplot2_args_source"/>
    <testcase time="0.00200000000000067" classname="ggplot2_args" name="parse_ggplot2_args_when_resolve_ggplot2_args_uses_input_from_only_end_user_provided_ggplot2_args_source"/>
    <testcase time="0.00399999999999956" classname="ggplot2_args" name="resolve_ggplot2_args_prioritizes_user_plot_input_over_user_default_input."/>
    <testcase time="0.00900000000000034" classname="ggplot2_args" name="parse_ggplot2_args_when_resolve_ggplot2_args_prioritizes_user_plot_input_over_user_default_input."/>
    <testcase time="0.00499999999999901" classname="ggplot2_args" name="resolve_ggplot2_args_refers_to_global_teal.ggplot2_args_options_with_empty_input"/>
    <testcase time="0.00399999999999956" classname="ggplot2_args" name="parse_ggplot2_args_when_resolve_ggplot2_args_refers_to_global_teal.ggplot2_args_options_with_empty_input"/>
    <testcase time="0.00700000000000145" classname="ggplot2_args" name="parse_ggplot2_args_deparse_needed_to_expand_ggplot2_objects_like_element_blank"/>
    <testcase time="0.00300000000000011" classname="ggplot2_args" name="parse_ggplot2_args_deparse_needed_to_expand_ggplot2_objects_like_element_blank"/>
    <testcase time="0.00599999999999845" classname="ggplot2_args" name="resolve_ggplot2_args_priorotizes_input_in_the_order_user_plot_user_default_teal.ggplot2_args_and_module_plot"/>
    <testcase time="0.00400000000000134" classname="ggplot2_args" name="parse_ggplot2_args_when_resolve_ggplot2_args_priorotizes_input_in_the_order_user_plot_user_default_teal.ggplot2_args_and_module_plot"/>
    <testcase time="0.00199999999999889" classname="ggplot2_args" name="parse_ggplot2_args_when_resolve_ggplot2_args_priorotizes_input_in_the_order_user_plot_user_default_teal.ggplot2_args_and_module_plot"/>
    <testcase time="0.00200000000000067" classname="ggplot2_args" name="parse_ggplot2_args_when_resolve_ggplot2_args_priorotizes_input_in_the_order_user_plot_user_default_teal.ggplot2_args_and_module_plot"/>
  </testsuite>
  <testsuite name="nested_closeable_modal_ui" timestamp="2025-08-01T15:41:09Z" hostname="f48d8cd7cc9f" tests="6" skipped="0" failures="0" errors="0" time="2.922">
    <testcase time="2.347" classname="nested_closeable_modal_ui" name="e2e_teal.widgets_nested_closeable_modal_initializes"/>
    <testcase time="0.00600000000000023" classname="nested_closeable_modal_ui" name="e2e_teal.widgets_nested_closeable_modal_initializes"/>
    <testcase time="0.00600000000000023" classname="nested_closeable_modal_ui" name="e2e_teal.widgets_nested_closeable_modal_initializes"/>
    <testcase time="0.00600000000000023" classname="nested_closeable_modal_ui" name="e2e_teal.widgets_nested_closeable_modal_initializes"/>
    <testcase time="0.551" classname="nested_closeable_modal_ui" name="e2e_teal.widgets_nested_closeable_modal_initializes"/>
    <testcase time="0.00600000000000023" classname="nested_closeable_modal_ui" name="e2e_teal.widgets_nested_closeable_modal_initializes"/>
  </testsuite>
  <testsuite name="optionalInput" timestamp="2025-08-01T15:41:12Z" hostname="f48d8cd7cc9f" tests="7" skipped="0" failures="0" errors="0" time="0.115">
    <testcase time="0.0809999999999995" classname="optionalInput" name="optionalSliderInput_single_value"/>
    <testcase time="0.00799999999999912" classname="optionalInput" name="optionalSliderInput_single_value_out_of_range"/>
    <testcase time="0.00600000000000023" classname="optionalInput" name="optionalSliderInput_double_value"/>
    <testcase time="0.0080000000000009" classname="optionalInput" name="optionalSliderInput_double_value_out_of_range"/>
    <testcase time="0.00600000000000023" classname="optionalInput" name="optionalSliderInput_min_max_NA"/>
    <testcase time="0.00300000000000011" classname="optionalInput" name="optionalSliderInput_min_max_NA"/>
    <testcase time="0.00300000000000011" classname="optionalInput" name="optionalSliderInput_min_max_NA"/>
  </testsuite>
  <testsuite name="optionalSelectInput_ui" timestamp="2025-08-01T15:41:12Z" hostname="f48d8cd7cc9f" tests="15" skipped="0" failures="0" errors="0" time="3.218">
    <testcase time="2.882" classname="optionalSelectInput_ui" name="e2e_teal.widgets_optionalSelectInput_initializes"/>
    <testcase time="0.00199999999999889" classname="optionalSelectInput_ui" name="e2e_teal.widgets_optionalSelectInput_initializes"/>
    <testcase time="0.00700000000000145" classname="optionalSelectInput_ui" name="e2e_teal.widgets_optionalSelectInput_initializes"/>
    <testcase time="0.00199999999999889" classname="optionalSelectInput_ui" name="e2e_teal.widgets_optionalSelectInput_initializes"/>
    <testcase time="0.00700000000000145" classname="optionalSelectInput_ui" name="e2e_teal.widgets_optionalSelectInput_initializes"/>
    <testcase time="0.00199999999999889" classname="optionalSelectInput_ui" name="e2e_teal.widgets_optionalSelectInput_initializes"/>
    <testcase time="0.00700000000000145" classname="optionalSelectInput_ui" name="e2e_teal.widgets_optionalSelectInput_initializes"/>
    <testcase time="0.00199999999999889" classname="optionalSelectInput_ui" name="e2e_teal.widgets_optionalSelectInput_initializes"/>
    <testcase time="0.00799999999999912" classname="optionalSelectInput_ui" name="e2e_teal.widgets_optionalSelectInput_initializes"/>
    <testcase time="0.00100000000000122" classname="optionalSelectInput_ui" name="e2e_teal.widgets_optionalSelectInput_initializes"/>
    <testcase time="0.00799999999999912" classname="optionalSelectInput_ui" name="e2e_teal.widgets_optionalSelectInput_initializes"/>
    <testcase time="0.00100000000000122" classname="optionalSelectInput_ui" name="e2e_teal.widgets_optionalSelectInput_initializes"/>
    <testcase time="0.209999999999997" classname="optionalSelectInput_ui" name="e2e_teal.widgets_optionalSelectInput_initializes"/>
    <testcase time="0.0630000000000024" classname="optionalSelectInput_ui" name="e2e_teal.widgets_optionalSelectInput_initializes"/>
    <testcase time="0.0159999999999982" classname="optionalSelectInput_ui" name="e2e_teal.widgets_optionalSelectInput_initializes"/>
  </testsuite>
  <testsuite name="optionalSliderInputValMinMax_ui" timestamp="2025-08-01T15:41:16Z" hostname="f48d8cd7cc9f" tests="2" skipped="0" failures="0" errors="0" time="2.488">
    <testcase time="2.48" classname="optionalSliderInputValMinMax_ui" name="e2e_teal.widgets_optionalSliderInputValMinMax_initializes"/>
    <testcase time="0.00799999999999912" classname="optionalSliderInputValMinMax_ui" name="e2e_teal.widgets_optionalSliderInputValMinMax_initializes"/>
  </testsuite>
  <testsuite name="plot_with_settings" timestamp="2025-08-01T15:41:18Z" hostname="f48d8cd7cc9f" tests="64" skipped="0" failures="0" errors="0" time="2.815">
    <testcase time="0.0850000000000009" classname="plot_with_settings" name="if_teal.plot_dpi_is_not_set_then_get_plot_dpi_returns_72_"/>
    <testcase time="0.00499999999999901" classname="plot_with_settings" name="if_teal.plot_dpi_is_an_integer_value_at_least_24_then_get_plot_dpi_returns_its_value"/>
    <testcase time="0.00100000000000122" classname="plot_with_settings" name="if_teal.plot_dpi_is_an_integer_value_at_least_24_then_get_plot_dpi_returns_its_value"/>
    <testcase time="0.00199999999999889" classname="plot_with_settings" name="if_teal.plot_dpi_is_an_integer_value_at_least_24_then_get_plot_dpi_returns_its_value"/>
    <testcase time="0.00100000000000122" classname="plot_with_settings" name="if_teal.plot_dpi_is_an_integer_value_at_least_24_then_get_plot_dpi_returns_its_value"/>
    <testcase time="0.00600000000000023" classname="plot_with_settings" name="if_teal.plot_dpi_is_an_integer_value_less_24_then_get_plot_dpi_returns_72"/>
    <testcase time="0.00199999999999889" classname="plot_with_settings" name="if_teal.plot_dpi_is_an_integer_value_less_24_then_get_plot_dpi_returns_72"/>
    <testcase time="0.00200000000000244" classname="plot_with_settings" name="if_teal.plot_dpi_is_an_integer_value_less_24_then_get_plot_dpi_returns_72"/>
    <testcase time="0.00199999999999889" classname="plot_with_settings" name="if_teal.plot_dpi_is_an_integer_value_less_24_then_get_plot_dpi_returns_72"/>
    <testcase time="0.0100000000000016" classname="plot_with_settings" name="if_teal.plot_dpi_is_not_an_integer_value_then_get_plot_dpi_returns_72"/>
    <testcase time="0.000999999999997669" classname="plot_with_settings" name="if_teal.plot_dpi_is_not_an_integer_value_then_get_plot_dpi_returns_72"/>
    <testcase time="0.00300000000000011" classname="plot_with_settings" name="if_teal.plot_dpi_is_not_an_integer_value_then_get_plot_dpi_returns_72"/>
    <testcase time="0.00100000000000122" classname="plot_with_settings" name="if_teal.plot_dpi_is_not_an_integer_value_then_get_plot_dpi_returns_72"/>
    <testcase time="0.212" classname="plot_with_settings" name="print_plot_is_able_to_plot_different_types_of_graphics"/>
    <testcase time="0.0459999999999994" classname="plot_with_settings" name="print_plot_is_able_to_plot_different_types_of_graphics"/>
    <testcase time="0.0700000000000003" classname="plot_with_settings" name="print_plot_is_able_to_plot_different_types_of_graphics"/>
    <testcase time="0.00499999999999901" classname="plot_with_settings" name="print_plot_is_able_to_plot_different_types_of_graphics"/>
    <testcase time="0.0139999999999993" classname="plot_with_settings" name="print_plot_is_able_to_plot_different_types_of_graphics"/>
    <testcase time="0.00400000000000134" classname="plot_with_settings" name="print_plot_is_able_to_plot_different_types_of_graphics"/>
    <testcase time="0.00799999999999912" classname="plot_with_settings" name="clean_brushedPoints_returns_error_with_wrong_input"/>
    <testcase time="0.00500000000000256" classname="plot_with_settings" name="clean_brushedPoints_returns_error_with_wrong_input"/>
    <testcase time="0.00499999999999901" classname="plot_with_settings" name="clean_brushedPoints_returns_error_with_wrong_input"/>
    <testcase time="0.00499999999999901" classname="plot_with_settings" name="clean_brushedPoints_returns_a_data_frame_with_minimal_correct_input"/>
    <testcase time="0.00400000000000134" classname="plot_with_settings" name="clean_brushedPoints_removal_of_NA_points"/>
    <testcase time="0.00300000000000011" classname="plot_with_settings" name="clean_brushedPoints_removal_of_NA_points"/>
    <testcase time="0.00199999999999889" classname="plot_with_settings" name="clean_brushedPoints_removal_of_NA_points"/>
    <testcase time="0.138000000000002" classname="plot_with_settings" name="type_download_srv_download_all_types_of_files_with_default_name"/>
    <testcase time="0.00799999999999912" classname="plot_with_settings" name="type_download_srv_download_all_types_of_files_with_default_name"/>
    <testcase time="0.00999999999999801" classname="plot_with_settings" name="type_download_srv_download_all_types_of_files_with_default_name"/>
    <testcase time="0.00500000000000256" classname="plot_with_settings" name="type_download_srv_download_all_types_of_files_with_default_name"/>
    <testcase time="0.0120000000000005" classname="plot_with_settings" name="type_download_srv_download_all_types_of_files_with_default_name"/>
    <testcase time="0.00599999999999667" classname="plot_with_settings" name="type_download_srv_download_all_types_of_files_with_default_name"/>
    <testcase time="0.032" classname="plot_with_settings" name="type_download_srv_download_all_types_of_files_and_change_the_name"/>
    <testcase time="0.00800000000000267" classname="plot_with_settings" name="type_download_srv_download_all_types_of_files_and_change_the_name"/>
    <testcase time="0.0120000000000005" classname="plot_with_settings" name="type_download_srv_download_all_types_of_files_and_change_the_name"/>
    <testcase time="0.00499999999999901" classname="plot_with_settings" name="type_download_srv_download_all_types_of_files_and_change_the_name"/>
    <testcase time="0.0109999999999992" classname="plot_with_settings" name="type_download_srv_download_all_types_of_files_and_change_the_name"/>
    <testcase time="0.00600000000000023" classname="plot_with_settings" name="type_download_srv_download_all_types_of_files_and_change_the_name"/>
    <testcase time="0.0390000000000015" classname="plot_with_settings" name="type_download_srv_downloads_a_png_file_with_different_dimensions"/>
    <testcase time="0.0339999999999989" classname="plot_with_settings" name="type_download_srv_downloads_a_png_file_using_default_dimensions_input_dimensions_are_NULL"/>
    <testcase time="0.0199999999999996" classname="plot_with_settings" name="plot_with_settings_srv_assert_error"/>
    <testcase time="0.0169999999999995" classname="plot_with_settings" name="plot_with_settings_srv_assert_error"/>
    <testcase time="0.0150000000000006" classname="plot_with_settings" name="plot_with_settings_srv_assert_error"/>
    <testcase time="0.0150000000000006" classname="plot_with_settings" name="plot_with_settings_srv_assert_error"/>
    <testcase time="0.0210000000000008" classname="plot_with_settings" name="plot_with_settings_srv_assert_error"/>
    <testcase time="0.014999999999997" classname="plot_with_settings" name="plot_with_settings_srv_assert_error"/>
    <testcase time="0.0150000000000006" classname="plot_with_settings" name="plot_with_settings_srv_assert_error"/>
    <testcase time="0.0139999999999993" classname="plot_with_settings" name="plot_with_settings_srv_assert_error"/>
    <testcase time="0.0160000000000018" classname="plot_with_settings" name="plot_with_settings_srv_assert_error"/>
    <testcase time="0.234999999999999" classname="plot_with_settings" name="plot_with_settings_srv_set_dimensions_and_download_a_png_file_base"/>
    <testcase time="0.0139999999999993" classname="plot_with_settings" name="plot_with_settings_srv_set_dimensions_and_download_a_png_file_base"/>
    <testcase time="0.251000000000001" classname="plot_with_settings" name="plot_with_settings_srv_set_dimensions_and_download_a_png_file_ggplot2"/>
    <testcase time="0.125" classname="plot_with_settings" name="plot_with_settings_srv_set_dimensions_and_download_a_png_file_ggplot2"/>
    <testcase time="0.43" classname="plot_with_settings" name="plot_with_settings_srv_set_dimensions_and_download_a_png_file_grob"/>
    <testcase time="0.0800000000000018" classname="plot_with_settings" name="plot_with_settings_srv_set_dimensions_and_download_a_png_file_grob"/>
    <testcase time="0.164999999999999" classname="plot_with_settings" name="plot_with_settings_srv_set_dimensions_and_download_a_png_file_trellis"/>
    <testcase time="0.0380000000000003" classname="plot_with_settings" name="plot_with_settings_srv_set_dimensions_and_download_a_png_file_trellis"/>
    <testcase time="0.169999999999998" classname="plot_with_settings" name="plot_with_settings_srv_set_dimensions_and_download_a_png_file_WRONG_type"/>
    <testcase time="0.0120000000000005" classname="plot_with_settings" name="plot_with_settings_srv_set_dimensions_and_download_a_png_file_WRONG_type"/>
    <testcase time="0.149000000000001" classname="plot_with_settings" name="plot_with_settings_srv_expand_no_error"/>
    <testcase time="0.158999999999999" classname="plot_with_settings" name="plot_with_settings_srv_returns_the_click_ggplot2_functionalities_metadata"/>
    <testcase time="0.00300000000000011" classname="plot_with_settings" name="plot_with_settings_srv_returns_the_click_ggplot2_functionalities_metadata"/>
    <testcase time="0.00300000000000011" classname="plot_with_settings" name="plot_with_settings_srv_returns_the_click_ggplot2_functionalities_metadata"/>
    <testcase time="0.00300000000000011" classname="plot_with_settings" name="plot_with_settings_srv_returns_the_click_ggplot2_functionalities_metadata"/>
  </testsuite>
  <testsuite name="plot_with_settings_ui" timestamp="2025-08-01T15:41:21Z" hostname="f48d8cd7cc9f" tests="43" skipped="0" failures="0" errors="0" time="52.403">
    <testcase time="0.0160000000000018" classname="plot_with_settings_ui" name="type_download_ui_returns_shiny.tag_"/>
    <testcase time="0.0169999999999995" classname="plot_with_settings_ui" name="plot_with_settings_ui_returns_shiny.tag_"/>
    <testcase time="3.595" classname="plot_with_settings_ui" name="e2e_teal.widgets_plot_with_settings_initializes_with_a_plot_and_the_settings_buttons"/>
    <testcase time="0.00700000000000145" classname="plot_with_settings_ui" name="e2e_teal.widgets_plot_with_settings_initializes_with_a_plot_and_the_settings_buttons"/>
    <testcase time="4.189" classname="plot_with_settings_ui" name="e2e_teal.widgets_plot_with_settings_buttons_have_proper_FA_icons_and_two_of_them_are_dropdowns"/>
    <testcase time="0.0110000000000028" classname="plot_with_settings_ui" name="e2e_teal.widgets_plot_with_settings_buttons_have_proper_FA_icons_and_two_of_them_are_dropdowns"/>
    <testcase time="0.0069999999999979" classname="plot_with_settings_ui" name="e2e_teal.widgets_plot_with_settings_buttons_have_proper_FA_icons_and_two_of_them_are_dropdowns"/>
    <testcase time="0.00100000000000477" classname="plot_with_settings_ui" name="e2e_teal.widgets_plot_with_settings_buttons_have_proper_FA_icons_and_two_of_them_are_dropdowns"/>
    <testcase time="0.00600000000000023" classname="plot_with_settings_ui" name="e2e_teal.widgets_plot_with_settings_buttons_have_proper_FA_icons_and_two_of_them_are_dropdowns"/>
    <testcase time="0.204999999999998" classname="plot_with_settings_ui" name="e2e_teal.widgets_plot_with_settings_buttons_have_proper_FA_icons_and_two_of_them_are_dropdowns"/>
    <testcase time="0.0069999999999979" classname="plot_with_settings_ui" name="e2e_teal.widgets_plot_with_settings_buttons_have_proper_FA_icons_and_two_of_them_are_dropdowns"/>
    <testcase time="0.0410000000000039" classname="plot_with_settings_ui" name="e2e_teal.widgets_plot_with_settings_buttons_have_proper_FA_icons_and_two_of_them_are_dropdowns"/>
    <testcase time="0.00300000000000011" classname="plot_with_settings_ui" name="e2e_teal.widgets_plot_with_settings_buttons_have_proper_FA_icons_and_two_of_them_are_dropdowns"/>
    <testcase time="4.479" classname="plot_with_settings_ui" name="e2e_teal.widgets_plot_with_settings_the_click_on_the_expand_button_opens_an_overlay_plot_height_plot_width_plot_download_dropdown_and_dismiss_button"/>
    <testcase time="0.0549999999999997" classname="plot_with_settings_ui" name="e2e_teal.widgets_plot_with_settings_the_click_on_the_expand_button_opens_an_overlay_plot_height_plot_width_plot_download_dropdown_and_dismiss_button"/>
    <testcase time="0.0110000000000028" classname="plot_with_settings_ui" name="e2e_teal.widgets_plot_with_settings_the_click_on_the_expand_button_opens_an_overlay_plot_height_plot_width_plot_download_dropdown_and_dismiss_button"/>
    <testcase time="0.00799999999999557" classname="plot_with_settings_ui" name="e2e_teal.widgets_plot_with_settings_the_click_on_the_expand_button_opens_an_overlay_plot_height_plot_width_plot_download_dropdown_and_dismiss_button"/>
    <testcase time="0.00600000000000023" classname="plot_with_settings_ui" name="e2e_teal.widgets_plot_with_settings_the_click_on_the_expand_button_opens_an_overlay_plot_height_plot_width_plot_download_dropdown_and_dismiss_button"/>
    <testcase time="4.355" classname="plot_with_settings_ui" name="e2e_teal.widgets_plot_with_settings_the_click_on_the_download_button_in_expand_modal_opens_a_download_dropdown"/>
    <testcase time="0.00600000000000023" classname="plot_with_settings_ui" name="e2e_teal.widgets_plot_with_settings_the_click_on_the_download_button_in_expand_modal_opens_a_download_dropdown"/>
    <testcase time="0.0109999999999957" classname="plot_with_settings_ui" name="e2e_teal.widgets_plot_with_settings_the_click_on_the_download_button_in_expand_modal_opens_a_download_dropdown"/>
    <testcase time="0.00500000000000256" classname="plot_with_settings_ui" name="e2e_teal.widgets_plot_with_settings_the_click_on_the_download_button_in_expand_modal_opens_a_download_dropdown"/>
    <testcase time="0.207000000000001" classname="plot_with_settings_ui" name="e2e_teal.widgets_plot_with_settings_the_click_on_the_download_button_in_expand_modal_opens_a_download_dropdown"/>
    <testcase time="3.491" classname="plot_with_settings_ui" name="e2e_teal.widgets_plot_with_settings_the_click_on_the_resize_button_opens_a_dropdown_menu_plot_height_plot_width_plot_download_dropdown_and_dismiss_button"/>
    <testcase time="1.025" classname="plot_with_settings_ui" name="e2e_teal.widgets_plot_with_settings_the_click_on_the_resize_button_opens_a_dropdown_menu_plot_height_plot_width_plot_download_dropdown_and_dismiss_button"/>
    <testcase time="0.00500000000000256" classname="plot_with_settings_ui" name="e2e_teal.widgets_plot_with_settings_the_click_on_the_resize_button_opens_a_dropdown_menu_plot_height_plot_width_plot_download_dropdown_and_dismiss_button"/>
    <testcase time="0.149999999999999" classname="plot_with_settings_ui" name="e2e_teal.widgets_plot_with_settings_the_click_on_the_resize_button_opens_a_dropdown_menu_plot_height_plot_width_plot_download_dropdown_and_dismiss_button"/>
    <testcase time="0.00600000000000023" classname="plot_with_settings_ui" name="e2e_teal.widgets_plot_with_settings_the_click_on_the_resize_button_opens_a_dropdown_menu_plot_height_plot_width_plot_download_dropdown_and_dismiss_button"/>
    <testcase time="3.506" classname="plot_with_settings_ui" name="e2e_teal.widgets_plot_with_settings_it_is_possible_to_set_height_and_width_for_the_plot_on_the_third_button_dropdown_menu_without_errors"/>
    <testcase time="4.218" classname="plot_with_settings_ui" name="e2e_teal.widgets_plot_with_settings_clicking_download_download_button_downloads_image_in_a_specified_format"/>
    <testcase time="4.946" classname="plot_with_settings_ui" name="e2e_teal.widgets_plot_with_settings_expanded_image_can_be_resized"/>
    <testcase time="0.00200000000000244" classname="plot_with_settings_ui" name="e2e_teal.widgets_plot_with_settings_expanded_image_can_be_resized"/>
    <testcase time="2.71299999999999" classname="plot_with_settings_ui" name="e2e_teal.widgets_plot_with_settings_expanded_image_can_be_resized"/>
    <testcase time="0.00100000000000477" classname="plot_with_settings_ui" name="e2e_teal.widgets_plot_with_settings_expanded_image_can_be_resized"/>
    <testcase time="0.00300000000000011" classname="plot_with_settings_ui" name="e2e_teal.widgets_plot_with_settings_expanded_image_can_be_resized"/>
    <testcase time="4.955" classname="plot_with_settings_ui" name="e2e_teal.widgets_plot_with_settings_expanded_image_can_be_downloaded"/>
    <testcase time="4.56099999999999" classname="plot_with_settings_ui" name="e2e_teal.widgets_plot_with_settings_main_image_can_be_resized"/>
    <testcase time="0.0100000000000051" classname="plot_with_settings_ui" name="e2e_teal.widgets_plot_with_settings_main_image_can_be_resized"/>
    <testcase time="0.218000000000004" classname="plot_with_settings_ui" name="e2e_teal.widgets_plot_with_settings_main_image_can_be_resized"/>
    <testcase time="0.0109999999999957" classname="plot_with_settings_ui" name="e2e_teal.widgets_plot_with_settings_main_image_can_be_resized"/>
    <testcase time="0.0109999999999957" classname="plot_with_settings_ui" name="e2e_teal.widgets_plot_with_settings_main_image_can_be_resized"/>
    <testcase time="5.32000000000001" classname="plot_with_settings_ui" name="e2e_teal.widgets_plot_with_settings_scrollbar_appears_when_image_is_resized"/>
    <testcase time="0.00300000000000011" classname="plot_with_settings_ui" name="e2e_teal.widgets_plot_with_settings_scrollbar_appears_when_image_is_resized"/>
  </testsuite>
  <testsuite name="standard_layout" timestamp="2025-08-01T15:42:13Z" hostname="f48d8cd7cc9f" tests="6" skipped="0" failures="0" errors="0" time="0.152">
    <testcase time="0.126999999999995" classname="standard_layout" name="Input_validation"/>
    <testcase time="0.00600000000000023" classname="standard_layout" name="Input_validation"/>
    <testcase time="0.00499999999999545" classname="standard_layout" name="Input_validation"/>
    <testcase time="0.00500000000000966" classname="standard_layout" name="Input_validation"/>
    <testcase time="0.00499999999999545" classname="standard_layout" name="Input_validation"/>
    <testcase time="0.00399999999999068" classname="standard_layout" name="Input_validation"/>
  </testsuite>
  <testsuite name="table_args" timestamp="2025-08-01T15:42:13Z" hostname="f48d8cd7cc9f" tests="30" skipped="0" failures="0" errors="0" time="0.382">
    <testcase time="0.254000000000005" classname="table_args" name="basic_table_args_returns_empty_basic_table_args_with_empty_inputs"/>
    <testcase time="0.00100000000000477" classname="table_args" name="basic_table_args_returns_empty_basic_table_args_with_empty_inputs"/>
    <testcase time="0.00600000000000023" classname="table_args" name="basic_table_args_function_returns_list_of_the_basic_table_args_class"/>
    <testcase time="0.00399999999999068" classname="table_args" name="basic_table_args_rtables_arguments_validation_correct_input"/>
    <testcase time="0.00600000000000023" classname="table_args" name="basic_table_args_rtables_arguments_validation_incorrect_input"/>
    <testcase time="0.00400000000000489" classname="table_args" name="resolve_basic_table_args_returns_empty_basic_table_args_with_empty_input"/>
    <testcase time="0.007000000000005" classname="table_args" name="resolve_basic_table_args_error_with_empty_list_as_need_a_basic_table_args_class"/>
    <testcase time="0.00499999999999545" classname="table_args" name="resolve_basic_table_args_need_a_basic_table_args_class_or_NULL_for_each_of_its_arguments"/>
    <testcase time="0.00100000000000477" classname="table_args" name="resolve_basic_table_args_need_a_basic_table_args_class_or_NULL_for_each_of_its_arguments"/>
    <testcase time="0.00300000000000011" classname="table_args" name="resolve_basic_table_args_returns_empty_basic_table_args_with_any_list_input_in_basic_table_args"/>
    <testcase time="0.00199999999999534" classname="table_args" name="resolve_basic_table_args_returns_empty_basic_table_args_with_any_list_input_in_basic_table_args"/>
    <testcase time="0.0250000000000057" classname="table_args" name="resolve_basic_table_args_error_with_any_list_or_NULL_input_in_its_arguments_when_it_is_not_only_one"/>
    <testcase time="0.007000000000005" classname="table_args" name="resolve_basic_table_args_error_with_any_list_or_NULL_input_in_its_arguments_when_it_is_not_only_one"/>
    <testcase time="0.00499999999999545" classname="table_args" name="resolve_basic_table_args_error_with_any_list_or_NULL_input_in_its_arguments_when_it_is_not_only_one"/>
    <testcase time="0.00400000000000489" classname="table_args" name="resolve_basic_table_args_support_NULL_inputs"/>
    <testcase time="0.00600000000000023" classname="table_args" name="resolve_basic_table_args_returns_object_of_basic_table_args_and_list_classes"/>
    <testcase time="0.00300000000000011" classname="table_args" name="resolve_basic_table_args_returns_object_of_basic_table_args_and_list_classes"/>
    <testcase time="0.00699999999999079" classname="table_args" name="parse_basic_table_args_throws_error_with_empty_list"/>
    <testcase time="0.00300000000000011" classname="table_args" name="parse_basic_table_args_returns_language_object_of_empty_rtables_basic_table_call"/>
    <testcase time="0.00100000000000477" classname="table_args" name="parse_basic_table_args_returns_language_object_of_empty_rtables_basic_table_call"/>
    <testcase time="0.00199999999999534" classname="table_args" name="parse_basic_table_args_returns_language_object_of_empty_rtables_basic_table_call"/>
    <testcase time="0.00300000000000011" classname="table_args" name="resolve_basic_table_args_uses_input_from_only_end_user_provided_basic_table_args_source"/>
    <testcase time="0.000999999999990564" classname="table_args" name="resolve_basic_table_args_uses_input_from_only_end_user_provided_basic_table_args_source"/>
    <testcase time="0.00200000000000955" classname="table_args" name="resolve_basic_table_args_uses_input_from_only_end_user_provided_basic_table_args_source"/>
    <testcase time="0.00300000000000011" classname="table_args" name="parse_basic_table_args_when_resolve_basic_table_args_uses_inputfrom_only_end_user_provided_basic_table_args_source"/>
    <testcase time="0.00199999999999534" classname="table_args" name="parse_basic_table_args_when_resolve_basic_table_args_uses_inputfrom_only_end_user_provided_basic_table_args_source"/>
    <testcase time="0.00400000000000489" classname="table_args" name="resolve_basic_table_args_refers_to_global_teal.basic_table_args_options_with_empty_input"/>
    <testcase time="0.00399999999999068" classname="table_args" name="parse_basic_table_args_when_resolve_basic_table_args_refers_to_global_teal.basic_table_argsoptions_with_empty_input"/>
    <testcase time="0.00300000000000011" classname="table_args" name="resolve_basic_table_args_prioritizes_input_in_the_order_user_table_user_default_teal.basic_table_args_and_module_plot"/>
    <testcase time="0.00400000000000489" classname="table_args" name="parse_basic_table_args_when_resolve_basic_table_args_prioritizes_input_in_the_order_user_table_user_default_teal.basic_table_args_and_module_plot"/>
  </testsuite>
  <testsuite name="table_with_settings" timestamp="2025-08-01T15:42:14Z" hostname="f48d8cd7cc9f" tests="28" skipped="0" failures="0" errors="0" time="2.614">
    <testcase time="0.019999999999996" classname="table_with_settings" name="table_with_settings_srv_assertions"/>
    <testcase time="0.0139999999999958" classname="table_with_settings" name="table_with_settings_srv_assertions"/>
    <testcase time="0.26700000000001" classname="table_with_settings" name="table_with_settings_srv_hiding_works"/>
    <testcase time="0.10799999999999" classname="table_with_settings" name="table_with_settings_srv_return_html_table"/>
    <testcase time="0.00400000000000489" classname="table_with_settings" name="table_with_settings_srv_return_html_table"/>
    <testcase time="0.103000000000009" classname="table_with_settings" name="table_with_settings_srv_expand_works"/>
    <testcase time="0.0829999999999984" classname="table_with_settings" name="type_download_srv_table_downloading_different_output_types_custom_name"/>
    <testcase time="0.0999999999999943" classname="table_with_settings" name="type_download_srv_table_downloading_different_output_types_custom_name"/>
    <testcase time="0.0490000000000066" classname="table_with_settings" name="type_download_srv_table_downloading_different_output_types_custom_name"/>
    <testcase time="0.0279999999999916" classname="table_with_settings" name="type_download_srv_table_downloading_different_output_types_custom_name"/>
    <testcase time="0.0510000000000019" classname="table_with_settings" name="type_download_srv_table_downloading_different_output_types_custom_name"/>
    <testcase time="0.0370000000000061" classname="table_with_settings" name="type_download_srv_table_downloading_different_output_types_custom_name"/>
    <testcase time="0.0759999999999934" classname="table_with_settings" name="type_download_srv_table_downloading_different_output_types_no_name"/>
    <testcase time="0.034000000000006" classname="table_with_settings" name="type_download_srv_table_downloading_different_output_types_no_name"/>
    <testcase time="0.0459999999999923" classname="table_with_settings" name="type_download_srv_table_downloading_different_output_types_no_name"/>
    <testcase time="0.0250000000000057" classname="table_with_settings" name="type_download_srv_table_downloading_different_output_types_no_name"/>
    <testcase time="0.0459999999999923" classname="table_with_settings" name="type_download_srv_table_downloading_different_output_types_no_name"/>
    <testcase time="0.034000000000006" classname="table_with_settings" name="type_download_srv_table_downloading_different_output_types_no_name"/>
    <testcase time="0.200000000000003" classname="table_with_settings" name="type_download_srv_table_downloading_different_output_types_pagination"/>
    <testcase time="0.0929999999999893" classname="table_with_settings" name="type_download_srv_table_downloading_different_output_types_pagination"/>
    <testcase time="0.186000000000007" classname="table_with_settings" name="type_download_srv_table_downloading_different_output_types_pagination"/>
    <testcase time="0.0289999999999964" classname="table_with_settings" name="type_download_srv_table_downloading_different_output_types_pagination"/>
    <testcase time="0.171999999999997" classname="table_with_settings" name="type_download_srv_table_downloading_different_output_types_pagination"/>
    <testcase time="0.0930000000000035" classname="table_with_settings" name="type_download_srv_table_downloading_different_output_types_pagination"/>
    <testcase time="0.177999999999997" classname="table_with_settings" name="type_download_srv_table_pagination_lpp_to_small"/>
    <testcase time="0.287999999999997" classname="table_with_settings" name="type_download_srv_table_pagination_lpp_to_small"/>
    <testcase time="0.070999999999998" classname="table_with_settings" name="type_download_srv_table_content_of_the_table_csv"/>
    <testcase time="0.179000000000002" classname="table_with_settings" name="type_download_srv_table_content_of_the_table_txt"/>
  </testsuite>
  <testsuite name="table_with_settings_ui" timestamp="2025-08-01T15:42:16Z" hostname="f48d8cd7cc9f" tests="56" skipped="0" failures="0" errors="0" time="33.689">
    <testcase time="0.0220000000000056" classname="table_with_settings_ui" name="table_with_settings_ui_returns_shiny.tag_"/>
    <testcase time="3.163" classname="table_with_settings_ui" name="e2e_teal.widgets_table_with_settings_is_initialized_with_2_buttons_and_a_table"/>
    <testcase time="0.007000000000005" classname="table_with_settings_ui" name="e2e_teal.widgets_table_with_settings_is_initialized_with_2_buttons_and_a_table"/>
    <testcase time="3.22199999999999" classname="table_with_settings_ui" name="e2e_teal.widgets_table_with_settings_the_click_on_the_download_button_opens_a_download_menu_with_file_type_file_name_and_download_button"/>
    <testcase time="0.00600000000000023" classname="table_with_settings_ui" name="e2e_teal.widgets_table_with_settings_the_click_on_the_download_button_opens_a_download_menu_with_file_type_file_name_and_download_button"/>
    <testcase time="0.00600000000000023" classname="table_with_settings_ui" name="e2e_teal.widgets_table_with_settings_the_click_on_the_download_button_opens_a_download_menu_with_file_type_file_name_and_download_button"/>
    <testcase time="0.680000000000007" classname="table_with_settings_ui" name="e2e_teal.widgets_table_with_settings_the_click_on_the_download_button_opens_a_download_menu_with_file_type_file_name_and_download_button"/>
    <testcase time="0.00999999999999091" classname="table_with_settings_ui" name="e2e_teal.widgets_table_with_settings_the_click_on_the_download_button_opens_a_download_menu_with_file_type_file_name_and_download_button"/>
    <testcase time="0.00500000000000966" classname="table_with_settings_ui" name="e2e_teal.widgets_table_with_settings_the_click_on_the_download_button_opens_a_download_menu_with_file_type_file_name_and_download_button"/>
    <testcase time="0.000999999999990564" classname="table_with_settings_ui" name="e2e_teal.widgets_table_with_settings_the_click_on_the_download_button_opens_a_download_menu_with_file_type_file_name_and_download_button"/>
    <testcase time="0.00200000000000955" classname="table_with_settings_ui" name="e2e_teal.widgets_table_with_settings_the_click_on_the_download_button_opens_a_download_menu_with_file_type_file_name_and_download_button"/>
    <testcase time="0.00399999999999068" classname="table_with_settings_ui" name="e2e_teal.widgets_table_with_settings_the_click_on_the_download_button_opens_a_download_menu_with_file_type_file_name_and_download_button"/>
    <testcase time="0.185000000000002" classname="table_with_settings_ui" name="e2e_teal.widgets_table_with_settings_the_click_on_the_download_button_opens_a_download_menu_with_file_type_file_name_and_download_button"/>
    <testcase time="0.0109999999999957" classname="table_with_settings_ui" name="e2e_teal.widgets_table_with_settings_the_click_on_the_download_button_opens_a_download_menu_with_file_type_file_name_and_download_button"/>
    <testcase time="0.00200000000000955" classname="table_with_settings_ui" name="e2e_teal.widgets_table_with_settings_the_click_on_the_download_button_opens_a_download_menu_with_file_type_file_name_and_download_button"/>
    <testcase time="3.88600000000001" classname="table_with_settings_ui" name="e2e_teal.widgets_table_with_settings_check_pagination_appearance_for_.txt_and_disappearance_for_.csv_for_the_first_button"/>
    <testcase time="0.000999999999990564" classname="table_with_settings_ui" name="e2e_teal.widgets_table_with_settings_check_pagination_appearance_for_.txt_and_disappearance_for_.csv_for_the_first_button"/>
    <testcase time="0.597999999999999" classname="table_with_settings_ui" name="e2e_teal.widgets_table_with_settings_check_pagination_appearance_for_.txt_and_disappearance_for_.csv_for_the_first_button"/>
    <testcase time="3.21400000000001" classname="table_with_settings_ui" name="e2e_teal.widgets_table_with_settings_the_click_on_expand_button_opens_a_modal_with_a_table"/>
    <testcase time="0.007000000000005" classname="table_with_settings_ui" name="e2e_teal.widgets_table_with_settings_the_click_on_expand_button_opens_a_modal_with_a_table"/>
    <testcase time="0.518999999999991" classname="table_with_settings_ui" name="e2e_teal.widgets_table_with_settings_the_click_on_expand_button_opens_a_modal_with_a_table"/>
    <testcase time="0.00100000000000477" classname="table_with_settings_ui" name="e2e_teal.widgets_table_with_settings_the_click_on_expand_button_opens_a_modal_with_a_table"/>
    <testcase time="0.00100000000000477" classname="table_with_settings_ui" name="e2e_teal.widgets_table_with_settings_the_click_on_expand_button_opens_a_modal_with_a_table"/>
    <testcase time="0.00199999999999534" classname="table_with_settings_ui" name="e2e_teal.widgets_table_with_settings_the_click_on_expand_button_opens_a_modal_with_a_table"/>
    <testcase time="0.00100000000000477" classname="table_with_settings_ui" name="e2e_teal.widgets_table_with_settings_the_click_on_expand_button_opens_a_modal_with_a_table"/>
    <testcase time="0.00600000000000023" classname="table_with_settings_ui" name="e2e_teal.widgets_table_with_settings_the_click_on_expand_button_opens_a_modal_with_a_table"/>
    <testcase time="0.515999999999991" classname="table_with_settings_ui" name="e2e_teal.widgets_table_with_settings_the_click_on_expand_button_opens_a_modal_with_a_table"/>
    <testcase time="0.00500000000000966" classname="table_with_settings_ui" name="e2e_teal.widgets_table_with_settings_the_click_on_expand_button_opens_a_modal_with_a_table"/>
    <testcase time="0.000999999999990564" classname="table_with_settings_ui" name="e2e_teal.widgets_table_with_settings_the_click_on_expand_button_opens_a_modal_with_a_table"/>
    <testcase time="0.00100000000000477" classname="table_with_settings_ui" name="e2e_teal.widgets_table_with_settings_the_click_on_expand_button_opens_a_modal_with_a_table"/>
    <testcase time="0.00100000000000477" classname="table_with_settings_ui" name="e2e_teal.widgets_table_with_settings_the_click_on_expand_button_opens_a_modal_with_a_table"/>
    <testcase time="0.00199999999999534" classname="table_with_settings_ui" name="e2e_teal.widgets_table_with_settings_the_click_on_expand_button_opens_a_modal_with_a_table"/>
    <testcase time="4.377" classname="table_with_settings_ui" name="e2e_teal.widgets_table_with_settings_clicking_download_in_an_expand_modal_opens_dropdown_menu_with_dwnl_settings_such_as_file_type_file_name_pagination"/>
    <testcase time="0.0120000000000005" classname="table_with_settings_ui" name="e2e_teal.widgets_table_with_settings_clicking_download_in_an_expand_modal_opens_dropdown_menu_with_dwnl_settings_such_as_file_type_file_name_pagination"/>
    <testcase time="0.007000000000005" classname="table_with_settings_ui" name="e2e_teal.widgets_table_with_settings_clicking_download_in_an_expand_modal_opens_dropdown_menu_with_dwnl_settings_such_as_file_type_file_name_pagination"/>
    <testcase time="0.00100000000000477" classname="table_with_settings_ui" name="e2e_teal.widgets_table_with_settings_clicking_download_in_an_expand_modal_opens_dropdown_menu_with_dwnl_settings_such_as_file_type_file_name_pagination"/>
    <testcase time="0.000999999999990564" classname="table_with_settings_ui" name="e2e_teal.widgets_table_with_settings_clicking_download_in_an_expand_modal_opens_dropdown_menu_with_dwnl_settings_such_as_file_type_file_name_pagination"/>
    <testcase time="0.00500000000000966" classname="table_with_settings_ui" name="e2e_teal.widgets_table_with_settings_clicking_download_in_an_expand_modal_opens_dropdown_menu_with_dwnl_settings_such_as_file_type_file_name_pagination"/>
    <testcase time="0.186999999999998" classname="table_with_settings_ui" name="e2e_teal.widgets_table_with_settings_clicking_download_in_an_expand_modal_opens_dropdown_menu_with_dwnl_settings_such_as_file_type_file_name_pagination"/>
    <testcase time="0.00799999999999557" classname="table_with_settings_ui" name="e2e_teal.widgets_table_with_settings_clicking_download_in_an_expand_modal_opens_dropdown_menu_with_dwnl_settings_such_as_file_type_file_name_pagination"/>
    <testcase time="0.007000000000005" classname="table_with_settings_ui" name="e2e_teal.widgets_table_with_settings_clicking_download_in_an_expand_modal_opens_dropdown_menu_with_dwnl_settings_such_as_file_type_file_name_pagination"/>
    <testcase time="0.00199999999999534" classname="table_with_settings_ui" name="e2e_teal.widgets_table_with_settings_clicking_download_in_an_expand_modal_opens_dropdown_menu_with_dwnl_settings_such_as_file_type_file_name_pagination"/>
    <testcase time="4.364" classname="table_with_settings_ui" name="e2e_teal.widgets_table_with_settings_check_pagination_appearance_for_.txt_and_disappearance_for_.csv_for_the_modal_on_the_second_button"/>
    <testcase time="0.000999999999990564" classname="table_with_settings_ui" name="e2e_teal.widgets_table_with_settings_check_pagination_appearance_for_.txt_and_disappearance_for_.csv_for_the_modal_on_the_second_button"/>
    <testcase time="3.91800000000001" classname="table_with_settings_ui" name="e2e_teal.widgets_table_with_settings_clicking_download_download_button_downloads_table_in_a_specified_format"/>
    <testcase time="0.00199999999999534" classname="table_with_settings_ui" name="e2e_teal.widgets_table_with_settings_clicking_download_download_button_downloads_table_in_a_specified_format"/>
    <testcase time="0.00200000000000955" classname="table_with_settings_ui" name="e2e_teal.widgets_table_with_settings_clicking_download_download_button_downloads_table_in_a_specified_format"/>
    <testcase time="0.000999999999990564" classname="table_with_settings_ui" name="e2e_teal.widgets_table_with_settings_clicking_download_download_button_downloads_table_in_a_specified_format"/>
    <testcase time="0.00100000000000477" classname="table_with_settings_ui" name="e2e_teal.widgets_table_with_settings_clicking_download_download_button_downloads_table_in_a_specified_format"/>
    <testcase time="0.00199999999999534" classname="table_with_settings_ui" name="e2e_teal.widgets_table_with_settings_clicking_download_download_button_downloads_table_in_a_specified_format"/>
    <testcase time="4.69600000000001" classname="table_with_settings_ui" name="e2e_teal.widgets_table_with_settings_expanded_table_can_be_downloaded"/>
    <testcase time="0.00199999999999534" classname="table_with_settings_ui" name="e2e_teal.widgets_table_with_settings_expanded_table_can_be_downloaded"/>
    <testcase time="0.000999999999990564" classname="table_with_settings_ui" name="e2e_teal.widgets_table_with_settings_expanded_table_can_be_downloaded"/>
    <testcase time="0.00100000000000477" classname="table_with_settings_ui" name="e2e_teal.widgets_table_with_settings_expanded_table_can_be_downloaded"/>
    <testcase time="0.00199999999999534" classname="table_with_settings_ui" name="e2e_teal.widgets_table_with_settings_expanded_table_can_be_downloaded"/>
    <testcase time="0.00100000000000477" classname="table_with_settings_ui" name="e2e_teal.widgets_table_with_settings_expanded_table_can_be_downloaded"/>
  </testsuite>
  <testsuite name="utils" timestamp="2025-08-01T15:42:50Z" hostname="f48d8cd7cc9f" tests="4" skipped="0" failures="0" errors="0" time="0.098">
    <testcase time="0.0820000000000078" classname="utils" name="apply_plot_modifications_Modify_ggplot_object_with_dblclicking_enabled"/>
    <testcase time="0.00499999999999545" classname="utils" name="apply_plot_modifications_Modify_ggplot_object_with_dblclicking_disabled"/>
    <testcase time="0.00600000000000023" classname="utils" name="apply_plot_modifications_Modify_grob_object"/>
    <testcase time="0.00499999999999545" classname="utils" name="apply_plot_modifications_Do_not_modify_plot_object"/>
  </testsuite>
  <testsuite name="verbatim_popup" timestamp="2025-08-01T15:42:50Z" hostname="f48d8cd7cc9f" tests="20" skipped="0" failures="0" errors="0" time="0.309">
    <testcase time="0.00900000000000034" classname="verbatim_popup" name="format_content_returns_a_shiny_reactive_when_passed_a_string"/>
    <testcase time="0.00500000000000966" classname="verbatim_popup" name="format_content_returns_a_shiny_reactive_when_passed_an_expression"/>
    <testcase time="0.00699999999999079" classname="verbatim_popup" name="format_content_returns_a_shiny_reactive_when_passed_a_reactive"/>
    <testcase time="0.00499999999999545" classname="verbatim_popup" name="format_content_returns_a_reactive_when_passed_a_condition"/>
    <testcase time="0.00600000000000023" classname="verbatim_popup" name="format_content_returns_a_reactive_when_passed_a_reactive_holding_a_condition"/>
    <testcase time="0.00500000000000966" classname="verbatim_popup" name="format_content_concatenates_the_passed_array_of_strings"/>
    <testcase time="0.00399999999999068" classname="verbatim_popup" name="format_content_concatenates_the_passed_array_of_expressions"/>
    <testcase time="0.00600000000000023" classname="verbatim_popup" name="format_content_concatenates_the_passed_array_of_string_inside_a_reactive"/>
    <testcase time="0.165000000000006" classname="verbatim_popup" name="format_content_returns_a_reactive_storing_a_styled_string_when_passed_an_expression_character_or_reactive_when_style_TRUE"/>
    <testcase time="0.0330000000000013" classname="verbatim_popup" name="format_content_returns_a_reactive_storing_a_styled_string_when_passed_an_expression_character_or_reactive_when_style_TRUE"/>
    <testcase time="0.00799999999999557" classname="verbatim_popup" name="format_content_returns_a_reactive_storing_a_styled_string_when_passed_an_expression_character_or_reactive_when_style_TRUE"/>
    <testcase time="0.007000000000005" classname="verbatim_popup" name="button_click_observer_returns_an_observer"/>
    <testcase time="0.007000000000005" classname="verbatim_popup" name="verbatim_popup_ui_returns_a_tag_list"/>
    <testcase time="0.00399999999999068" classname="verbatim_popup" name="verbatim_popup_ui_returns_a_tag_list"/>
    <testcase time="0.00600000000000023" classname="verbatim_popup" name="verbatim_popup_ui_with_type_not_equal_to_button_or_link_throws_error"/>
    <testcase time="0.007000000000005" classname="verbatim_popup" name="verbatim_popup_ui_with_type_not_equal_to_button_or_link_throws_error"/>
    <testcase time="0.00600000000000023" classname="verbatim_popup" name="verbatim_popup_ui_with_type_button_produces_a_button"/>
    <testcase time="0.00699999999999079" classname="verbatim_popup" name="verbatim_popup_ui_with_type_button_produces_a_button"/>
    <testcase time="0.00600000000000023" classname="verbatim_popup" name="verbatim_popup_ui_with_type_link_produces_a_button_with_a_class_link"/>
    <testcase time="0.00600000000000023" classname="verbatim_popup" name="verbatim_popup_ui_with_type_link_produces_a_button_with_a_class_link"/>
  </testsuite>
  <testsuite name="verbatim_popup_ui" timestamp="2025-08-01T15:42:50Z" hostname="f48d8cd7cc9f" tests="9" skipped="0" failures="0" errors="0" time="3.547">
    <testcase time="0.00800000000000978" classname="verbatim_popup_ui" name="verbatim_popup_ui_returns_shiny.tag.list_"/>
    <testcase time="0.00300000000000011" classname="verbatim_popup_ui" name="verbatim_popup_ui_returns_shiny.tag.list_"/>
    <testcase time="0.292999999999992" classname="verbatim_popup_ui" name="e2e_teal.widgets_verbatim_popup_is_initialized_with_a_button_that_opens_a_modal_with_a_verbatim_text"/>
    <testcase time="2.11200000000001" classname="verbatim_popup_ui" name="e2e_teal.widgets_verbatim_popup_is_initialized_with_a_button_that_opens_a_modal_with_a_verbatim_text"/>
    <testcase time="0.564999999999998" classname="verbatim_popup_ui" name="e2e_teal.widgets_verbatim_popup_is_initialized_with_a_button_that_opens_a_modal_with_a_verbatim_text"/>
    <testcase time="0.00399999999999068" classname="verbatim_popup_ui" name="e2e_teal.widgets_verbatim_popup_is_initialized_with_a_button_that_opens_a_modal_with_a_verbatim_text"/>
    <testcase time="0.00400000000000489" classname="verbatim_popup_ui" name="e2e_teal.widgets_verbatim_popup_is_initialized_with_a_button_that_opens_a_modal_with_a_verbatim_text"/>
    <testcase time="0.00499999999999545" classname="verbatim_popup_ui" name="e2e_teal.widgets_verbatim_popup_is_initialized_with_a_button_that_opens_a_modal_with_a_verbatim_text"/>
    <testcase time="0.553000000000011" classname="verbatim_popup_ui" name="e2e_teal.widgets_verbatim_popup_is_initialized_with_a_button_that_opens_a_modal_with_a_verbatim_text"/>
  </testsuite>
</testsuites>
