<?xml version="1.0" encoding="UTF-8"?>
<testsuites>
  <testsuite name="draggable_buckets" timestamp="2025-08-01T10:52:01Z" hostname="55592c319809" tests="5" skipped="0" failures="0" errors="0" time="8.633">
    <testcase time="3.232" classname="draggable_buckets" name="e2e_teal.widgets_draggable_buckets_initializes_without_input"/>
    <testcase time="0.0350000000000001" classname="draggable_buckets" name="e2e_teal.widgets_draggable_buckets_initializes_without_input"/>
    <testcase time="2.418" classname="draggable_buckets" name="e2e_teal.widgets_draggable_buckets_initializes_with_default_inputs"/>
    <testcase time="2.813" classname="draggable_buckets" name="e2e_teal.widgets_draggable_buckets_moving_elements_between_buckets_updates_input"/>
    <testcase time="0.135" classname="draggable_buckets" name="e2e_teal.widgets_draggable_buckets_moving_elements_between_buckets_updates_input"/>
  </testsuite>
  <testsuite name="get_dt_rows_ui" timestamp="2025-08-01T10:52:10Z" hostname="55592c319809" tests="5" skipped="0" failures="0" errors="0" time="2.861">
    <testcase time="2.082" classname="get_dt_rows_ui" name="e2e_teal.widgets_get_dt_rows_rows_are_settable_and_visible"/>
    <testcase time="0.052999999999999" classname="get_dt_rows_ui" name="e2e_teal.widgets_get_dt_rows_rows_are_settable_and_visible"/>
    <testcase time="0.101000000000001" classname="get_dt_rows_ui" name="e2e_teal.widgets_get_dt_rows_rows_are_settable_and_visible"/>
    <testcase time="0.573" classname="get_dt_rows_ui" name="e2e_teal.widgets_get_dt_rows_rows_are_settable_and_visible"/>
    <testcase time="0.0519999999999996" classname="get_dt_rows_ui" name="e2e_teal.widgets_get_dt_rows_rows_are_settable_and_visible"/>
  </testsuite>
  <testsuite name="ggplot2_args" timestamp="2025-08-01T10:52:13Z" hostname="55592c319809" tests="33" skipped="0" failures="0" errors="0" time="0.388">
    <testcase time="0.273999999999999" classname="ggplot2_args" name="ggplot2_args_no_error_with_empty_inputs"/>
    <testcase time="0.00200000000000067" classname="ggplot2_args" name="ggplot2_args_no_error_with_empty_inputs"/>
    <testcase time="0.000999999999999446" classname="ggplot2_args" name="ggplot2_args_no_error_with_empty_inputs"/>
    <testcase time="0.00200000000000067" classname="ggplot2_args" name="ggplot2_args_no_error_with_empty_inputs"/>
    <testcase time="0.000999999999999446" classname="ggplot2_args" name="ggplot2_args_no_error_with_empty_inputs"/>
    <testcase time="0.00100000000000122" classname="ggplot2_args" name="ggplot2_args_no_error_with_empty_inputs"/>
    <testcase time="0.00499999999999901" classname="ggplot2_args" name="ggplot2_args_function_returns_object_of_ggplot2_args_and_list_classes"/>
    <testcase time="0.00399999999999956" classname="ggplot2_args" name="ggplot2_args_accepts_named_lists_for_arguments_labs_and_theme"/>
    <testcase time="0.00700000000000145" classname="ggplot2_args" name="ggplot2_args_throws_error_when_argument_name_is_not_valid."/>
    <testcase time="0.00499999999999901" classname="ggplot2_args" name="ggplot2_args_throws_error_when_argument_name_is_not_valid."/>
    <testcase time="0.00399999999999956" classname="ggplot2_args" name="resolve_ggplot2_args_accepts_empty_inputs"/>
    <testcase time="0.00399999999999956" classname="ggplot2_args" name="resolve_ggplot2_args_support_NULL_inputs"/>
    <testcase time="0.00699999999999967" classname="ggplot2_args" name="resolve_ggplot2_args_throws_error_with_empty_list"/>
    <testcase time="0.00500000000000078" classname="ggplot2_args" name="resolve_ggplot2_args_function_returns_object_of_ggplot2_args_and_list_classes"/>
    <testcase time="0.00399999999999956" classname="ggplot2_args" name="parse_ggplot2_args_accepts_empty_inputs"/>
    <testcase time="0.000999999999999446" classname="ggplot2_args" name="parse_ggplot2_args_accepts_empty_inputs"/>
    <testcase time="0.00699999999999967" classname="ggplot2_args" name="parse_ggplot2_args_throws_error_with_empty_list"/>
    <testcase time="0.00300000000000011" classname="ggplot2_args" name="parse_ggplot2_args_accepts_an_empty_ggplot2_args_as_minimum_requirement."/>
    <testcase time="0.00400000000000134" classname="ggplot2_args" name="resolve_ggplot2_args_uses_input_from_only_end_user_provided_ggplot2_args_source"/>
    <testcase time="0.00199999999999889" classname="ggplot2_args" name="resolve_ggplot2_args_uses_input_from_only_end_user_provided_ggplot2_args_source"/>
    <testcase time="0.00200000000000067" classname="ggplot2_args" name="resolve_ggplot2_args_uses_input_from_only_end_user_provided_ggplot2_args_source"/>
    <testcase time="0.00699999999999967" classname="ggplot2_args" name="parse_ggplot2_args_when_resolve_ggplot2_args_uses_input_from_only_end_user_provided_ggplot2_args_source"/>
    <testcase time="0.000999999999999446" classname="ggplot2_args" name="parse_ggplot2_args_when_resolve_ggplot2_args_uses_input_from_only_end_user_provided_ggplot2_args_source"/>
    <testcase time="0.00400000000000134" classname="ggplot2_args" name="resolve_ggplot2_args_prioritizes_user_plot_input_over_user_default_input."/>
    <testcase time="0.00399999999999956" classname="ggplot2_args" name="parse_ggplot2_args_when_resolve_ggplot2_args_prioritizes_user_plot_input_over_user_default_input."/>
    <testcase time="0.00399999999999956" classname="ggplot2_args" name="resolve_ggplot2_args_refers_to_global_teal.ggplot2_args_options_with_empty_input"/>
    <testcase time="0.00300000000000011" classname="ggplot2_args" name="parse_ggplot2_args_when_resolve_ggplot2_args_refers_to_global_teal.ggplot2_args_options_with_empty_input"/>
    <testcase time="0.00600000000000023" classname="ggplot2_args" name="parse_ggplot2_args_deparse_needed_to_expand_ggplot2_objects_like_element_blank"/>
    <testcase time="0.00300000000000011" classname="ggplot2_args" name="parse_ggplot2_args_deparse_needed_to_expand_ggplot2_objects_like_element_blank"/>
    <testcase time="0.00399999999999956" classname="ggplot2_args" name="resolve_ggplot2_args_priorotizes_input_in_the_order_user_plot_user_default_teal.ggplot2_args_and_module_plot"/>
    <testcase time="0.00399999999999956" classname="ggplot2_args" name="parse_ggplot2_args_when_resolve_ggplot2_args_priorotizes_input_in_the_order_user_plot_user_default_teal.ggplot2_args_and_module_plot"/>
    <testcase time="0.00200000000000067" classname="ggplot2_args" name="parse_ggplot2_args_when_resolve_ggplot2_args_priorotizes_input_in_the_order_user_plot_user_default_teal.ggplot2_args_and_module_plot"/>
    <testcase time="0.000999999999999446" classname="ggplot2_args" name="parse_ggplot2_args_when_resolve_ggplot2_args_priorotizes_input_in_the_order_user_plot_user_default_teal.ggplot2_args_and_module_plot"/>
  </testsuite>
  <testsuite name="nested_closeable_modal_ui" timestamp="2025-08-01T10:52:13Z" hostname="55592c319809" tests="6" skipped="0" failures="0" errors="0" time="2.814">
    <testcase time="2.256" classname="nested_closeable_modal_ui" name="e2e_teal.widgets_nested_closeable_modal_initializes"/>
    <testcase time="0.00599999999999845" classname="nested_closeable_modal_ui" name="e2e_teal.widgets_nested_closeable_modal_initializes"/>
    <testcase time="0.00500000000000078" classname="nested_closeable_modal_ui" name="e2e_teal.widgets_nested_closeable_modal_initializes"/>
    <testcase time="0.00500000000000078" classname="nested_closeable_modal_ui" name="e2e_teal.widgets_nested_closeable_modal_initializes"/>
    <testcase time="0.536" classname="nested_closeable_modal_ui" name="e2e_teal.widgets_nested_closeable_modal_initializes"/>
    <testcase time="0.00600000000000023" classname="nested_closeable_modal_ui" name="e2e_teal.widgets_nested_closeable_modal_initializes"/>
  </testsuite>
  <testsuite name="optionalInput" timestamp="2025-08-01T10:52:16Z" hostname="55592c319809" tests="7" skipped="0" failures="0" errors="0" time="0.099">
    <testcase time="0.0719999999999992" classname="optionalInput" name="optionalSliderInput_single_value"/>
    <testcase time="0.0080000000000009" classname="optionalInput" name="optionalSliderInput_single_value_out_of_range"/>
    <testcase time="0.00399999999999956" classname="optionalInput" name="optionalSliderInput_double_value"/>
    <testcase time="0.00600000000000023" classname="optionalInput" name="optionalSliderInput_double_value_out_of_range"/>
    <testcase time="0.00499999999999901" classname="optionalInput" name="optionalSliderInput_min_max_NA"/>
    <testcase time="0.00200000000000067" classname="optionalInput" name="optionalSliderInput_min_max_NA"/>
    <testcase time="0.00200000000000067" classname="optionalInput" name="optionalSliderInput_min_max_NA"/>
  </testsuite>
  <testsuite name="optionalSelectInput_ui" timestamp="2025-08-01T10:52:16Z" hostname="55592c319809" tests="15" skipped="0" failures="0" errors="0" time="2.874">
    <testcase time="2.593" classname="optionalSelectInput_ui" name="e2e_teal.widgets_optionalSelectInput_initializes"/>
    <testcase time="0.000999999999997669" classname="optionalSelectInput_ui" name="e2e_teal.widgets_optionalSelectInput_initializes"/>
    <testcase time="0.00600000000000023" classname="optionalSelectInput_ui" name="e2e_teal.widgets_optionalSelectInput_initializes"/>
    <testcase time="0.00100000000000122" classname="optionalSelectInput_ui" name="e2e_teal.widgets_optionalSelectInput_initializes"/>
    <testcase time="0.00499999999999901" classname="optionalSelectInput_ui" name="e2e_teal.widgets_optionalSelectInput_initializes"/>
    <testcase time="0.00200000000000244" classname="optionalSelectInput_ui" name="e2e_teal.widgets_optionalSelectInput_initializes"/>
    <testcase time="0.00499999999999901" classname="optionalSelectInput_ui" name="e2e_teal.widgets_optionalSelectInput_initializes"/>
    <testcase time="0.00199999999999889" classname="optionalSelectInput_ui" name="e2e_teal.widgets_optionalSelectInput_initializes"/>
    <testcase time="0.00499999999999901" classname="optionalSelectInput_ui" name="e2e_teal.widgets_optionalSelectInput_initializes"/>
    <testcase time="0.00100000000000122" classname="optionalSelectInput_ui" name="e2e_teal.widgets_optionalSelectInput_initializes"/>
    <testcase time="0.00600000000000023" classname="optionalSelectInput_ui" name="e2e_teal.widgets_optionalSelectInput_initializes"/>
    <testcase time="0.00100000000000122" classname="optionalSelectInput_ui" name="e2e_teal.widgets_optionalSelectInput_initializes"/>
    <testcase time="0.18" classname="optionalSelectInput_ui" name="e2e_teal.widgets_optionalSelectInput_initializes"/>
    <testcase time="0.0569999999999986" classname="optionalSelectInput_ui" name="e2e_teal.widgets_optionalSelectInput_initializes"/>
    <testcase time="0.00900000000000034" classname="optionalSelectInput_ui" name="e2e_teal.widgets_optionalSelectInput_initializes"/>
  </testsuite>
  <testsuite name="optionalSliderInputValMinMax_ui" timestamp="2025-08-01T10:52:19Z" hostname="55592c319809" tests="2" skipped="0" failures="0" errors="0" time="2.337">
    <testcase time="2.331" classname="optionalSliderInputValMinMax_ui" name="e2e_teal.widgets_optionalSliderInputValMinMax_initializes"/>
    <testcase time="0.00600000000000023" classname="optionalSliderInputValMinMax_ui" name="e2e_teal.widgets_optionalSliderInputValMinMax_initializes"/>
  </testsuite>
  <testsuite name="plot_with_settings" timestamp="2025-08-01T10:52:21Z" hostname="55592c319809" tests="64" skipped="0" failures="0" errors="0" time="2.576">
    <testcase time="0.0740000000000016" classname="plot_with_settings" name="if_teal.plot_dpi_is_not_set_then_get_plot_dpi_returns_72_"/>
    <testcase time="0.00300000000000011" classname="plot_with_settings" name="if_teal.plot_dpi_is_an_integer_value_at_least_24_then_get_plot_dpi_returns_its_value"/>
    <testcase time="0.00199999999999889" classname="plot_with_settings" name="if_teal.plot_dpi_is_an_integer_value_at_least_24_then_get_plot_dpi_returns_its_value"/>
    <testcase time="0.00100000000000122" classname="plot_with_settings" name="if_teal.plot_dpi_is_an_integer_value_at_least_24_then_get_plot_dpi_returns_its_value"/>
    <testcase time="0.000999999999997669" classname="plot_with_settings" name="if_teal.plot_dpi_is_an_integer_value_at_least_24_then_get_plot_dpi_returns_its_value"/>
    <testcase time="0.00500000000000256" classname="plot_with_settings" name="if_teal.plot_dpi_is_an_integer_value_less_24_then_get_plot_dpi_returns_72"/>
    <testcase time="0.000999999999997669" classname="plot_with_settings" name="if_teal.plot_dpi_is_an_integer_value_less_24_then_get_plot_dpi_returns_72"/>
    <testcase time="0.00200000000000244" classname="plot_with_settings" name="if_teal.plot_dpi_is_an_integer_value_less_24_then_get_plot_dpi_returns_72"/>
    <testcase time="0.000999999999997669" classname="plot_with_settings" name="if_teal.plot_dpi_is_an_integer_value_less_24_then_get_plot_dpi_returns_72"/>
    <testcase time="0.00300000000000011" classname="plot_with_settings" name="if_teal.plot_dpi_is_not_an_integer_value_then_get_plot_dpi_returns_72"/>
    <testcase time="0.00200000000000244" classname="plot_with_settings" name="if_teal.plot_dpi_is_not_an_integer_value_then_get_plot_dpi_returns_72"/>
    <testcase time="0.000999999999997669" classname="plot_with_settings" name="if_teal.plot_dpi_is_not_an_integer_value_then_get_plot_dpi_returns_72"/>
    <testcase time="0.00199999999999889" classname="plot_with_settings" name="if_teal.plot_dpi_is_not_an_integer_value_then_get_plot_dpi_returns_72"/>
    <testcase time="0.186000000000003" classname="plot_with_settings" name="print_plot_is_able_to_plot_different_types_of_graphics"/>
    <testcase time="0.0399999999999991" classname="plot_with_settings" name="print_plot_is_able_to_plot_different_types_of_graphics"/>
    <testcase time="0.0659999999999989" classname="plot_with_settings" name="print_plot_is_able_to_plot_different_types_of_graphics"/>
    <testcase time="0.00400000000000134" classname="plot_with_settings" name="print_plot_is_able_to_plot_different_types_of_graphics"/>
    <testcase time="0.00499999999999901" classname="plot_with_settings" name="print_plot_is_able_to_plot_different_types_of_graphics"/>
    <testcase time="0.00300000000000011" classname="plot_with_settings" name="print_plot_is_able_to_plot_different_types_of_graphics"/>
    <testcase time="0.00700000000000145" classname="plot_with_settings" name="clean_brushedPoints_returns_error_with_wrong_input"/>
    <testcase time="0.00399999999999778" classname="plot_with_settings" name="clean_brushedPoints_returns_error_with_wrong_input"/>
    <testcase time="0.00499999999999901" classname="plot_with_settings" name="clean_brushedPoints_returns_error_with_wrong_input"/>
    <testcase time="0.00400000000000134" classname="plot_with_settings" name="clean_brushedPoints_returns_a_data_frame_with_minimal_correct_input"/>
    <testcase time="0.00300000000000011" classname="plot_with_settings" name="clean_brushedPoints_removal_of_NA_points"/>
    <testcase time="0.00199999999999889" classname="plot_with_settings" name="clean_brushedPoints_removal_of_NA_points"/>
    <testcase time="0.00200000000000244" classname="plot_with_settings" name="clean_brushedPoints_removal_of_NA_points"/>
    <testcase time="0.143999999999998" classname="plot_with_settings" name="type_download_srv_download_all_types_of_files_with_default_name"/>
    <testcase time="0.00700000000000145" classname="plot_with_settings" name="type_download_srv_download_all_types_of_files_with_default_name"/>
    <testcase time="0.00900000000000034" classname="plot_with_settings" name="type_download_srv_download_all_types_of_files_with_default_name"/>
    <testcase time="0.00399999999999778" classname="plot_with_settings" name="type_download_srv_download_all_types_of_files_with_default_name"/>
    <testcase time="0.0100000000000016" classname="plot_with_settings" name="type_download_srv_download_all_types_of_files_with_default_name"/>
    <testcase time="0.00499999999999901" classname="plot_with_settings" name="type_download_srv_download_all_types_of_files_with_default_name"/>
    <testcase time="0.032" classname="plot_with_settings" name="type_download_srv_download_all_types_of_files_and_change_the_name"/>
    <testcase time="0.00600000000000023" classname="plot_with_settings" name="type_download_srv_download_all_types_of_files_and_change_the_name"/>
    <testcase time="0.00900000000000034" classname="plot_with_settings" name="type_download_srv_download_all_types_of_files_and_change_the_name"/>
    <testcase time="0.00400000000000134" classname="plot_with_settings" name="type_download_srv_download_all_types_of_files_and_change_the_name"/>
    <testcase time="0.00999999999999801" classname="plot_with_settings" name="type_download_srv_download_all_types_of_files_and_change_the_name"/>
    <testcase time="0.00400000000000134" classname="plot_with_settings" name="type_download_srv_download_all_types_of_files_and_change_the_name"/>
    <testcase time="0.0279999999999987" classname="plot_with_settings" name="type_download_srv_downloads_a_png_file_with_different_dimensions"/>
    <testcase time="0.0300000000000011" classname="plot_with_settings" name="type_download_srv_downloads_a_png_file_using_default_dimensions_input_dimensions_are_NULL"/>
    <testcase time="0.0180000000000007" classname="plot_with_settings" name="plot_with_settings_srv_assert_error"/>
    <testcase time="0.0179999999999971" classname="plot_with_settings" name="plot_with_settings_srv_assert_error"/>
    <testcase time="0.0130000000000017" classname="plot_with_settings" name="plot_with_settings_srv_assert_error"/>
    <testcase time="0.0129999999999981" classname="plot_with_settings" name="plot_with_settings_srv_assert_error"/>
    <testcase time="0.0130000000000017" classname="plot_with_settings" name="plot_with_settings_srv_assert_error"/>
    <testcase time="0.0139999999999993" classname="plot_with_settings" name="plot_with_settings_srv_assert_error"/>
    <testcase time="0.0130000000000017" classname="plot_with_settings" name="plot_with_settings_srv_assert_error"/>
    <testcase time="0.0169999999999995" classname="plot_with_settings" name="plot_with_settings_srv_assert_error"/>
    <testcase time="0.0139999999999993" classname="plot_with_settings" name="plot_with_settings_srv_assert_error"/>
    <testcase time="0.207000000000001" classname="plot_with_settings" name="plot_with_settings_srv_set_dimensions_and_download_a_png_file_base"/>
    <testcase time="0.0139999999999993" classname="plot_with_settings" name="plot_with_settings_srv_set_dimensions_and_download_a_png_file_base"/>
    <testcase time="0.234999999999999" classname="plot_with_settings" name="plot_with_settings_srv_set_dimensions_and_download_a_png_file_ggplot2"/>
    <testcase time="0.109000000000002" classname="plot_with_settings" name="plot_with_settings_srv_set_dimensions_and_download_a_png_file_ggplot2"/>
    <testcase time="0.401" classname="plot_with_settings" name="plot_with_settings_srv_set_dimensions_and_download_a_png_file_grob"/>
    <testcase time="0.0790000000000006" classname="plot_with_settings" name="plot_with_settings_srv_set_dimensions_and_download_a_png_file_grob"/>
    <testcase time="0.157999999999998" classname="plot_with_settings" name="plot_with_settings_srv_set_dimensions_and_download_a_png_file_trellis"/>
    <testcase time="0.0360000000000014" classname="plot_with_settings" name="plot_with_settings_srv_set_dimensions_and_download_a_png_file_trellis"/>
    <testcase time="0.143000000000001" classname="plot_with_settings" name="plot_with_settings_srv_set_dimensions_and_download_a_png_file_WRONG_type"/>
    <testcase time="0.0159999999999982" classname="plot_with_settings" name="plot_with_settings_srv_set_dimensions_and_download_a_png_file_WRONG_type"/>
    <testcase time="0.141000000000002" classname="plot_with_settings" name="plot_with_settings_srv_expand_no_error"/>
    <testcase time="0.164999999999999" classname="plot_with_settings" name="plot_with_settings_srv_returns_the_click_ggplot2_functionalities_metadata"/>
    <testcase time="0.00300000000000011" classname="plot_with_settings" name="plot_with_settings_srv_returns_the_click_ggplot2_functionalities_metadata"/>
    <testcase time="0.00199999999999889" classname="plot_with_settings" name="plot_with_settings_srv_returns_the_click_ggplot2_functionalities_metadata"/>
    <testcase time="0.00300000000000011" classname="plot_with_settings" name="plot_with_settings_srv_returns_the_click_ggplot2_functionalities_metadata"/>
  </testsuite>
  <testsuite name="plot_with_settings_ui" timestamp="2025-08-01T10:52:24Z" hostname="55592c319809" tests="43" skipped="0" failures="0" errors="0" time="49.423">
    <testcase time="0.0139999999999993" classname="plot_with_settings_ui" name="type_download_ui_returns_shiny.tag_"/>
    <testcase time="0.0130000000000017" classname="plot_with_settings_ui" name="plot_with_settings_ui_returns_shiny.tag_"/>
    <testcase time="3.197" classname="plot_with_settings_ui" name="e2e_teal.widgets_plot_with_settings_initializes_with_a_plot_and_the_settings_buttons"/>
    <testcase time="0.00600000000000023" classname="plot_with_settings_ui" name="e2e_teal.widgets_plot_with_settings_initializes_with_a_plot_and_the_settings_buttons"/>
    <testcase time="3.979" classname="plot_with_settings_ui" name="e2e_teal.widgets_plot_with_settings_buttons_have_proper_FA_icons_and_two_of_them_are_dropdowns"/>
    <testcase time="0.0100000000000016" classname="plot_with_settings_ui" name="e2e_teal.widgets_plot_with_settings_buttons_have_proper_FA_icons_and_two_of_them_are_dropdowns"/>
    <testcase time="0.00399999999999778" classname="plot_with_settings_ui" name="e2e_teal.widgets_plot_with_settings_buttons_have_proper_FA_icons_and_two_of_them_are_dropdowns"/>
    <testcase time="0.00200000000000244" classname="plot_with_settings_ui" name="e2e_teal.widgets_plot_with_settings_buttons_have_proper_FA_icons_and_two_of_them_are_dropdowns"/>
    <testcase time="0.00399999999999778" classname="plot_with_settings_ui" name="e2e_teal.widgets_plot_with_settings_buttons_have_proper_FA_icons_and_two_of_them_are_dropdowns"/>
    <testcase time="0.202000000000002" classname="plot_with_settings_ui" name="e2e_teal.widgets_plot_with_settings_buttons_have_proper_FA_icons_and_two_of_them_are_dropdowns"/>
    <testcase time="0.00600000000000023" classname="plot_with_settings_ui" name="e2e_teal.widgets_plot_with_settings_buttons_have_proper_FA_icons_and_two_of_them_are_dropdowns"/>
    <testcase time="0.0309999999999988" classname="plot_with_settings_ui" name="e2e_teal.widgets_plot_with_settings_buttons_have_proper_FA_icons_and_two_of_them_are_dropdowns"/>
    <testcase time="0.00199999999999889" classname="plot_with_settings_ui" name="e2e_teal.widgets_plot_with_settings_buttons_have_proper_FA_icons_and_two_of_them_are_dropdowns"/>
    <testcase time="4.226" classname="plot_with_settings_ui" name="e2e_teal.widgets_plot_with_settings_the_click_on_the_expand_button_opens_an_overlay_plot_height_plot_width_plot_download_dropdown_and_dismiss_button"/>
    <testcase time="0.0259999999999962" classname="plot_with_settings_ui" name="e2e_teal.widgets_plot_with_settings_the_click_on_the_expand_button_opens_an_overlay_plot_height_plot_width_plot_download_dropdown_and_dismiss_button"/>
    <testcase time="0.00900000000000034" classname="plot_with_settings_ui" name="e2e_teal.widgets_plot_with_settings_the_click_on_the_expand_button_opens_an_overlay_plot_height_plot_width_plot_download_dropdown_and_dismiss_button"/>
    <testcase time="0.00600000000000023" classname="plot_with_settings_ui" name="e2e_teal.widgets_plot_with_settings_the_click_on_the_expand_button_opens_an_overlay_plot_height_plot_width_plot_download_dropdown_and_dismiss_button"/>
    <testcase time="0.00500000000000256" classname="plot_with_settings_ui" name="e2e_teal.widgets_plot_with_settings_the_click_on_the_expand_button_opens_an_overlay_plot_height_plot_width_plot_download_dropdown_and_dismiss_button"/>
    <testcase time="3.963" classname="plot_with_settings_ui" name="e2e_teal.widgets_plot_with_settings_the_click_on_the_download_button_in_expand_modal_opens_a_download_dropdown"/>
    <testcase time="0.00399999999999778" classname="plot_with_settings_ui" name="e2e_teal.widgets_plot_with_settings_the_click_on_the_download_button_in_expand_modal_opens_a_download_dropdown"/>
    <testcase time="0.0110000000000028" classname="plot_with_settings_ui" name="e2e_teal.widgets_plot_with_settings_the_click_on_the_download_button_in_expand_modal_opens_a_download_dropdown"/>
    <testcase time="0.00399999999999778" classname="plot_with_settings_ui" name="e2e_teal.widgets_plot_with_settings_the_click_on_the_download_button_in_expand_modal_opens_a_download_dropdown"/>
    <testcase time="0.204999999999998" classname="plot_with_settings_ui" name="e2e_teal.widgets_plot_with_settings_the_click_on_the_download_button_in_expand_modal_opens_a_download_dropdown"/>
    <testcase time="3.26600000000001" classname="plot_with_settings_ui" name="e2e_teal.widgets_plot_with_settings_the_click_on_the_resize_button_opens_a_dropdown_menu_plot_height_plot_width_plot_download_dropdown_and_dismiss_button"/>
    <testcase time="1.014" classname="plot_with_settings_ui" name="e2e_teal.widgets_plot_with_settings_the_click_on_the_resize_button_opens_a_dropdown_menu_plot_height_plot_width_plot_download_dropdown_and_dismiss_button"/>
    <testcase time="0.00500000000000256" classname="plot_with_settings_ui" name="e2e_teal.widgets_plot_with_settings_the_click_on_the_resize_button_opens_a_dropdown_menu_plot_height_plot_width_plot_download_dropdown_and_dismiss_button"/>
    <testcase time="0.134" classname="plot_with_settings_ui" name="e2e_teal.widgets_plot_with_settings_the_click_on_the_resize_button_opens_a_dropdown_menu_plot_height_plot_width_plot_download_dropdown_and_dismiss_button"/>
    <testcase time="0.00499999999999545" classname="plot_with_settings_ui" name="e2e_teal.widgets_plot_with_settings_the_click_on_the_resize_button_opens_a_dropdown_menu_plot_height_plot_width_plot_download_dropdown_and_dismiss_button"/>
    <testcase time="3.237" classname="plot_with_settings_ui" name="e2e_teal.widgets_plot_with_settings_it_is_possible_to_set_height_and_width_for_the_plot_on_the_third_button_dropdown_menu_without_errors"/>
    <testcase time="3.906" classname="plot_with_settings_ui" name="e2e_teal.widgets_plot_with_settings_clicking_download_download_button_downloads_image_in_a_specified_format"/>
    <testcase time="4.706" classname="plot_with_settings_ui" name="e2e_teal.widgets_plot_with_settings_expanded_image_can_be_resized"/>
    <testcase time="0.000999999999997669" classname="plot_with_settings_ui" name="e2e_teal.widgets_plot_with_settings_expanded_image_can_be_resized"/>
    <testcase time="2.689" classname="plot_with_settings_ui" name="e2e_teal.widgets_plot_with_settings_expanded_image_can_be_resized"/>
    <testcase time="0.00100000000000477" classname="plot_with_settings_ui" name="e2e_teal.widgets_plot_with_settings_expanded_image_can_be_resized"/>
    <testcase time="0.00300000000000011" classname="plot_with_settings_ui" name="e2e_teal.widgets_plot_with_settings_expanded_image_can_be_resized"/>
    <testcase time="4.747" classname="plot_with_settings_ui" name="e2e_teal.widgets_plot_with_settings_expanded_image_can_be_downloaded"/>
    <testcase time="4.39099999999999" classname="plot_with_settings_ui" name="e2e_teal.widgets_plot_with_settings_main_image_can_be_resized"/>
    <testcase time="0.00900000000000034" classname="plot_with_settings_ui" name="e2e_teal.widgets_plot_with_settings_main_image_can_be_resized"/>
    <testcase time="0.197000000000003" classname="plot_with_settings_ui" name="e2e_teal.widgets_plot_with_settings_main_image_can_be_resized"/>
    <testcase time="0.0109999999999957" classname="plot_with_settings_ui" name="e2e_teal.widgets_plot_with_settings_main_image_can_be_resized"/>
    <testcase time="0.01400000000001" classname="plot_with_settings_ui" name="e2e_teal.widgets_plot_with_settings_main_image_can_be_resized"/>
    <testcase time="5.15299999999999" classname="plot_with_settings_ui" name="e2e_teal.widgets_plot_with_settings_scrollbar_appears_when_image_is_resized"/>
    <testcase time="0.00500000000000966" classname="plot_with_settings_ui" name="e2e_teal.widgets_plot_with_settings_scrollbar_appears_when_image_is_resized"/>
  </testsuite>
  <testsuite name="standard_layout" timestamp="2025-08-01T10:53:13Z" hostname="55592c319809" tests="6" skipped="0" failures="0" errors="0" time="0.173">
    <testcase time="0.143999999999991" classname="standard_layout" name="Input_validation"/>
    <testcase time="0.00600000000000023" classname="standard_layout" name="Input_validation"/>
    <testcase time="0.00800000000000978" classname="standard_layout" name="Input_validation"/>
    <testcase time="0.00499999999999545" classname="standard_layout" name="Input_validation"/>
    <testcase time="0.00499999999999545" classname="standard_layout" name="Input_validation"/>
    <testcase time="0.00500000000000966" classname="standard_layout" name="Input_validation"/>
  </testsuite>
  <testsuite name="table_args" timestamp="2025-08-01T10:53:13Z" hostname="55592c319809" tests="30" skipped="0" failures="0" errors="0" time="0.376">
    <testcase time="0.254999999999995" classname="table_args" name="basic_table_args_returns_empty_basic_table_args_with_empty_inputs"/>
    <testcase time="0.000999999999990564" classname="table_args" name="basic_table_args_returns_empty_basic_table_args_with_empty_inputs"/>
    <testcase time="0.00500000000000966" classname="table_args" name="basic_table_args_function_returns_list_of_the_basic_table_args_class"/>
    <testcase time="0.00300000000000011" classname="table_args" name="basic_table_args_rtables_arguments_validation_correct_input"/>
    <testcase time="0.00699999999999079" classname="table_args" name="basic_table_args_rtables_arguments_validation_incorrect_input"/>
    <testcase time="0.00300000000000011" classname="table_args" name="resolve_basic_table_args_returns_empty_basic_table_args_with_empty_input"/>
    <testcase time="0.007000000000005" classname="table_args" name="resolve_basic_table_args_error_with_empty_list_as_need_a_basic_table_args_class"/>
    <testcase time="0.00300000000000011" classname="table_args" name="resolve_basic_table_args_need_a_basic_table_args_class_or_NULL_for_each_of_its_arguments"/>
    <testcase time="0.00199999999999534" classname="table_args" name="resolve_basic_table_args_need_a_basic_table_args_class_or_NULL_for_each_of_its_arguments"/>
    <testcase time="0.00300000000000011" classname="table_args" name="resolve_basic_table_args_returns_empty_basic_table_args_with_any_list_input_in_basic_table_args"/>
    <testcase time="0.00199999999999534" classname="table_args" name="resolve_basic_table_args_returns_empty_basic_table_args_with_any_list_input_in_basic_table_args"/>
    <testcase time="0.00800000000000978" classname="table_args" name="resolve_basic_table_args_error_with_any_list_or_NULL_input_in_its_arguments_when_it_is_not_only_one"/>
    <testcase time="0.00600000000000023" classname="table_args" name="resolve_basic_table_args_error_with_any_list_or_NULL_input_in_its_arguments_when_it_is_not_only_one"/>
    <testcase time="0.00499999999999545" classname="table_args" name="resolve_basic_table_args_error_with_any_list_or_NULL_input_in_its_arguments_when_it_is_not_only_one"/>
    <testcase time="0.00400000000000489" classname="table_args" name="resolve_basic_table_args_support_NULL_inputs"/>
    <testcase time="0.00499999999999545" classname="table_args" name="resolve_basic_table_args_returns_object_of_basic_table_args_and_list_classes"/>
    <testcase time="0.00300000000000011" classname="table_args" name="resolve_basic_table_args_returns_object_of_basic_table_args_and_list_classes"/>
    <testcase time="0.007000000000005" classname="table_args" name="parse_basic_table_args_throws_error_with_empty_list"/>
    <testcase time="0.00399999999999068" classname="table_args" name="parse_basic_table_args_returns_language_object_of_empty_rtables_basic_table_call"/>
    <testcase time="0.00100000000000477" classname="table_args" name="parse_basic_table_args_returns_language_object_of_empty_rtables_basic_table_call"/>
    <testcase time="0.00199999999999534" classname="table_args" name="parse_basic_table_args_returns_language_object_of_empty_rtables_basic_table_call"/>
    <testcase time="0.00400000000000489" classname="table_args" name="resolve_basic_table_args_uses_input_from_only_end_user_provided_basic_table_args_source"/>
    <testcase time="0.00100000000000477" classname="table_args" name="resolve_basic_table_args_uses_input_from_only_end_user_provided_basic_table_args_source"/>
    <testcase time="0.00199999999999534" classname="table_args" name="resolve_basic_table_args_uses_input_from_only_end_user_provided_basic_table_args_source"/>
    <testcase time="0.00300000000000011" classname="table_args" name="parse_basic_table_args_when_resolve_basic_table_args_uses_inputfrom_only_end_user_provided_basic_table_args_source"/>
    <testcase time="0.00199999999999534" classname="table_args" name="parse_basic_table_args_when_resolve_basic_table_args_uses_inputfrom_only_end_user_provided_basic_table_args_source"/>
    <testcase time="0.0180000000000007" classname="table_args" name="resolve_basic_table_args_refers_to_global_teal.basic_table_args_options_with_empty_input"/>
    <testcase time="0.00300000000000011" classname="table_args" name="parse_basic_table_args_when_resolve_basic_table_args_refers_to_global_teal.basic_table_argsoptions_with_empty_input"/>
    <testcase time="0.00400000000000489" classname="table_args" name="resolve_basic_table_args_prioritizes_input_in_the_order_user_table_user_default_teal.basic_table_args_and_module_plot"/>
    <testcase time="0.00300000000000011" classname="table_args" name="parse_basic_table_args_when_resolve_basic_table_args_prioritizes_input_in_the_order_user_table_user_default_teal.basic_table_args_and_module_plot"/>
  </testsuite>
  <testsuite name="table_with_settings" timestamp="2025-08-01T10:53:14Z" hostname="55592c319809" tests="28" skipped="0" failures="0" errors="0" time="2.478">
    <testcase time="0.0190000000000055" classname="table_with_settings" name="table_with_settings_srv_assertions"/>
    <testcase time="0.0119999999999862" classname="table_with_settings" name="table_with_settings_srv_assertions"/>
    <testcase time="0.235000000000014" classname="table_with_settings" name="table_with_settings_srv_hiding_works"/>
    <testcase time="0.108999999999995" classname="table_with_settings" name="table_with_settings_srv_return_html_table"/>
    <testcase time="0.00400000000000489" classname="table_with_settings" name="table_with_settings_srv_return_html_table"/>
    <testcase time="0.102999999999994" classname="table_with_settings" name="table_with_settings_srv_expand_works"/>
    <testcase time="0.0879999999999939" classname="table_with_settings" name="type_download_srv_table_downloading_different_output_types_custom_name"/>
    <testcase time="0.102000000000004" classname="table_with_settings" name="type_download_srv_table_downloading_different_output_types_custom_name"/>
    <testcase time="0.046999999999997" classname="table_with_settings" name="type_download_srv_table_downloading_different_output_types_custom_name"/>
    <testcase time="0.0250000000000057" classname="table_with_settings" name="type_download_srv_table_downloading_different_output_types_custom_name"/>
    <testcase time="0.0479999999999876" classname="table_with_settings" name="type_download_srv_table_downloading_different_output_types_custom_name"/>
    <testcase time="0.0370000000000061" classname="table_with_settings" name="type_download_srv_table_downloading_different_output_types_custom_name"/>
    <testcase time="0.0879999999999939" classname="table_with_settings" name="type_download_srv_table_downloading_different_output_types_no_name"/>
    <testcase time="0.034000000000006" classname="table_with_settings" name="type_download_srv_table_downloading_different_output_types_no_name"/>
    <testcase time="0.046999999999997" classname="table_with_settings" name="type_download_srv_table_downloading_different_output_types_no_name"/>
    <testcase time="0.0260000000000105" classname="table_with_settings" name="type_download_srv_table_downloading_different_output_types_no_name"/>
    <testcase time="0.0459999999999923" classname="table_with_settings" name="type_download_srv_table_downloading_different_output_types_no_name"/>
    <testcase time="0.034000000000006" classname="table_with_settings" name="type_download_srv_table_downloading_different_output_types_no_name"/>
    <testcase time="0.185999999999993" classname="table_with_settings" name="type_download_srv_table_downloading_different_output_types_pagination"/>
    <testcase time="0.0880000000000081" classname="table_with_settings" name="type_download_srv_table_downloading_different_output_types_pagination"/>
    <testcase time="0.159999999999997" classname="table_with_settings" name="type_download_srv_table_downloading_different_output_types_pagination"/>
    <testcase time="0.0249999999999915" classname="table_with_settings" name="type_download_srv_table_downloading_different_output_types_pagination"/>
    <testcase time="0.150000000000006" classname="table_with_settings" name="type_download_srv_table_downloading_different_output_types_pagination"/>
    <testcase time="0.0889999999999986" classname="table_with_settings" name="type_download_srv_table_downloading_different_output_types_pagination"/>
    <testcase time="0.167000000000002" classname="table_with_settings" name="type_download_srv_table_pagination_lpp_to_small"/>
    <testcase time="0.266999999999996" classname="table_with_settings" name="type_download_srv_table_pagination_lpp_to_small"/>
    <testcase time="0.0690000000000026" classname="table_with_settings" name="type_download_srv_table_content_of_the_table_csv"/>
    <testcase time="0.173000000000002" classname="table_with_settings" name="type_download_srv_table_content_of_the_table_txt"/>
  </testsuite>
  <testsuite name="table_with_settings_ui" timestamp="2025-08-01T10:53:16Z" hostname="55592c319809" tests="56" skipped="0" failures="0" errors="0" time="32.622">
    <testcase time="0.019999999999996" classname="table_with_settings_ui" name="table_with_settings_ui_returns_shiny.tag_"/>
    <testcase time="3.03200000000001" classname="table_with_settings_ui" name="e2e_teal.widgets_table_with_settings_is_initialized_with_2_buttons_and_a_table"/>
    <testcase time="0.00599999999998602" classname="table_with_settings_ui" name="e2e_teal.widgets_table_with_settings_is_initialized_with_2_buttons_and_a_table"/>
    <testcase time="3.12700000000001" classname="table_with_settings_ui" name="e2e_teal.widgets_table_with_settings_the_click_on_the_download_button_opens_a_download_menu_with_file_type_file_name_and_download_button"/>
    <testcase time="0.00499999999999545" classname="table_with_settings_ui" name="e2e_teal.widgets_table_with_settings_the_click_on_the_download_button_opens_a_download_menu_with_file_type_file_name_and_download_button"/>
    <testcase time="0.00600000000000023" classname="table_with_settings_ui" name="e2e_teal.widgets_table_with_settings_the_click_on_the_download_button_opens_a_download_menu_with_file_type_file_name_and_download_button"/>
    <testcase time="0.677000000000007" classname="table_with_settings_ui" name="e2e_teal.widgets_table_with_settings_the_click_on_the_download_button_opens_a_download_menu_with_file_type_file_name_and_download_button"/>
    <testcase time="0.00999999999999091" classname="table_with_settings_ui" name="e2e_teal.widgets_table_with_settings_the_click_on_the_download_button_opens_a_download_menu_with_file_type_file_name_and_download_button"/>
    <testcase time="0.00400000000000489" classname="table_with_settings_ui" name="e2e_teal.widgets_table_with_settings_the_click_on_the_download_button_opens_a_download_menu_with_file_type_file_name_and_download_button"/>
    <testcase time="0.000999999999990564" classname="table_with_settings_ui" name="e2e_teal.widgets_table_with_settings_the_click_on_the_download_button_opens_a_download_menu_with_file_type_file_name_and_download_button"/>
    <testcase time="0.00100000000000477" classname="table_with_settings_ui" name="e2e_teal.widgets_table_with_settings_the_click_on_the_download_button_opens_a_download_menu_with_file_type_file_name_and_download_button"/>
    <testcase time="0.00400000000000489" classname="table_with_settings_ui" name="e2e_teal.widgets_table_with_settings_the_click_on_the_download_button_opens_a_download_menu_with_file_type_file_name_and_download_button"/>
    <testcase time="0.183999999999997" classname="table_with_settings_ui" name="e2e_teal.widgets_table_with_settings_the_click_on_the_download_button_opens_a_download_menu_with_file_type_file_name_and_download_button"/>
    <testcase time="0.00699999999999079" classname="table_with_settings_ui" name="e2e_teal.widgets_table_with_settings_the_click_on_the_download_button_opens_a_download_menu_with_file_type_file_name_and_download_button"/>
    <testcase time="0.00200000000000955" classname="table_with_settings_ui" name="e2e_teal.widgets_table_with_settings_the_click_on_the_download_button_opens_a_download_menu_with_file_type_file_name_and_download_button"/>
    <testcase time="3.761" classname="table_with_settings_ui" name="e2e_teal.widgets_table_with_settings_check_pagination_appearance_for_.txt_and_disappearance_for_.csv_for_the_first_button"/>
    <testcase time="0.00199999999999534" classname="table_with_settings_ui" name="e2e_teal.widgets_table_with_settings_check_pagination_appearance_for_.txt_and_disappearance_for_.csv_for_the_first_button"/>
    <testcase time="0.602000000000004" classname="table_with_settings_ui" name="e2e_teal.widgets_table_with_settings_check_pagination_appearance_for_.txt_and_disappearance_for_.csv_for_the_first_button"/>
    <testcase time="3.074" classname="table_with_settings_ui" name="e2e_teal.widgets_table_with_settings_the_click_on_expand_button_opens_a_modal_with_a_table"/>
    <testcase time="0.00600000000000023" classname="table_with_settings_ui" name="e2e_teal.widgets_table_with_settings_the_click_on_expand_button_opens_a_modal_with_a_table"/>
    <testcase time="0.518000000000001" classname="table_with_settings_ui" name="e2e_teal.widgets_table_with_settings_the_click_on_expand_button_opens_a_modal_with_a_table"/>
    <testcase time="0.00100000000000477" classname="table_with_settings_ui" name="e2e_teal.widgets_table_with_settings_the_click_on_expand_button_opens_a_modal_with_a_table"/>
    <testcase time="0.00100000000000477" classname="table_with_settings_ui" name="e2e_teal.widgets_table_with_settings_the_click_on_expand_button_opens_a_modal_with_a_table"/>
    <testcase time="0.00199999999999534" classname="table_with_settings_ui" name="e2e_teal.widgets_table_with_settings_the_click_on_expand_button_opens_a_modal_with_a_table"/>
    <testcase time="0.00100000000000477" classname="table_with_settings_ui" name="e2e_teal.widgets_table_with_settings_the_click_on_expand_button_opens_a_modal_with_a_table"/>
    <testcase time="0.00600000000000023" classname="table_with_settings_ui" name="e2e_teal.widgets_table_with_settings_the_click_on_expand_button_opens_a_modal_with_a_table"/>
    <testcase time="0.514999999999986" classname="table_with_settings_ui" name="e2e_teal.widgets_table_with_settings_the_click_on_expand_button_opens_a_modal_with_a_table"/>
    <testcase time="0.00500000000000966" classname="table_with_settings_ui" name="e2e_teal.widgets_table_with_settings_the_click_on_expand_button_opens_a_modal_with_a_table"/>
    <testcase time="0.000999999999990564" classname="table_with_settings_ui" name="e2e_teal.widgets_table_with_settings_the_click_on_expand_button_opens_a_modal_with_a_table"/>
    <testcase time="0.00100000000000477" classname="table_with_settings_ui" name="e2e_teal.widgets_table_with_settings_the_click_on_expand_button_opens_a_modal_with_a_table"/>
    <testcase time="0.00100000000000477" classname="table_with_settings_ui" name="e2e_teal.widgets_table_with_settings_the_click_on_expand_button_opens_a_modal_with_a_table"/>
    <testcase time="0.00199999999999534" classname="table_with_settings_ui" name="e2e_teal.widgets_table_with_settings_the_click_on_expand_button_opens_a_modal_with_a_table"/>
    <testcase time="4.29600000000001" classname="table_with_settings_ui" name="e2e_teal.widgets_table_with_settings_clicking_download_in_an_expand_modal_opens_dropdown_menu_with_dwnl_settings_such_as_file_type_file_name_pagination"/>
    <testcase time="0.012999999999991" classname="table_with_settings_ui" name="e2e_teal.widgets_table_with_settings_clicking_download_in_an_expand_modal_opens_dropdown_menu_with_dwnl_settings_such_as_file_type_file_name_pagination"/>
    <testcase time="0.00500000000000966" classname="table_with_settings_ui" name="e2e_teal.widgets_table_with_settings_clicking_download_in_an_expand_modal_opens_dropdown_menu_with_dwnl_settings_such_as_file_type_file_name_pagination"/>
    <testcase time="0.000999999999990564" classname="table_with_settings_ui" name="e2e_teal.widgets_table_with_settings_clicking_download_in_an_expand_modal_opens_dropdown_menu_with_dwnl_settings_such_as_file_type_file_name_pagination"/>
    <testcase time="0.00100000000000477" classname="table_with_settings_ui" name="e2e_teal.widgets_table_with_settings_clicking_download_in_an_expand_modal_opens_dropdown_menu_with_dwnl_settings_such_as_file_type_file_name_pagination"/>
    <testcase time="0.00499999999999545" classname="table_with_settings_ui" name="e2e_teal.widgets_table_with_settings_clicking_download_in_an_expand_modal_opens_dropdown_menu_with_dwnl_settings_such_as_file_type_file_name_pagination"/>
    <testcase time="0.180999999999997" classname="table_with_settings_ui" name="e2e_teal.widgets_table_with_settings_clicking_download_in_an_expand_modal_opens_dropdown_menu_with_dwnl_settings_such_as_file_type_file_name_pagination"/>
    <testcase time="0.007000000000005" classname="table_with_settings_ui" name="e2e_teal.widgets_table_with_settings_clicking_download_in_an_expand_modal_opens_dropdown_menu_with_dwnl_settings_such_as_file_type_file_name_pagination"/>
    <testcase time="0.00600000000000023" classname="table_with_settings_ui" name="e2e_teal.widgets_table_with_settings_clicking_download_in_an_expand_modal_opens_dropdown_menu_with_dwnl_settings_such_as_file_type_file_name_pagination"/>
    <testcase time="0.00199999999999534" classname="table_with_settings_ui" name="e2e_teal.widgets_table_with_settings_clicking_download_in_an_expand_modal_opens_dropdown_menu_with_dwnl_settings_such_as_file_type_file_name_pagination"/>
    <testcase time="4.26900000000001" classname="table_with_settings_ui" name="e2e_teal.widgets_table_with_settings_check_pagination_appearance_for_.txt_and_disappearance_for_.csv_for_the_modal_on_the_second_button"/>
    <testcase time="0.00199999999999534" classname="table_with_settings_ui" name="e2e_teal.widgets_table_with_settings_check_pagination_appearance_for_.txt_and_disappearance_for_.csv_for_the_modal_on_the_second_button"/>
    <testcase time="3.879" classname="table_with_settings_ui" name="e2e_teal.widgets_table_with_settings_clicking_download_download_button_downloads_table_in_a_specified_format"/>
    <testcase time="0.00100000000000477" classname="table_with_settings_ui" name="e2e_teal.widgets_table_with_settings_clicking_download_download_button_downloads_table_in_a_specified_format"/>
    <testcase time="0.00199999999999534" classname="table_with_settings_ui" name="e2e_teal.widgets_table_with_settings_clicking_download_download_button_downloads_table_in_a_specified_format"/>
    <testcase time="0.00100000000000477" classname="table_with_settings_ui" name="e2e_teal.widgets_table_with_settings_clicking_download_download_button_downloads_table_in_a_specified_format"/>
    <testcase time="0.000999999999990564" classname="table_with_settings_ui" name="e2e_teal.widgets_table_with_settings_clicking_download_download_button_downloads_table_in_a_specified_format"/>
    <testcase time="0.00200000000000955" classname="table_with_settings_ui" name="e2e_teal.widgets_table_with_settings_clicking_download_download_button_downloads_table_in_a_specified_format"/>
    <testcase time="4.35599999999999" classname="table_with_settings_ui" name="e2e_teal.widgets_table_with_settings_expanded_table_can_be_downloaded"/>
    <testcase time="0.00199999999999534" classname="table_with_settings_ui" name="e2e_teal.widgets_table_with_settings_expanded_table_can_be_downloaded"/>
    <testcase time="0.00100000000000477" classname="table_with_settings_ui" name="e2e_teal.widgets_table_with_settings_expanded_table_can_be_downloaded"/>
    <testcase time="0.00100000000000477" classname="table_with_settings_ui" name="e2e_teal.widgets_table_with_settings_expanded_table_can_be_downloaded"/>
    <testcase time="0.00199999999999534" classname="table_with_settings_ui" name="e2e_teal.widgets_table_with_settings_expanded_table_can_be_downloaded"/>
    <testcase time="0.00100000000000477" classname="table_with_settings_ui" name="e2e_teal.widgets_table_with_settings_expanded_table_can_be_downloaded"/>
  </testsuite>
  <testsuite name="utils" timestamp="2025-08-01T10:53:49Z" hostname="55592c319809" tests="4" skipped="0" failures="0" errors="0" time="0.096">
    <testcase time="0.0799999999999983" classname="utils" name="apply_plot_modifications_Modify_ggplot_object_with_dblclicking_enabled"/>
    <testcase time="0.00499999999999545" classname="utils" name="apply_plot_modifications_Modify_ggplot_object_with_dblclicking_disabled"/>
    <testcase time="0.00499999999999545" classname="utils" name="apply_plot_modifications_Modify_grob_object"/>
    <testcase time="0.00600000000000023" classname="utils" name="apply_plot_modifications_Do_not_modify_plot_object"/>
  </testsuite>
  <testsuite name="verbatim_popup" timestamp="2025-08-01T10:53:49Z" hostname="55592c319809" tests="20" skipped="0" failures="0" errors="0" time="0.31">
    <testcase time="0.00800000000000978" classname="verbatim_popup" name="format_content_returns_a_shiny_reactive_when_passed_a_string"/>
    <testcase time="0.00499999999999545" classname="verbatim_popup" name="format_content_returns_a_shiny_reactive_when_passed_an_expression"/>
    <testcase time="0.007000000000005" classname="verbatim_popup" name="format_content_returns_a_shiny_reactive_when_passed_a_reactive"/>
    <testcase time="0.00999999999999091" classname="verbatim_popup" name="format_content_returns_a_reactive_when_passed_a_condition"/>
    <testcase time="0.00500000000000966" classname="verbatim_popup" name="format_content_returns_a_reactive_when_passed_a_reactive_holding_a_condition"/>
    <testcase time="0.00399999999999068" classname="verbatim_popup" name="format_content_concatenates_the_passed_array_of_strings"/>
    <testcase time="0.00400000000000489" classname="verbatim_popup" name="format_content_concatenates_the_passed_array_of_expressions"/>
    <testcase time="0.007000000000005" classname="verbatim_popup" name="format_content_concatenates_the_passed_array_of_string_inside_a_reactive"/>
    <testcase time="0.162999999999997" classname="verbatim_popup" name="format_content_returns_a_reactive_storing_a_styled_string_when_passed_an_expression_character_or_reactive_when_style_TRUE"/>
    <testcase time="0.0330000000000013" classname="verbatim_popup" name="format_content_returns_a_reactive_storing_a_styled_string_when_passed_an_expression_character_or_reactive_when_style_TRUE"/>
    <testcase time="0.00799999999999557" classname="verbatim_popup" name="format_content_returns_a_reactive_storing_a_styled_string_when_passed_an_expression_character_or_reactive_when_style_TRUE"/>
    <testcase time="0.007000000000005" classname="verbatim_popup" name="button_click_observer_returns_an_observer"/>
    <testcase time="0.00600000000000023" classname="verbatim_popup" name="verbatim_popup_ui_returns_a_tag_list"/>
    <testcase time="0.00499999999999545" classname="verbatim_popup" name="verbatim_popup_ui_returns_a_tag_list"/>
    <testcase time="0.00600000000000023" classname="verbatim_popup" name="verbatim_popup_ui_with_type_not_equal_to_button_or_link_throws_error"/>
    <testcase time="0.00600000000000023" classname="verbatim_popup" name="verbatim_popup_ui_with_type_not_equal_to_button_or_link_throws_error"/>
    <testcase time="0.00600000000000023" classname="verbatim_popup" name="verbatim_popup_ui_with_type_button_produces_a_button"/>
    <testcase time="0.00799999999999557" classname="verbatim_popup" name="verbatim_popup_ui_with_type_button_produces_a_button"/>
    <testcase time="0.00600000000000023" classname="verbatim_popup" name="verbatim_popup_ui_with_type_link_produces_a_button_with_a_class_link"/>
    <testcase time="0.00600000000000023" classname="verbatim_popup" name="verbatim_popup_ui_with_type_link_produces_a_button_with_a_class_link"/>
  </testsuite>
  <testsuite name="verbatim_popup_ui" timestamp="2025-08-01T10:53:49Z" hostname="55592c319809" tests="9" skipped="0" failures="0" errors="0" time="3.474">
    <testcase time="0.00900000000000034" classname="verbatim_popup_ui" name="verbatim_popup_ui_returns_shiny.tag.list_"/>
    <testcase time="0.00300000000000011" classname="verbatim_popup_ui" name="verbatim_popup_ui_returns_shiny.tag.list_"/>
    <testcase time="0.290000000000006" classname="verbatim_popup_ui" name="e2e_teal.widgets_verbatim_popup_is_initialized_with_a_button_that_opens_a_modal_with_a_verbatim_text"/>
    <testcase time="2.042" classname="verbatim_popup_ui" name="e2e_teal.widgets_verbatim_popup_is_initialized_with_a_button_that_opens_a_modal_with_a_verbatim_text"/>
    <testcase time="0.560999999999993" classname="verbatim_popup_ui" name="e2e_teal.widgets_verbatim_popup_is_initialized_with_a_button_that_opens_a_modal_with_a_verbatim_text"/>
    <testcase time="0.00500000000000966" classname="verbatim_popup_ui" name="e2e_teal.widgets_verbatim_popup_is_initialized_with_a_button_that_opens_a_modal_with_a_verbatim_text"/>
    <testcase time="0.00399999999999068" classname="verbatim_popup_ui" name="e2e_teal.widgets_verbatim_popup_is_initialized_with_a_button_that_opens_a_modal_with_a_verbatim_text"/>
    <testcase time="0.00499999999999545" classname="verbatim_popup_ui" name="e2e_teal.widgets_verbatim_popup_is_initialized_with_a_button_that_opens_a_modal_with_a_verbatim_text"/>
    <testcase time="0.555000000000007" classname="verbatim_popup_ui" name="e2e_teal.widgets_verbatim_popup_is_initialized_with_a_button_that_opens_a_modal_with_a_verbatim_text"/>
  </testsuite>
</testsuites>
