<?xml version="1.0" encoding="UTF-8"?>
<testsuites>
  <testsuite name="ggplot2_args" timestamp="2023-08-21T16:16:35Z" hostname="6e8c55230ca0" tests="33" skipped="0" failures="0" errors="0" time="0.696">
    <testcase time="0.39" classname="ggplot2_args" name="ggplot2_args_no_error_with_empty_inputs"/>
    <testcase time="0.0290000000000001" classname="ggplot2_args" name="ggplot2_args_no_error_with_empty_inputs"/>
    <testcase time="0.0189999999999999" classname="ggplot2_args" name="ggplot2_args_no_error_with_empty_inputs"/>
    <testcase time="0.002" classname="ggplot2_args" name="ggplot2_args_no_error_with_empty_inputs"/>
    <testcase time="0.002" classname="ggplot2_args" name="ggplot2_args_no_error_with_empty_inputs"/>
    <testcase time="0.002" classname="ggplot2_args" name="ggplot2_args_no_error_with_empty_inputs"/>
    <testcase time="0.0210000000000001" classname="ggplot2_args" name="ggplot2_args_function_returns_object_of_ggplot2_args_and_list_classes"/>
    <testcase time="0.01" classname="ggplot2_args" name="ggplot2_args_accepts_named_lists_for_arguments_labs_and_theme"/>
    <testcase time="0.018" classname="ggplot2_args" name="ggplot2_args_throws_error_when_argument_name_is_not_valid."/>
    <testcase time="0.0089999999999999" classname="ggplot2_args" name="ggplot2_args_throws_error_when_argument_name_is_not_valid."/>
    <testcase time="0.00900000000000012" classname="ggplot2_args" name="resolve_ggplot2_args_accepts_empty_inputs"/>
    <testcase time="0.0089999999999999" classname="ggplot2_args" name="resolve_ggplot2_args_support_NULL_inputs"/>
    <testcase time="0.0150000000000001" classname="ggplot2_args" name="resolve_ggplot2_args_throws_error_with_empty_list"/>
    <testcase time="0.0129999999999999" classname="ggplot2_args" name="resolve_ggplot2_args_function_returns_object_of_ggplot2_args_and_list_classes"/>
    <testcase time="0.014" classname="ggplot2_args" name="parse_ggplot2_args_accepts_empty_inputs"/>
    <testcase time="0.002" classname="ggplot2_args" name="parse_ggplot2_args_accepts_empty_inputs"/>
    <testcase time="0.016" classname="ggplot2_args" name="parse_ggplot2_args_throws_error_with_empty_list"/>
    <testcase time="0.00800000000000001" classname="ggplot2_args" name="parse_ggplot2_args_accepts_an_empty_ggplot2_args_as_minimum_requirement."/>
    <testcase time="0.00900000000000012" classname="ggplot2_args" name="resolve_ggplot2_args_uses_input_from_only_end_user_provided_ggplot2_args_source"/>
    <testcase time="0.00299999999999989" classname="ggplot2_args" name="resolve_ggplot2_args_uses_input_from_only_end_user_provided_ggplot2_args_source"/>
    <testcase time="0.002" classname="ggplot2_args" name="resolve_ggplot2_args_uses_input_from_only_end_user_provided_ggplot2_args_source"/>
    <testcase time="0.00900000000000012" classname="ggplot2_args" name="parse_ggplot2_args_when_resolve_ggplot2_args_uses_input_from_only_end_user_provided_ggplot2_args_source"/>
    <testcase time="0.00299999999999989" classname="ggplot2_args" name="parse_ggplot2_args_when_resolve_ggplot2_args_uses_input_from_only_end_user_provided_ggplot2_args_source"/>
    <testcase time="0.00800000000000001" classname="ggplot2_args" name="resolve_ggplot2_args_prioritizes_user_plot_input_over_user_default_input."/>
    <testcase time="0.0089999999999999" classname="ggplot2_args" name="parse_ggplot2_args_when_resolve_ggplot2_args_prioritizes_user_plot_input_over_user_default_input."/>
    <testcase time="0.00900000000000012" classname="ggplot2_args" name="resolve_ggplot2_args_refers_to_global_teal.ggplot2_args_options_with_empty_input"/>
    <testcase time="0.01" classname="ggplot2_args" name="parse_ggplot2_args_when_resolve_ggplot2_args_refers_to_global_teal.ggplot2_args_options_with_empty_input"/>
    <testcase time="0.012" classname="ggplot2_args" name="parse_ggplot2_args_deparse_needed_to_expand_ggplot2_objects_like_element_blank"/>
    <testcase time="0.0069999999999999" classname="ggplot2_args" name="parse_ggplot2_args_deparse_needed_to_expand_ggplot2_objects_like_element_blank"/>
    <testcase time="0.01" classname="ggplot2_args" name="resolve_ggplot2_args_priorotizes_input_in_the_order_user_plot_user_default_teal.ggplot2_args_and_module_plot"/>
    <testcase time="0.0129999999999999" classname="ggplot2_args" name="parse_ggplot2_args_when_resolve_ggplot2_args_priorotizes_input_in_the_order_user_plot_user_default_teal.ggplot2_args_and_module_plot"/>
    <testcase time="0.002" classname="ggplot2_args" name="parse_ggplot2_args_when_resolve_ggplot2_args_priorotizes_input_in_the_order_user_plot_user_default_teal.ggplot2_args_and_module_plot"/>
    <testcase time="0.002" classname="ggplot2_args" name="parse_ggplot2_args_when_resolve_ggplot2_args_priorotizes_input_in_the_order_user_plot_user_default_teal.ggplot2_args_and_module_plot"/>
  </testsuite>
  <testsuite name="optionalInput" timestamp="2023-08-21T16:16:36Z" hostname="6e8c55230ca0" tests="7" skipped="0" failures="0" errors="0" time="0.173">
    <testcase time="0.109" classname="optionalInput" name="optionalSliderInput_single_value"/>
    <testcase time="0.0150000000000001" classname="optionalInput" name="optionalSliderInput_single_value_out_of_range"/>
    <testcase time="0.0089999999999999" classname="optionalInput" name="optionalSliderInput_double_value"/>
    <testcase time="0.022" classname="optionalInput" name="optionalSliderInput_double_value_out_of_range"/>
    <testcase time="0.012" classname="optionalInput" name="optionalSliderInput_min_max_NA"/>
    <testcase time="0.00300000000000011" classname="optionalInput" name="optionalSliderInput_min_max_NA"/>
    <testcase time="0.00299999999999989" classname="optionalInput" name="optionalSliderInput_min_max_NA"/>
  </testsuite>
  <testsuite name="plot_with_settings" timestamp="2023-08-21T16:16:36Z" hostname="6e8c55230ca0" tests="72" skipped="0" failures="0" errors="0" time="6.052">
    <testcase time="0.04" classname="plot_with_settings" name="if_teal.plot_dpi_is_not_set_then_get_plot_dpi_returns_72_"/>
    <testcase time="0.00800000000000001" classname="plot_with_settings" name="if_teal.plot_dpi_is_an_integer_value_at_least_24_then_get_plot_dpi_returns_its_value"/>
    <testcase time="0.002" classname="plot_with_settings" name="if_teal.plot_dpi_is_an_integer_value_at_least_24_then_get_plot_dpi_returns_its_value"/>
    <testcase time="0.00099999999999989" classname="plot_with_settings" name="if_teal.plot_dpi_is_an_integer_value_at_least_24_then_get_plot_dpi_returns_its_value"/>
    <testcase time="0.002" classname="plot_with_settings" name="if_teal.plot_dpi_is_an_integer_value_at_least_24_then_get_plot_dpi_returns_its_value"/>
    <testcase time="0.00900000000000012" classname="plot_with_settings" name="if_teal.plot_dpi_is_an_integer_value_less_24_then_get_plot_dpi_returns_72"/>
    <testcase time="0.002" classname="plot_with_settings" name="if_teal.plot_dpi_is_an_integer_value_less_24_then_get_plot_dpi_returns_72"/>
    <testcase time="0.002" classname="plot_with_settings" name="if_teal.plot_dpi_is_an_integer_value_less_24_then_get_plot_dpi_returns_72"/>
    <testcase time="0.002" classname="plot_with_settings" name="if_teal.plot_dpi_is_an_integer_value_less_24_then_get_plot_dpi_returns_72"/>
    <testcase time="0.00800000000000001" classname="plot_with_settings" name="if_teal.plot_dpi_is_not_an_integer_value_then_get_plot_dpi_returns_72"/>
    <testcase time="0.002" classname="plot_with_settings" name="if_teal.plot_dpi_is_not_an_integer_value_then_get_plot_dpi_returns_72"/>
    <testcase time="0.00299999999999989" classname="plot_with_settings" name="if_teal.plot_dpi_is_not_an_integer_value_then_get_plot_dpi_returns_72"/>
    <testcase time="0.002" classname="plot_with_settings" name="if_teal.plot_dpi_is_not_an_integer_value_then_get_plot_dpi_returns_72"/>
    <testcase time="0.413" classname="plot_with_settings" name="print_plot_is_able_to_plot_different_types_of_graphics"/>
    <testcase time="0.093" classname="plot_with_settings" name="print_plot_is_able_to_plot_different_types_of_graphics"/>
    <testcase time="0.187" classname="plot_with_settings" name="print_plot_is_able_to_plot_different_types_of_graphics"/>
    <testcase time="0.00800000000000001" classname="plot_with_settings" name="print_plot_is_able_to_plot_different_types_of_graphics"/>
    <testcase time="0.012" classname="plot_with_settings" name="print_plot_is_able_to_plot_different_types_of_graphics"/>
    <testcase time="0.00800000000000001" classname="plot_with_settings" name="print_plot_is_able_to_plot_different_types_of_graphics"/>
    <testcase time="0.0220000000000002" classname="plot_with_settings" name="clean_brushedPoints_returns_error_with_wrong_input"/>
    <testcase time="0.0089999999999999" classname="plot_with_settings" name="clean_brushedPoints_returns_error_with_wrong_input"/>
    <testcase time="0.0089999999999999" classname="plot_with_settings" name="clean_brushedPoints_returns_error_with_wrong_input"/>
    <testcase time="0.0100000000000002" classname="plot_with_settings" name="clean_brushedPoints_returns_a_data_frame_with_minimal_correct_input"/>
    <testcase time="0.00800000000000001" classname="plot_with_settings" name="clean_brushedPoints_removal_of_NA_points"/>
    <testcase time="0.004" classname="plot_with_settings" name="clean_brushedPoints_removal_of_NA_points"/>
    <testcase time="0.004" classname="plot_with_settings" name="clean_brushedPoints_removal_of_NA_points"/>
    <testcase time="0.509" classname="plot_with_settings" name="type_download_srv_download_all_types_of_files_with_default_name"/>
    <testcase time="0.0089999999999999" classname="plot_with_settings" name="type_download_srv_download_all_types_of_files_with_default_name"/>
    <testcase time="0.0190000000000001" classname="plot_with_settings" name="type_download_srv_download_all_types_of_files_with_default_name"/>
    <testcase time="0.00800000000000001" classname="plot_with_settings" name="type_download_srv_download_all_types_of_files_with_default_name"/>
    <testcase time="0.0249999999999999" classname="plot_with_settings" name="type_download_srv_download_all_types_of_files_with_default_name"/>
    <testcase time="0.0089999999999999" classname="plot_with_settings" name="type_download_srv_download_all_types_of_files_with_default_name"/>
    <testcase time="0.056" classname="plot_with_settings" name="type_download_srv_download_all_types_of_files_and_change_the_name"/>
    <testcase time="0.0129999999999999" classname="plot_with_settings" name="type_download_srv_download_all_types_of_files_and_change_the_name"/>
    <testcase time="0.0210000000000004" classname="plot_with_settings" name="type_download_srv_download_all_types_of_files_and_change_the_name"/>
    <testcase time="0.00699999999999967" classname="plot_with_settings" name="type_download_srv_download_all_types_of_files_and_change_the_name"/>
    <testcase time="0.0230000000000001" classname="plot_with_settings" name="type_download_srv_download_all_types_of_files_and_change_the_name"/>
    <testcase time="0.0089999999999999" classname="plot_with_settings" name="type_download_srv_download_all_types_of_files_and_change_the_name"/>
    <testcase time="0.052" classname="plot_with_settings" name="type_download_srv_downloads_a_png_file_with_different_dimensions"/>
    <testcase time="0.0489999999999999" classname="plot_with_settings" name="type_download_srv_downloads_a_png_file_using_default_dimensions_input_dimensions_are_NULL"/>
    <testcase time="0.0369999999999999" classname="plot_with_settings" name="plot_with_settings_srv_assert_error"/>
    <testcase time="0.0290000000000004" classname="plot_with_settings" name="plot_with_settings_srv_assert_error"/>
    <testcase time="0.0349999999999997" classname="plot_with_settings" name="plot_with_settings_srv_assert_error"/>
    <testcase time="0.0270000000000001" classname="plot_with_settings" name="plot_with_settings_srv_assert_error"/>
    <testcase time="0.0249999999999999" classname="plot_with_settings" name="plot_with_settings_srv_assert_error"/>
    <testcase time="0.0260000000000002" classname="plot_with_settings" name="plot_with_settings_srv_assert_error"/>
    <testcase time="0.0259999999999998" classname="plot_with_settings" name="plot_with_settings_srv_assert_error"/>
    <testcase time="0.024" classname="plot_with_settings" name="plot_with_settings_srv_assert_error"/>
    <testcase time="0.0260000000000002" classname="plot_with_settings" name="plot_with_settings_srv_assert_error"/>
    <testcase time="0.39" classname="plot_with_settings" name="plot_with_settings_srv_set_dimensions_and_download_a_png_file_base"/>
    <testcase time="0.0250000000000004" classname="plot_with_settings" name="plot_with_settings_srv_set_dimensions_and_download_a_png_file_base"/>
    <testcase time="0.487" classname="plot_with_settings" name="plot_with_settings_srv_set_dimensions_and_download_a_png_file_ggplot2"/>
    <testcase time="0.224" classname="plot_with_settings" name="plot_with_settings_srv_set_dimensions_and_download_a_png_file_ggplot2"/>
    <testcase time="0.656" classname="plot_with_settings" name="plot_with_settings_srv_set_dimensions_and_download_a_png_file_grob"/>
    <testcase time="0.156" classname="plot_with_settings" name="plot_with_settings_srv_set_dimensions_and_download_a_png_file_grob"/>
    <testcase time="0.312" classname="plot_with_settings" name="plot_with_settings_srv_set_dimensions_and_download_a_png_file_trellis"/>
    <testcase time="0.0609999999999999" classname="plot_with_settings" name="plot_with_settings_srv_set_dimensions_and_download_a_png_file_trellis"/>
    <testcase time="0.222" classname="plot_with_settings" name="plot_with_settings_srv_set_dimensions_and_download_a_png_file_WRONG_type"/>
    <testcase time="0.0219999999999994" classname="plot_with_settings" name="plot_with_settings_srv_set_dimensions_and_download_a_png_file_WRONG_type"/>
    <testcase time="0.275" classname="plot_with_settings" name="plot_with_settings_srv_expand_no_error"/>
    <testcase time="0.271" classname="plot_with_settings" name="plot_with_settings_srv_set_dimensions_and_download_a_png_file_from_modal"/>
    <testcase time="0.0289999999999999" classname="plot_with_settings" name="plot_with_settings_srv_set_dimensions_and_download_a_png_file_from_modal"/>
    <testcase time="0.26" classname="plot_with_settings" name="plot_with_settings_srv_returns_the_click_ggplot2_functionalities_metadata"/>
    <testcase time="0.00399999999999956" classname="plot_with_settings" name="plot_with_settings_srv_returns_the_click_ggplot2_functionalities_metadata"/>
    <testcase time="0.00400000000000045" classname="plot_with_settings" name="plot_with_settings_srv_returns_the_click_ggplot2_functionalities_metadata"/>
    <testcase time="0.00300000000000011" classname="plot_with_settings" name="plot_with_settings_srv_returns_the_click_ggplot2_functionalities_metadata"/>
    <testcase time="0.205" classname="plot_with_settings" name="plot_with_settings_srv_and_plot_type_reactive_types"/>
    <testcase time="0.0590000000000002" classname="plot_with_settings" name="plot_with_settings_srv_and_plot_type_reactive_types"/>
    <testcase time="0.255999999999999" classname="plot_with_settings" name="plot_with_settings_srv_and_plot_type_reactive_types"/>
    <testcase time="0.0630000000000006" classname="plot_with_settings" name="plot_with_settings_srv_and_plot_type_reactive_types"/>
    <testcase time="0.0759999999999996" classname="plot_with_settings" name="plot_with_settings_srv_and_plot_type_reactive_types"/>
    <testcase time="0.0579999999999998" classname="plot_with_settings" name="plot_with_settings_srv_and_plot_type_reactive_types"/>
  </testsuite>
  <testsuite name="plot_with_settings_ui" timestamp="2023-08-21T16:16:42Z" hostname="6e8c55230ca0" tests="6" skipped="0" failures="4" errors="0" time="9.787">
    <testcase time="0.0200000000000005" classname="plot_with_settings_ui" name="type_download_ui_returns_shiny.tag"/>
    <testcase time="0.0209999999999999" classname="plot_with_settings_ui" name="plot_with_settings_ui_returns_shiny.tag.list"/>
    <testcase time="7.232" classname="plot_with_settings_ui" name="Plot_with_settings_UI_screenshots">
      <failure type="failure" message="Snapshot of `file` to 'plot_with_settings_ui/pws-hidden.png' has changed ('test-plot_with_settings_ui.R:23:3')">Snapshot of `file` to 'plot_with_settings_ui/pws-hidden.png' has changed
* Download and unzip run artifact
* Copy 'tests/testthat/_snaps/plot_with_settings_ui/pws-hidden.new.png' to local test directory
* Run `testthat::snapshot_review('plot_with_settings_ui/')` to review changes
Backtrace:
    ▆
 1. └─app$expect_screenshot(...) at test-plot_with_settings_ui.R:23:2
 2.   └─shinytest2:::app_expect_screenshot_and_variant(...)
 3.     └─shinytest2:::app_expect_screenshot(self, private, ...)
 4.       └─shinytest2:::app__expect_snapshot_file(...)
 5.         ├─base::withCallingHandlers(...)
 6.         └─testthat::expect_snapshot_file(...)</failure>
    </testcase>
    <testcase time="0.838000000000001" classname="plot_with_settings_ui" name="Plot_with_settings_UI_screenshots">
      <failure type="failure" message="Snapshot of `file` to 'plot_with_settings_ui/pws-visible.png' has changed ('test-plot_with_settings_ui.R:27:3')">Snapshot of `file` to 'plot_with_settings_ui/pws-visible.png' has changed
* Download and unzip run artifact
* Copy 'tests/testthat/_snaps/plot_with_settings_ui/pws-visible.new.png' to local test directory
* Run `testthat::snapshot_review('plot_with_settings_ui/')` to review changes
Backtrace:
    ▆
 1. └─app$expect_screenshot(...) at test-plot_with_settings_ui.R:27:2
 2.   └─shinytest2:::app_expect_screenshot_and_variant(...)
 3.     └─shinytest2:::app_expect_screenshot(self, private, ...)
 4.       └─shinytest2:::app__expect_snapshot_file(...)
 5.         ├─base::withCallingHandlers(...)
 6.         └─testthat::expect_snapshot_file(...)</failure>
    </testcase>
    <testcase time="0.896999999999998" classname="plot_with_settings_ui" name="Plot_with_settings_UI_screenshots">
      <failure type="failure" message="Snapshot of `file` to 'plot_with_settings_ui/pws-download_menu.png' has changed ('test-plot_with_settings_ui.R:35:3')">Snapshot of `file` to 'plot_with_settings_ui/pws-download_menu.png' has changed
* Download and unzip run artifact
* Copy 'tests/testthat/_snaps/plot_with_settings_ui/pws-download_menu.new.png' to local test directory
* Run `testthat::snapshot_review('plot_with_settings_ui/')` to review changes
Backtrace:
    ▆
 1. └─app$expect_screenshot(...) at test-plot_with_settings_ui.R:35:2
 2.   └─shinytest2:::app_expect_screenshot_and_variant(...)
 3.     └─shinytest2:::app_expect_screenshot(self, private, ...)
 4.       └─shinytest2:::app__expect_snapshot_file(...)
 5.         ├─base::withCallingHandlers(...)
 6.         └─testthat::expect_snapshot_file(...)</failure>
    </testcase>
    <testcase time="0.779" classname="plot_with_settings_ui" name="Plot_with_settings_UI_screenshots">
      <failure type="failure" message="Snapshot of `file` to 'plot_with_settings_ui/pws-resize_menu.png' has changed ('test-plot_with_settings_ui.R:39:3')">Snapshot of `file` to 'plot_with_settings_ui/pws-resize_menu.png' has changed
* Download and unzip run artifact
* Copy 'tests/testthat/_snaps/plot_with_settings_ui/pws-resize_menu.new.png' to local test directory
* Run `testthat::snapshot_review('plot_with_settings_ui/')` to review changes
Backtrace:
    ▆
 1. └─app$expect_screenshot(...) at test-plot_with_settings_ui.R:39:2
 2.   └─shinytest2:::app_expect_screenshot_and_variant(...)
 3.     └─shinytest2:::app_expect_screenshot(self, private, ...)
 4.       └─shinytest2:::app__expect_snapshot_file(...)
 5.         ├─base::withCallingHandlers(...)
 6.         └─testthat::expect_snapshot_file(...)</failure>
    </testcase>
  </testsuite>
  <testsuite name="standard_layout" timestamp="2023-08-21T16:16:52Z" hostname="6e8c55230ca0" tests="11" skipped="0" failures="0" errors="0" time="0.223">
    <testcase time="0.140000000000001" classname="standard_layout" name="Input_validation"/>
    <testcase time="0.00799999999999912" classname="standard_layout" name="Input_validation"/>
    <testcase time="0.00800000000000267" classname="standard_layout" name="Input_validation"/>
    <testcase time="0.00900000000000034" classname="standard_layout" name="Input_validation"/>
    <testcase time="0.00799999999999912" classname="standard_layout" name="Input_validation"/>
    <testcase time="0.00799999999999912" classname="standard_layout" name="Input_validation"/>
    <testcase time="0.0120000000000005" classname="standard_layout" name="Basic_output"/>
    <testcase time="0.00600000000000023" classname="standard_layout" name="Basic_output"/>
    <testcase time="0.00799999999999912" classname="standard_layout" name="Basic_output"/>
    <testcase time="0.00700000000000145" classname="standard_layout" name="Basic_output"/>
    <testcase time="0.00900000000000034" classname="standard_layout" name="Basic_output"/>
  </testsuite>
  <testsuite name="table_args" timestamp="2023-08-21T16:16:52Z" hostname="6e8c55230ca0" tests="30" skipped="0" failures="0" errors="0" time="0.789">
    <testcase time="0.518999999999998" classname="table_args" name="basic_table_args_returns_empty_basic_table_args_with_empty_inputs"/>
    <testcase time="0.00199999999999889" classname="table_args" name="basic_table_args_returns_empty_basic_table_args_with_empty_inputs"/>
    <testcase time="0.0130000000000017" classname="table_args" name="basic_table_args_function_returns_list_of_the_basic_table_args_class"/>
    <testcase time="0.00799999999999912" classname="table_args" name="basic_table_args_rtables_arguments_validation_correct_input"/>
    <testcase time="0.0199999999999996" classname="table_args" name="basic_table_args_rtables_arguments_validation_incorrect_input"/>
    <testcase time="0.00900000000000034" classname="table_args" name="resolve_basic_table_args_returns_empty_basic_table_args_with_empty_input"/>
    <testcase time="0.0160000000000018" classname="table_args" name="resolve_basic_table_args_error_with_empty_list_as_need_a_basic_table_args_class"/>
    <testcase time="0.00900000000000034" classname="table_args" name="resolve_basic_table_args_need_a_basic_table_args_class_or_NULL_for_each_of_its_arguments"/>
    <testcase time="0.00199999999999889" classname="table_args" name="resolve_basic_table_args_need_a_basic_table_args_class_or_NULL_for_each_of_its_arguments"/>
    <testcase time="0.00799999999999912" classname="table_args" name="resolve_basic_table_args_returns_empty_basic_table_args_with_any_list_input_in_basic_table_args"/>
    <testcase time="0.00300000000000011" classname="table_args" name="resolve_basic_table_args_returns_empty_basic_table_args_with_any_list_input_in_basic_table_args"/>
    <testcase time="0.0210000000000008" classname="table_args" name="resolve_basic_table_args_error_with_any_list_or_NULL_input_in_its_arguments_when_it_is_not_only_one"/>
    <testcase time="0.0330000000000013" classname="table_args" name="resolve_basic_table_args_error_with_any_list_or_NULL_input_in_its_arguments_when_it_is_not_only_one"/>
    <testcase time="0.0119999999999969" classname="table_args" name="resolve_basic_table_args_error_with_any_list_or_NULL_input_in_its_arguments_when_it_is_not_only_one"/>
    <testcase time="0.0100000000000016" classname="table_args" name="resolve_basic_table_args_support_NULL_inputs"/>
    <testcase time="0.0120000000000005" classname="table_args" name="resolve_basic_table_args_returns_object_of_basic_table_args_and_list_classes"/>
    <testcase time="0.00600000000000023" classname="table_args" name="resolve_basic_table_args_returns_object_of_basic_table_args_and_list_classes"/>
    <testcase time="0.0159999999999982" classname="table_args" name="parse_basic_table_args_throws_error_with_empty_list"/>
    <testcase time="0.00800000000000267" classname="table_args" name="parse_basic_table_args_returns_language_object_of_empty_rtables_basic_table_call"/>
    <testcase time="0.00300000000000011" classname="table_args" name="parse_basic_table_args_returns_language_object_of_empty_rtables_basic_table_call"/>
    <testcase time="0.00199999999999889" classname="table_args" name="parse_basic_table_args_returns_language_object_of_empty_rtables_basic_table_call"/>
    <testcase time="0.00799999999999912" classname="table_args" name="resolve_basic_table_args_uses_input_from_only_end_user_provided_basic_table_args_source"/>
    <testcase time="0.00300000000000011" classname="table_args" name="resolve_basic_table_args_uses_input_from_only_end_user_provided_basic_table_args_source"/>
    <testcase time="0.00199999999999889" classname="table_args" name="resolve_basic_table_args_uses_input_from_only_end_user_provided_basic_table_args_source"/>
    <testcase time="0.00800000000000267" classname="table_args" name="parse_basic_table_args_when_resolve_basic_table_args_uses_inputfrom_only_end_user_provided_basic_table_args_source"/>
    <testcase time="0.00300000000000011" classname="table_args" name="parse_basic_table_args_when_resolve_basic_table_args_uses_inputfrom_only_end_user_provided_basic_table_args_source"/>
    <testcase time="0.00799999999999912" classname="table_args" name="resolve_basic_table_args_refers_to_global_teal.basic_table_args_options_with_empty_input"/>
    <testcase time="0.00900000000000034" classname="table_args" name="parse_basic_table_args_when_resolve_basic_table_args_refers_to_global_teal.basic_table_argsoptions_with_empty_input"/>
    <testcase time="0.00900000000000034" classname="table_args" name="resolve_basic_table_args_prioritizes_input_in_the_order_user_table_user_default_teal.basic_table_args_and_module_plot"/>
    <testcase time="0.0069999999999979" classname="table_args" name="parse_basic_table_args_when_resolve_basic_table_args_prioritizes_input_in_the_order_user_table_user_default_teal.basic_table_args_and_module_plot"/>
  </testsuite>
  <testsuite name="table_with_settings" timestamp="2023-08-21T16:16:53Z" hostname="6e8c55230ca0" tests="27" skipped="0" failures="0" errors="0" time="3.496">
    <testcase time="0.0350000000000001" classname="table_with_settings" name="table_with_settings_srv_assertions"/>
    <testcase time="0.0240000000000009" classname="table_with_settings" name="table_with_settings_srv_assertions"/>
    <testcase time="0.425999999999998" classname="table_with_settings" name="table_with_settings_srv_hiding_works"/>
    <testcase time="0.191000000000003" classname="table_with_settings" name="table_with_settings_srv_return_html_table"/>
    <testcase time="0.00600000000000023" classname="table_with_settings" name="table_with_settings_srv_return_html_table"/>
    <testcase time="0.218999999999998" classname="table_with_settings" name="table_with_settings_srv_expand_works"/>
    <testcase time="0.114000000000001" classname="table_with_settings" name="type_download_srv_table_downloading_different_output_types_custom_name"/>
    <testcase time="0.128" classname="table_with_settings" name="type_download_srv_table_downloading_different_output_types_custom_name"/>
    <testcase time="0.0650000000000013" classname="table_with_settings" name="type_download_srv_table_downloading_different_output_types_custom_name"/>
    <testcase time="0.0329999999999977" classname="table_with_settings" name="type_download_srv_table_downloading_different_output_types_custom_name"/>
    <testcase time="0.115000000000002" classname="table_with_settings" name="type_download_srv_table_downloading_different_output_types_custom_name"/>
    <testcase time="0.0719999999999992" classname="table_with_settings" name="type_download_srv_table_downloading_different_output_types_custom_name"/>
    <testcase time="0.100999999999999" classname="table_with_settings" name="type_download_srv_table_downloading_different_output_types_no_name"/>
    <testcase time="0.0350000000000001" classname="table_with_settings" name="type_download_srv_table_downloading_different_output_types_no_name"/>
    <testcase time="0.0670000000000002" classname="table_with_settings" name="type_download_srv_table_downloading_different_output_types_no_name"/>
    <testcase time="0.0429999999999993" classname="table_with_settings" name="type_download_srv_table_downloading_different_output_types_no_name"/>
    <testcase time="0.0910000000000011" classname="table_with_settings" name="type_download_srv_table_downloading_different_output_types_no_name"/>
    <testcase time="0.0679999999999978" classname="table_with_settings" name="type_download_srv_table_downloading_different_output_types_no_name"/>
    <testcase time="0.305" classname="table_with_settings" name="type_download_srv_table_downloading_different_output_types_pagination"/>
    <testcase time="0.129000000000001" classname="table_with_settings" name="type_download_srv_table_downloading_different_output_types_pagination"/>
    <testcase time="0.233000000000001" classname="table_with_settings" name="type_download_srv_table_downloading_different_output_types_pagination"/>
    <testcase time="0.0300000000000011" classname="table_with_settings" name="type_download_srv_table_downloading_different_output_types_pagination"/>
    <testcase time="0.215999999999998" classname="table_with_settings" name="type_download_srv_table_downloading_different_output_types_pagination"/>
    <testcase time="0.109999999999999" classname="table_with_settings" name="type_download_srv_table_downloading_different_output_types_pagination"/>
    <testcase time="0.277000000000001" classname="table_with_settings" name="type_download_srv_table_pagination_lpp_to_small"/>
    <testcase time="0.0920000000000023" classname="table_with_settings" name="type_download_srv_table_content_of_the_table_csv"/>
    <testcase time="0.270999999999997" classname="table_with_settings" name="type_download_srv_table_content_of_the_table_txt"/>
  </testsuite>
  <testsuite name="table_with_settings_ui" timestamp="2023-08-21T16:16:56Z" hostname="6e8c55230ca0" tests="1" skipped="0" failures="0" errors="0" time="4.59">
    <testcase time="4.59" classname="table_with_settings_ui" name="Table_with_settings_UI_screenshots"/>
  </testsuite>
  <testsuite name="utils" timestamp="2023-08-21T16:17:01Z" hostname="6e8c55230ca0" tests="5" skipped="0" failures="0" errors="0" time="0.19">
    <testcase time="0.133000000000003" classname="utils" name="get_bs_version"/>
    <testcase time="0.0169999999999995" classname="utils" name="apply_plot_modifications_Modify_ggplot_object_with_dblclicking_enabled"/>
    <testcase time="0.0129999999999981" classname="utils" name="apply_plot_modifications_Modify_ggplot_object_with_dblclicking_disabled"/>
    <testcase time="0.0160000000000018" classname="utils" name="apply_plot_modifications_Modify_grob_object"/>
    <testcase time="0.0109999999999992" classname="utils" name="apply_plot_modifications_Do_not_modify_plot_object"/>
  </testsuite>
  <testsuite name="verbatim_popup" timestamp="2023-08-21T16:17:01Z" hostname="6e8c55230ca0" tests="16" skipped="0" failures="0" errors="0" time="0.637">
    <testcase time="0.0199999999999996" classname="verbatim_popup" name="format_content_returns_a_shiny_reactive_when_passed_a_string"/>
    <testcase time="0.0139999999999993" classname="verbatim_popup" name="format_content_returns_a_shiny_reactive_when_passed_an_expression"/>
    <testcase time="0.0140000000000029" classname="verbatim_popup" name="format_content_returns_a_shiny_reactive_when_passed_a_reactive"/>
    <testcase time="0.0139999999999993" classname="verbatim_popup" name="format_content_returns_a_reactive_when_passed_a_condition"/>
    <testcase time="0.0259999999999998" classname="verbatim_popup" name="format_content_returns_a_reactive_when_passed_a_reactive_holding_a_condition"/>
    <testcase time="0.0109999999999992" classname="verbatim_popup" name="format_content_concatenates_the_passed_array_of_strings"/>
    <testcase time="0.00900000000000034" classname="verbatim_popup" name="format_content_concatenates_the_passed_array_of_expressions"/>
    <testcase time="0.0120000000000005" classname="verbatim_popup" name="format_content_concatenates_the_passed_array_of_string_inside_a_reactive"/>
    <testcase time="0.320999999999998" classname="verbatim_popup" name="format_content_returns_a_reactive_storing_a_styled_string_when_passed_an_expression_character_or_reactive_when_style_TRUE"/>
    <testcase time="0.0750000000000028" classname="verbatim_popup" name="format_content_returns_a_reactive_storing_a_styled_string_when_passed_an_expression_character_or_reactive_when_style_TRUE"/>
    <testcase time="0.0339999999999989" classname="verbatim_popup" name="format_content_returns_a_reactive_storing_a_styled_string_when_passed_an_expression_character_or_reactive_when_style_TRUE"/>
    <testcase time="0.0159999999999982" classname="verbatim_popup" name="button_click_observer_returns_an_observer"/>
    <testcase time="0.0169999999999995" classname="verbatim_popup" name="verbatim_popup_ui_returns_a_tag_list"/>
    <testcase time="0.0150000000000006" classname="verbatim_popup" name="verbatim_popup_ui_with_type_not_equal_to_button_or_link_throws_error"/>
    <testcase time="0.0199999999999996" classname="verbatim_popup" name="verbatim_popup_ui_with_type_button_produces_a_button"/>
    <testcase time="0.0190000000000019" classname="verbatim_popup" name="verbatim_popup_ui_with_type_link_produces_a_link"/>
  </testsuite>
</testsuites>
